        -:    0:Source:/home/runner/work/obol/obol/include/Inventor/threads/SbRWMutex.h
        -:    0:Graph:/tmp/obol_cov5/src/CMakeFiles/Obol.dir/Unity/unity_73_cxx.cxx.gcno
        -:    0:Data:/tmp/obol_cov5/src/CMakeFiles/Obol.dir/Unity/unity_73_cxx.cxx.gcda
        -:    0:Runs:510
        -:    1:#ifndef OBOL_SBRWMUTEX_H
        -:    2:#define OBOL_SBRWMUTEX_H
        -:    3:
        -:    4:/**************************************************************************\
        -:    5: * Copyright (c) Kongsberg Oil & Gas Technologies AS
        -:    6: * All rights reserved.
        -:    7: * 
        -:    8: * Redistribution and use in source and binary forms, with or without
        -:    9: * modification, are permitted provided that the following conditions are
        -:   10: * met:
        -:   11: * 
        -:   12: * Redistributions of source code must retain the above copyright notice,
        -:   13: * this list of conditions and the following disclaimer.
        -:   14: * 
        -:   15: * Redistributions in binary form must reproduce the above copyright
        -:   16: * notice, this list of conditions and the following disclaimer in the
        -:   17: * documentation and/or other materials provided with the distribution.
        -:   18: * 
        -:   19: * Neither the name of the copyright holder nor the names of its
        -:   20: * contributors may be used to endorse or promote products derived from
        -:   21: * this software without specific prior written permission.
        -:   22: * 
        -:   23: * THIS SOFTWARE IS PROVIDED BY THE COPYRIGHT HOLDERS AND CONTRIBUTORS
        -:   24: * "AS IS" AND ANY EXPRESS OR IMPLIED WARRANTIES, INCLUDING, BUT NOT
        -:   25: * LIMITED TO, THE IMPLIED WARRANTIES OF MERCHANTABILITY AND FITNESS FOR
        -:   26: * A PARTICULAR PURPOSE ARE DISCLAIMED. IN NO EVENT SHALL THE COPYRIGHT
        -:   27: * HOLDER OR CONTRIBUTORS BE LIABLE FOR ANY DIRECT, INDIRECT, INCIDENTAL,
        -:   28: * SPECIAL, EXEMPLARY, OR CONSEQUENTIAL DAMAGES (INCLUDING, BUT NOT
        -:   29: * LIMITED TO, PROCUREMENT OF SUBSTITUTE GOODS OR SERVICES; LOSS OF USE,
        -:   30: * DATA, OR PROFITS; OR BUSINESS INTERRUPTION) HOWEVER CAUSED AND ON ANY
        -:   31: * THEORY OF LIABILITY, WHETHER IN CONTRACT, STRICT LIABILITY, OR TORT
        -:   32: * (INCLUDING NEGLIGENCE OR OTHERWISE) ARISING IN ANY WAY OUT OF THE USE
        -:   33: * OF THIS SOFTWARE, EVEN IF ADVISED OF THE POSSIBILITY OF SUCH DAMAGE.
        -:   34:\**************************************************************************/
        -:   35:
        -:   36:#include <shared_mutex>
        -:   37:#include <mutex>
        -:   38:#include <condition_variable>
        -:   39:
        -:   40:class SbRWMutex {
        -:   41:public:
        -:   42:  enum Precedence {
        -:   43:    READ_PRECEDENCE,
        -:   44:    WRITE_PRECEDENCE
        -:   45:  };
        -:   46:
function _ZN9SbRWMutexC2ENS_10PrecedenceE called 0 returned 0% blocks executed 0%
    #####:   47:  SbRWMutex(Precedence policy) : precedence_policy(policy), 
    #####:   48:                                 active_readers(0), 
    #####:   49:                                 waiting_writers(0),
    #####:   50:                                 active_writer(false) {
call    0 never executed
call    1 never executed
call    2 never executed
    #####:   51:  }
function _ZN9SbRWMutexD2Ev called 0 returned 0% blocks executed 0%
    #####:   52:  ~SbRWMutex(void) = default;
call    0 never executed
call    1 never executed
        -:   53:
function _ZN9SbRWMutex9writeLockEv called 0 returned 0% blocks executed 0%
    #####:   54:  int writeLock(void) { 
    #####:   55:    std::unique_lock<std::mutex> lock(control_mutex);
call    0 never executed
branch  1 never executed (fallthrough)
branch  2 never executed (throw)
        -:   56:    
    #####:   57:    if (precedence_policy == WRITE_PRECEDENCE) {
branch  0 never executed (fallthrough)
branch  1 never executed
        -:   58:      // Writer precedence: block new readers when writers are waiting
    #####:   59:      waiting_writers++;
function _ZZN9SbRWMutex9writeLockEvENKUlvE_clEv called 0 returned 0% blocks executed 0%
    #####:   60:      writer_cv.wait(lock, [this] { 
call    0 never executed
branch  1 never executed (fallthrough)
branch  2 never executed (throw)
    #####:   61:        return !active_writer && active_readers == 0; 
branch  0 never executed (fallthrough)
branch  1 never executed
branch  2 never executed (fallthrough)
branch  3 never executed
        -:   62:      });
    #####:   63:      waiting_writers--;
        -:   64:    } else {
        -:   65:      // Reader precedence: writers wait for all current readers/writers
function _ZZN9SbRWMutex9writeLockEvENKUlvE0_clEv called 0 returned 0% blocks executed 0%
    #####:   66:      writer_cv.wait(lock, [this] { 
call    0 never executed
branch  1 never executed (fallthrough)
branch  2 never executed (throw)
    #####:   67:        return !active_writer && active_readers == 0; 
branch  0 never executed (fallthrough)
branch  1 never executed
branch  2 never executed (fallthrough)
branch  3 never executed
        -:   68:      });
        -:   69:    }
        -:   70:    
    #####:   71:    active_writer = true;
    #####:   72:    return 0; 
    #####:   73:  }
call    0 never executed
call    1 never executed
        -:   74:  
        -:   75:  SbBool tryWriteLock(void) { 
        -:   76:    std::lock_guard<std::mutex> lock(control_mutex);
        -:   77:    if (!active_writer && active_readers == 0) {
        -:   78:      active_writer = true;
        -:   79:      return TRUE;
        -:   80:    }
        -:   81:    return FALSE; 
        -:   82:  }
        -:   83:  
function _ZN9SbRWMutex11writeUnlockEv called 0 returned 0% blocks executed 0%
    #####:   84:  int writeUnlock(void) { 
    #####:   85:    std::lock_guard<std::mutex> lock(control_mutex);
call    0 never executed
branch  1 never executed (fallthrough)
branch  2 never executed (throw)
    #####:   86:    active_writer = false;
        -:   87:    
        -:   88:    // Notify writers first if we have WRITE_PRECEDENCE and waiting writers
    #####:   89:    if (precedence_policy == WRITE_PRECEDENCE && waiting_writers > 0) {
branch  0 never executed (fallthrough)
branch  1 never executed
branch  2 never executed (fallthrough)
branch  3 never executed
    #####:   90:      writer_cv.notify_one();
call    0 never executed
        -:   91:    } else {
        -:   92:      // Notify all readers first, then one writer
    #####:   93:      reader_cv.notify_all();
call    0 never executed
    #####:   94:      writer_cv.notify_one();
call    0 never executed
        -:   95:    }
    #####:   96:    return 0; 
    #####:   97:  }
call    0 never executed
        -:   98:  
function _ZN9SbRWMutex8readLockEv called 0 returned 0% blocks executed 0%
    #####:   99:  int readLock(void) { 
    #####:  100:    std::unique_lock<std::mutex> lock(control_mutex);
call    0 never executed
branch  1 never executed (fallthrough)
branch  2 never executed (throw)
        -:  101:    
    #####:  102:    if (precedence_policy == WRITE_PRECEDENCE) {
branch  0 never executed (fallthrough)
branch  1 never executed
        -:  103:      // With writer precedence, readers wait if writers are waiting or active
function _ZZN9SbRWMutex8readLockEvENKUlvE_clEv called 0 returned 0% blocks executed 0%
    #####:  104:      reader_cv.wait(lock, [this] { 
call    0 never executed
branch  1 never executed (fallthrough)
branch  2 never executed (throw)
    #####:  105:        return !active_writer && waiting_writers == 0; 
branch  0 never executed (fallthrough)
branch  1 never executed
branch  2 never executed (fallthrough)
branch  3 never executed
        -:  106:      });
        -:  107:    } else {
        -:  108:      // With reader precedence, readers only wait for active writers
function _ZZN9SbRWMutex8readLockEvENKUlvE0_clEv called 0 returned 0% blocks executed 0%
    #####:  109:      reader_cv.wait(lock, [this] { 
call    0 never executed
branch  1 never executed (fallthrough)
branch  2 never executed (throw)
    #####:  110:        return !active_writer; 
        -:  111:      });
        -:  112:    }
        -:  113:    
    #####:  114:    active_readers++;
    #####:  115:    return 0; 
    #####:  116:  }
call    0 never executed
call    1 never executed
        -:  117:  
        -:  118:  int tryReadLock(void) { 
        -:  119:    std::lock_guard<std::mutex> lock(control_mutex);
        -:  120:    
        -:  121:    if (precedence_policy == WRITE_PRECEDENCE) {
        -:  122:      // With writer precedence, fail if writer is active or waiting
        -:  123:      if (!active_writer && waiting_writers == 0) {
        -:  124:        active_readers++;
        -:  125:        return 0;
        -:  126:      }
        -:  127:    } else {
        -:  128:      // With reader precedence, only fail if writer is active
        -:  129:      if (!active_writer) {
        -:  130:        active_readers++;
        -:  131:        return 0;
        -:  132:      }
        -:  133:    }
        -:  134:    return 1;
        -:  135:  }
        -:  136:  
function _ZN9SbRWMutex10readUnlockEv called 0 returned 0% blocks executed 0%
    #####:  137:  int readUnlock(void) { 
    #####:  138:    std::lock_guard<std::mutex> lock(control_mutex);
call    0 never executed
branch  1 never executed (fallthrough)
branch  2 never executed (throw)
    #####:  139:    active_readers--;
        -:  140:    
    #####:  141:    if (active_readers == 0) {
branch  0 never executed (fallthrough)
branch  1 never executed
        -:  142:      // Last reader leaves, notify waiting writers
    #####:  143:      writer_cv.notify_one();
call    0 never executed
        -:  144:    }
    #####:  145:    return 0; 
    #####:  146:  }
call    0 never executed
        -:  147:
        -:  148:private:
        -:  149:  Precedence precedence_policy;
        -:  150:  std::mutex control_mutex;
        -:  151:  std::condition_variable reader_cv;
        -:  152:  std::condition_variable writer_cv;
        -:  153:  int active_readers;
        -:  154:  int waiting_writers;
        -:  155:  bool active_writer;
        -:  156:  
        -:  157:  // NOTE: Custom C++17 implementation to preserve precedence policy semantics.
        -:  158:  // std::shared_mutex doesn't provide explicit precedence control.
        -:  159:  // For C++20 migration: Consider std::jthread and std::barrier for further modernization.
        -:  160:};
        -:  161:
        -:  162:#endif // !OBOL_SBRWMUTEX_H
