        -:    0:Source:/home/runner/work/obol/obol/include/Inventor/SbString.h
        -:    0:Graph:/tmp/obol_cov5/src/CMakeFiles/Obol.dir/Unity/unity_73_cxx.cxx.gcno
        -:    0:Data:/tmp/obol_cov5/src/CMakeFiles/Obol.dir/Unity/unity_73_cxx.cxx.gcda
        -:    0:Runs:510
        -:    1:#ifndef OBOL_SBSTRING_H
        -:    2:#define OBOL_SBSTRING_H
        -:    3:
        -:    4:/**************************************************************************\
        -:    5: * Copyright (c) Kongsberg Oil & Gas Technologies AS
        -:    6: * All rights reserved.
        -:    7: * 
        -:    8: * Redistribution and use in source and binary forms, with or without
        -:    9: * modification, are permitted provided that the following conditions are
        -:   10: * met:
        -:   11: * 
        -:   12: * Redistributions of source code must retain the above copyright notice,
        -:   13: * this list of conditions and the following disclaimer.
        -:   14: * 
        -:   15: * Redistributions in binary form must reproduce the above copyright
        -:   16: * notice, this list of conditions and the following disclaimer in the
        -:   17: * documentation and/or other materials provided with the distribution.
        -:   18: * 
        -:   19: * Neither the name of the copyright holder nor the names of its
        -:   20: * contributors may be used to endorse or promote products derived from
        -:   21: * this software without specific prior written permission.
        -:   22: * 
        -:   23: * THIS SOFTWARE IS PROVIDED BY THE COPYRIGHT HOLDERS AND CONTRIBUTORS
        -:   24: * "AS IS" AND ANY EXPRESS OR IMPLIED WARRANTIES, INCLUDING, BUT NOT
        -:   25: * LIMITED TO, THE IMPLIED WARRANTIES OF MERCHANTABILITY AND FITNESS FOR
        -:   26: * A PARTICULAR PURPOSE ARE DISCLAIMED. IN NO EVENT SHALL THE COPYRIGHT
        -:   27: * HOLDER OR CONTRIBUTORS BE LIABLE FOR ANY DIRECT, INDIRECT, INCIDENTAL,
        -:   28: * SPECIAL, EXEMPLARY, OR CONSEQUENTIAL DAMAGES (INCLUDING, BUT NOT
        -:   29: * LIMITED TO, PROCUREMENT OF SUBSTITUTE GOODS OR SERVICES; LOSS OF USE,
        -:   30: * DATA, OR PROFITS; OR BUSINESS INTERRUPTION) HOWEVER CAUSED AND ON ANY
        -:   31: * THEORY OF LIABILITY, WHETHER IN CONTRACT, STRICT LIABILITY, OR TORT
        -:   32: * (INCLUDING NEGLIGENCE OR OTHERWISE) ARISING IN ANY WAY OUT OF THE USE
        -:   33: * OF THIS SOFTWARE, EVEN IF ADVISED OF THE POSSIBILITY OF SUCH DAMAGE.
        -:   34:\**************************************************************************/
        -:   35:
        -:   36:#include <cstdarg>
        -:   37:#include <cstdio>
        -:   38:#include <cstdint>
        -:   39:#include <string>
        -:   40:#include <cstring>
        -:   41:
        -:   42:#ifdef OBOL_INTERNAL
        -:   43: #define OBOL_ALLOW_SBINTLIST
        -:   44: #include <Inventor/lists/SbIntList.h>
        -:   45: #undef OBOL_ALLOW_SBINTLIST
        -:   46:#else
        -:   47: #include <Inventor/lists/SbIntList.h>
        -:   48:#endif // OBOL_INTERNAL
        -:   49:
        -:   50:// *************************************************************************
        -:   51:
        -:   52:class OBOL_DLL_API SbString {
        -:   53:public:
        -:   54:  SbString(void) = default;
        -:   55:
        -:   56:  SbString(const char * s) : str_(s ? s : "") {}
        -:   57:
        -:   58:  SbString(const wchar_t * s) {
        -:   59:    if (s) {
        -:   60:      // Simple conversion - just take low bytes for now
        -:   61:      // This is a basic fallback until proper UTF-8 conversion is needed
        -:   62:      std::wstring ws(s);
        -:   63:      str_.reserve(ws.length());
        -:   64:      for (wchar_t wc : ws) {
        -:   65:        if (wc <= 0xFF) {
        -:   66:          str_ += static_cast<char>(wc);
        -:   67:        } else {
        -:   68:          str_ += '?'; // Replace non-ASCII with placeholder
        -:   69:        }
        -:   70:      }
        -:   71:    }
        -:   72:  }
        -:   73:
        -:   74:  SbString(const char * s, int start, int end) {
        -:   75:    if (s && start >= 0) {
        -:   76:      std::string temp(s);
        -:   77:      if (end == -1) end = static_cast<int>(temp.length()) - 1;
        -:   78:      if (end >= start && start < static_cast<int>(temp.length())) {
        -:   79:        str_ = temp.substr(start, end - start + 1);
        -:   80:      }
        -:   81:    }
        -:   82:  }
        -:   83:
        -:   84:  SbString(const SbString & s) = default;
        -:   85:
        -:   86:  SbString(const int digits) : str_(std::to_string(digits)) {}
        -:   87:
        -:   88:  ~SbString() = default;
        -:   89:
        -:   90:  uint32_t hash(void) const { 
        -:   91:    std::hash<std::string> hasher;
        -:   92:    return static_cast<uint32_t>(hasher(str_));
        -:   93:  }
        -:   94:  
        -:   95:  static uint32_t hash(const char * s) { 
        -:   96:    std::hash<std::string> hasher;
        -:   97:    return static_cast<uint32_t>(hasher(s ? s : ""));
        -:   98:  }
        -:   99:
function _ZNK8SbString9getLengthEv called 0 returned 0% blocks executed 0%
    #####:  100:  int getLength(void) const { 
    #####:  101:    return static_cast<int>(str_.length());
call    0 never executed
        -:  102:  }
        -:  103:
        -:  104:  void makeEmpty(SbBool freeold = TRUE) {
        -:  105:    str_.clear();
        -:  106:  }
        -:  107:
function _ZNK8SbString9getStringEv called 0 returned 0% blocks executed 0%
    #####:  108:  const char * getString(void) const { return str_.c_str(); }
call    0 never executed
        -:  109:
        -:  110:  SbString getSubString(int startidx, int endidx = -1) const {
        -:  111:    if (startidx < 0) return SbString();
        -:  112:    
        -:  113:    std::string temp = str_;
        -:  114:    if (endidx == -1) endidx = static_cast<int>(temp.length()) - 1;
        -:  115:    
        -:  116:    if (startidx < static_cast<int>(temp.length()) && endidx >= startidx) {
        -:  117:      return SbString(temp.substr(startidx, endidx - startidx + 1).c_str());
        -:  118:    }
        -:  119:    return SbString();
        -:  120:  }
        -:  121:  
        -:  122:  void deleteSubString(int startidx, int endidx = -1) {
        -:  123:    if (startidx < 0) return;
        -:  124:    
        -:  125:    if (endidx == -1) endidx = static_cast<int>(str_.length()) - 1;
        -:  126:    
        -:  127:    if (startidx < static_cast<int>(str_.length()) && endidx >= startidx) {
        -:  128:      str_.erase(startidx, endidx - startidx + 1);
        -:  129:    }
        -:  130:  }
        -:  131:
        -:  132:  void addIntString(const int value) { str_ += std::to_string(value); }
        -:  133:
        -:  134:  char operator[](int index) const { 
        -:  135:    return (index >= 0 && index < static_cast<int>(str_.length())) ? str_[index] : '\0';
        -:  136:  }
        -:  137:
        -:  138:  SbString & operator=(const char * s) {
        -:  139:    str_ = s ? s : "";
        -:  140:    return *this;
        -:  141:  }
        -:  142:  
        -:  143:  SbString & operator=(const SbString & s) = default;
        -:  144:
        -:  145:  SbString & operator+=(const char * s) {
        -:  146:    if (s) str_ += s;
        -:  147:    return *this;
        -:  148:  }
        -:  149:  
        -:  150:  SbString & operator+=(const SbString & s) {
        -:  151:    str_ += s.str_;
        -:  152:    return *this;
        -:  153:  }
        -:  154:  
        -:  155:  SbString & operator+=(const char c) {
        -:  156:    str_ += c;
        -:  157:    return *this;
        -:  158:  }
        -:  159:
        -:  160:  int operator!(void) const { return str_.empty(); }
        -:  161:
        -:  162:  int compareSubString(const char * text, int offset = 0) const {
        -:  163:    if (!text || offset < 0 || offset >= static_cast<int>(str_.length())) {
        -:  164:      return text && *text ? -1 : 0;
        -:  165:    }
        -:  166:    
        -:  167:    std::string substr = str_.substr(offset, std::strlen(text));
        -:  168:    return substr.compare(text);
        -:  169:  }
        -:  170:
        -:  171:  SbString & sprintf(const char * formatstr, ...) {
        -:  172:    va_list args;
        -:  173:    va_start(args, formatstr);
        -:  174:    vsprintf(formatstr, args);
        -:  175:    va_end(args);
        -:  176:    return *this;
        -:  177:  }
        -:  178:  
        -:  179:  SbString & vsprintf(const char * formatstr, va_list args) {
        -:  180:    // Probe the required size using a copy of the va_list, so the
        -:  181:    // original remains valid for the actual formatting call.
        -:  182:    va_list args_copy;
        -:  183:    va_copy(args_copy, args);
        -:  184:    int size = std::vsnprintf(nullptr, 0, formatstr, args_copy);
        -:  185:    va_end(args_copy);
        -:  186:
        -:  187:    if (size > 0) {
        -:  188:      str_.resize(size + 1);
        -:  189:      std::vsnprintf(&str_[0], size + 1, formatstr, args);
        -:  190:      str_.resize(size); // Remove the null terminator
        -:  191:    } else {
        -:  192:      str_.clear();
        -:  193:    }
        -:  194:
        -:  195:    return *this;
        -:  196:  }
        -:  197:
        -:  198:  void apply(char (*func)(char input)) {
        -:  199:    std::transform(str_.begin(), str_.end(), str_.begin(), func);
        -:  200:  }
        -:  201:
        -:  202:  int find(const SbString & s) const;
        -:  203:  SbBool findAll(const SbString & s, SbIntList & found) const;
        -:  204:
        -:  205:  SbString lower() const;
        -:  206:  SbString upper() const;
        -:  207:
        -:  208:  void print(std::FILE * fp) const;
        -:  209:
        -:  210:  friend int operator==(const SbString & sbstr, const char * s);
        -:  211:  friend int operator==(const char * s, const SbString & sbstr);
        -:  212:  friend int operator==(const SbString & str1, const SbString & str2);
        -:  213:  friend int operator!=(const SbString & sbstr, const char * s);
        -:  214:  friend int operator!=(const char * s, const SbString & sbstr);
        -:  215:  friend int operator!=(const SbString & str1, const SbString & str2);
        -:  216:  friend int operator<(const SbString & sbstr, const char * s);
        -:  217:  friend int operator<(const char * s, const SbString & sbstr);
        -:  218:  friend int operator<(const SbString & str1, const SbString & str2);
        -:  219:  friend int operator>(const SbString & sbstr, const char * s);
        -:  220:  friend int operator>(const char * s, const SbString & sbstr);
        -:  221:  friend int operator>(const SbString & str1, const SbString & str2);
        -:  222:  friend const SbString operator+(const SbString & str1, const SbString & str2);
        -:  223:  friend const SbString operator+(const SbString & sbstr, const char * s);
        -:  224:  friend const SbString operator+(const char * s, const SbString & sbstr);
        -:  225:
        -:  226:private:
        -:  227:  std::string str_;
        -:  228:};
        -:  229:
        -:  230:inline int operator==(const SbString & sbstr, const char * s)
        -:  231:{ return (sbstr.str_.compare(s ? s : "") == 0); }
        -:  232:inline int operator==(const char * s, const SbString & sbstr)
        -:  233:{ return (sbstr.str_.compare(s ? s : "") == 0); }
        -:  234:inline int operator==(const SbString & str1, const SbString & str2)
        -:  235:{ return (str1.str_ == str2.str_); }
        -:  236:
        -:  237:inline int operator!=(const SbString & sbstr, const char * s)
        -:  238:{ return (sbstr.str_.compare(s ? s : "") != 0); }
        -:  239:inline int operator!=(const char * s, const SbString & sbstr)
        -:  240:{ return (sbstr.str_.compare(s ? s : "") != 0); }
        -:  241:inline int operator!=(const SbString & str1, const SbString & str2)
        -:  242:{ return (str1.str_ != str2.str_); }
        -:  243:
        -:  244:inline int operator<(const SbString & sbstr, const char * s)
        -:  245:{ return (sbstr.str_.compare(s ? s : "") < 0); }
        -:  246:inline int operator<(const char * s, const SbString & sbstr)
        -:  247:{ return ((s ? s : "") < sbstr.str_); }
        -:  248:inline int operator<(const SbString & str1, const SbString & str2)
        -:  249:{ return (str1.str_ < str2.str_); }
        -:  250:
        -:  251:inline int operator>(const SbString & sbstr, const char * s)
        -:  252:{ return (sbstr.str_.compare(s ? s : "") > 0); }
        -:  253:inline int operator>(const char * s, const SbString & sbstr)
        -:  254:{ return ((s ? s : "") > sbstr.str_); }
        -:  255:inline int operator>(const SbString & str1, const SbString & str2)
        -:  256:{ return (str1.str_ > str2.str_); }
        -:  257:
        -:  258:inline const SbString operator+(const SbString & str1, const SbString & str2)
        -:  259:{ 
        -:  260:  SbString newstr(str1);
        -:  261:  newstr += str2;
        -:  262:  return newstr;
        -:  263:}
        -:  264:inline const SbString operator+(const SbString & sbstr, const char * s)
        -:  265:{
        -:  266:  SbString newstr(sbstr);
        -:  267:  newstr += s;
        -:  268:  return newstr;
        -:  269:}
        -:  270:inline const SbString operator+(const char * s, const SbString & sbstr)
        -:  271:{
        -:  272:  SbString newstr(s);
        -:  273:  newstr += sbstr;
        -:  274:  return newstr;
        -:  275:}
        -:  276:
        -:  277:#endif // !OBOL_SBSTRING_H
