        -:    0:Source:/home/runner/work/obol/obol/include/Inventor/lists/SbStringList.h
        -:    0:Graph:/tmp/obol_cov5/src/CMakeFiles/Obol.dir/Unity/unity_73_cxx.cxx.gcno
        -:    0:Data:/tmp/obol_cov5/src/CMakeFiles/Obol.dir/Unity/unity_73_cxx.cxx.gcda
        -:    0:Runs:510
        -:    1:#ifndef OBOL_SBSTRINGLIST_H
        -:    2:#define OBOL_SBSTRINGLIST_H
        -:    3:
        -:    4:/**************************************************************************\
        -:    5: * Copyright (c) Kongsberg Oil & Gas Technologies AS
        -:    6: * All rights reserved.
        -:    7: * 
        -:    8: * Redistribution and use in source and binary forms, with or without
        -:    9: * modification, are permitted provided that the following conditions are
        -:   10: * met:
        -:   11: * 
        -:   12: * Redistributions of source code must retain the above copyright notice,
        -:   13: * this list of conditions and the following disclaimer.
        -:   14: * 
        -:   15: * Redistributions in binary form must reproduce the above copyright
        -:   16: * notice, this list of conditions and the following disclaimer in the
        -:   17: * documentation and/or other materials provided with the distribution.
        -:   18: * 
        -:   19: * Neither the name of the copyright holder nor the names of its
        -:   20: * contributors may be used to endorse or promote products derived from
        -:   21: * this software without specific prior written permission.
        -:   22: * 
        -:   23: * THIS SOFTWARE IS PROVIDED BY THE COPYRIGHT HOLDERS AND CONTRIBUTORS
        -:   24: * "AS IS" AND ANY EXPRESS OR IMPLIED WARRANTIES, INCLUDING, BUT NOT
        -:   25: * LIMITED TO, THE IMPLIED WARRANTIES OF MERCHANTABILITY AND FITNESS FOR
        -:   26: * A PARTICULAR PURPOSE ARE DISCLAIMED. IN NO EVENT SHALL THE COPYRIGHT
        -:   27: * HOLDER OR CONTRIBUTORS BE LIABLE FOR ANY DIRECT, INDIRECT, INCIDENTAL,
        -:   28: * SPECIAL, EXEMPLARY, OR CONSEQUENTIAL DAMAGES (INCLUDING, BUT NOT
        -:   29: * LIMITED TO, PROCUREMENT OF SUBSTITUTE GOODS OR SERVICES; LOSS OF USE,
        -:   30: * DATA, OR PROFITS; OR BUSINESS INTERRUPTION) HOWEVER CAUSED AND ON ANY
        -:   31: * THEORY OF LIABILITY, WHETHER IN CONTRACT, STRICT LIABILITY, OR TORT
        -:   32: * (INCLUDING NEGLIGENCE OR OTHERWISE) ARISING IN ANY WAY OUT OF THE USE
        -:   33: * OF THIS SOFTWARE, EVEN IF ADVISED OF THE POSSIBILITY OF SUCH DAMAGE.
        -:   34:\**************************************************************************/
        -:   35:
        -:   36:#include <Inventor/lists/SbPList.h>
        -:   37:
        -:   38:class SbString;
        -:   39:
        -:   40:class OBOL_DLL_API SbStringList : public SbPList {
        -:   41:public:
        -:   42:  SbStringList(void) { }
        -:   43:  SbStringList(const int sizehint) : SbPList(sizehint) { }
        -:   44:
        -:   45:  void append(SbString * string) {
        -:   46:    SbPList::append(static_cast<void *>(string));
        -:   47:  }
        -:   48:  int find(SbString * string) const {
        -:   49:    return SbPList::find(static_cast<void *>(string));
        -:   50:  }
        -:   51:  void insert(SbString * string, int insertbefore) {
        -:   52:    SbPList::insert(static_cast<void *>(string), insertbefore);
        -:   53:  }
        -:   54:  SbString *& operator[](const int idx) const {
        -:   55:    return reinterpret_cast<SbString*&> (this->SbPList::operator[](idx));
        -:   56:  }
function _ZNK12SbStringList11getArrayPtrEv called 0 returned 0% blocks executed 0%
    #####:   57:  const SbString ** getArrayPtr(void) const {
    #####:   58:    return const_cast<const SbString **>(reinterpret_cast<SbString **>(SbPList::getArrayPtr()));
call    0 never executed
        -:   59:  }
        -:   60:};
        -:   61:
        -:   62:#endif // !OBOL_SBSTRINGLIST_H
