        -:    0:Source:/home/runner/work/obol/obol/src/shapenodes/SoCylinder.cpp
        -:    0:Graph:/tmp/obol_cov5/src/CMakeFiles/Obol.dir/Unity/unity_73_cxx.cxx.gcno
        -:    0:Data:/tmp/obol_cov5/src/CMakeFiles/Obol.dir/Unity/unity_73_cxx.cxx.gcda
        -:    0:Runs:510
        -:    1:/**************************************************************************\
        -:    2: * Copyright (c) Kongsberg Oil & Gas Technologies AS
        -:    3: * All rights reserved.
        -:    4: * 
        -:    5: * Redistribution and use in source and binary forms, with or without
        -:    6: * modification, are permitted provided that the following conditions are
        -:    7: * met:
        -:    8: * 
        -:    9: * Redistributions of source code must retain the above copyright notice,
        -:   10: * this list of conditions and the following disclaimer.
        -:   11: * 
        -:   12: * Redistributions in binary form must reproduce the above copyright
        -:   13: * notice, this list of conditions and the following disclaimer in the
        -:   14: * documentation and/or other materials provided with the distribution.
        -:   15: * 
        -:   16: * Neither the name of the copyright holder nor the names of its
        -:   17: * contributors may be used to endorse or promote products derived from
        -:   18: * this software without specific prior written permission.
        -:   19: * 
        -:   20: * THIS SOFTWARE IS PROVIDED BY THE COPYRIGHT HOLDERS AND CONTRIBUTORS
        -:   21: * "AS IS" AND ANY EXPRESS OR IMPLIED WARRANTIES, INCLUDING, BUT NOT
        -:   22: * LIMITED TO, THE IMPLIED WARRANTIES OF MERCHANTABILITY AND FITNESS FOR
        -:   23: * A PARTICULAR PURPOSE ARE DISCLAIMED. IN NO EVENT SHALL THE COPYRIGHT
        -:   24: * HOLDER OR CONTRIBUTORS BE LIABLE FOR ANY DIRECT, INDIRECT, INCIDENTAL,
        -:   25: * SPECIAL, EXEMPLARY, OR CONSEQUENTIAL DAMAGES (INCLUDING, BUT NOT
        -:   26: * LIMITED TO, PROCUREMENT OF SUBSTITUTE GOODS OR SERVICES; LOSS OF USE,
        -:   27: * DATA, OR PROFITS; OR BUSINESS INTERRUPTION) HOWEVER CAUSED AND ON ANY
        -:   28: * THEORY OF LIABILITY, WHETHER IN CONTRACT, STRICT LIABILITY, OR TORT
        -:   29: * (INCLUDING NEGLIGENCE OR OTHERWISE) ARISING IN ANY WAY OUT OF THE USE
        -:   30: * OF THIS SOFTWARE, EVEN IF ADVISED OF THE POSSIBILITY OF SUCH DAMAGE.
        -:   31:\**************************************************************************/
        -:   32:
        -:   33:// Note: the class documentation for the basic primitive shapes
        -:   34:// SoSphere, SoCylinder, SoCone and SoCube have many common, or at
        -:   35:// least close to common, paragraphs. If you make any changes, check
        -:   36:// those other shapes too, to see if your updates / fixes should be
        -:   37:// migrated. <mortene@sim.no>.
        -:   38:/*!
        -:   39:  \class SoCylinder SoCylinder.h Inventor/nodes/SoCylinder.h
        -:   40:  \brief The SoCylinder class is for rendering cylinder shapes.
        -:   41:
        -:   42:  \ingroup coin_nodes
        -:   43:
        -:   44:  Insert a cylinder shape into the scene graph. The cylinder is
        -:   45:  rendered with the current material, texture and draw style settings
        -:   46:  (if any, otherwise the default settings are used).
        -:   47:
        -:   48:  The SoCylinder node class is provided as a convenient abstraction
        -:   49:  for the application programmer to use "complex" shapes of this type
        -:   50:  without having to do the tessellation to polygons and other low level
        -:   51:  programming herself.
        -:   52:
        -:   53:  A cylinder is visualized by the underlying rendering system by first
        -:   54:  tessellating the conceptual cylinder into a set of polygons. To
        -:   55:  control the trade-off between an as much as possible correct visual
        -:   56:  appearance of the cylinder versus fast rendering, use an
        -:   57:  SoComplexity node to influence the number of polygons generated from
        -:   58:  the tessellation process. (The higher the complexity value, the more
        -:   59:  polygons will be generated, the more \e rounded the sides of the
        -:   60:  cylinder will look.) Set the SoComplexity::value field to what you
        -:   61:  believe would be a good trade-off between correctness and speed for
        -:   62:  your particular application.
        -:   63:
        -:   64:  A nice trick for rendering a disc is to render an SoCylinder with
        -:   65:  SoCylinder::height set to zero:
        -:   66:
        -:   67:  \code
        -:   68:  #Inventor V2.1 ascii
        -:   69:
        -:   70:  ShapeHints { # to get two-sided lighting on the disc
        -:   71:     vertexOrdering COUNTERCLOCKWISE
        -:   72:     shapeType UNKNOWN_SHAPE_TYPE
        -:   73:  }
        -:   74:
        -:   75:  Cylinder {
        -:   76:     height 0
        -:   77:     parts TOP
        -:   78:  }
        -:   79:  \endcode
        -:   80:
        -:   81:  <b>FILE FORMAT/DEFAULTS:</b>
        -:   82:  \code
        -:   83:    Cylinder {
        -:   84:        radius 1
        -:   85:        height 2
        -:   86:        parts (SIDES | TOP | BOTTOM)
        -:   87:    }
        -:   88:  \endcode
        -:   89:
        -:   90:  \sa SoCone, SoSphere, SoCube
        -:   91:*/
        -:   92:
        -:   93:#include <Inventor/nodes/SoCylinder.h>
        -:   94:#include "config.h"
        -:   95:
        -:   96:#include <cmath>
        -:   97:
        -:   98:#if OBOL_DEBUG
        -:   99:#include <Inventor/errors/SoDebugError.h>
        -:  100:#endif // OBOL_DEBUG
        -:  101:#include <Inventor/SbCylinder.h>
        -:  102:#include <Inventor/SbPlane.h>
        -:  103:#include <Inventor/SoPickedPoint.h>
        -:  104:#include <Inventor/actions/SoGLRenderAction.h>
        -:  105:#include <Inventor/actions/SoGetPrimitiveCountAction.h>
        -:  106:#include <Inventor/actions/SoRayPickAction.h>
        -:  107:#include <Inventor/bundles/SoMaterialBundle.h>
        -:  108:#include <Inventor/details/SoCylinderDetail.h>
        -:  109:#include <Inventor/elements/SoComplexityTypeElement.h>
        -:  110:#include <Inventor/elements/SoMaterialBindingElement.h>
        -:  111:#include <Inventor/elements/SoGLMultiTextureEnabledElement.h>
        -:  112:#include <Inventor/elements/SoMultiTextureCoordinateElement.h>
        -:  113:#include <Inventor/misc/SoState.h>
        -:  114:
        -:  115:#include "nodes/SoSubNodeP.h"
        -:  116:#include "rendering/SoGL.h"
        -:  117:#include "misc/SoGenerate.h"
        -:  118:#include "misc/SoPick.h"
        -:  119:
        -:  120:#define CYL_SIDE_NUMTRIS 40.0f
        -:  121:
        -:  122:/*!
        -:  123:  \enum SoCylinder::Part
        -:  124:  Enumerates the various parts of the cylinder, for setting inclusion or
        -:  125:  exclusion from the shape.
        -:  126:*/
        -:  127:/*!
        -:  128:  \var SoCylinder::Part SoCylinder::SIDES
        -:  129:  Sides of cylinder.
        -:  130:*/
        -:  131:/*!
        -:  132:  \var SoCylinder::Part SoCylinder::TOP
        -:  133:  Top of cylinder.
        -:  134:*/
        -:  135:/*!
        -:  136:  \var SoCylinder::Part SoCylinder::BOTTOM
        -:  137:  Bottom of cylinder.
        -:  138:*/
        -:  139:/*!
        -:  140:  \var SoCylinder::Part SoCylinder::ALL
        -:  141:  All parts.
        -:  142:*/
        -:  143:
        -:  144:
        -:  145:/*!
        -:  146:  \var SoSFFloat SoCylinder::radius
        -:  147:  Radius of cylinder. Default value 1.0.
        -:  148:*/
        -:  149:/*!
        -:  150:  \var SoSFFloat SoCylinder::height
        -:  151:  Height of cylinder. Default is 2.0.
        -:  152:*/
        -:  153:/*!
        -:  154:  \var SoSFBitMask SoCylinder::parts
        -:  155:  Which parts to use for rendering, picking, etc.  Defaults to
        -:  156:  SoCylinder::ALL.
        -:  157:*/
        -:  158:
        -:  159:
        -:  160:// *************************************************************************
        -:  161:
    9980*:  162:SO_NODE_SOURCE(SoCylinder);
------------------
_ZN10SoCylinder14createInstanceEPv:
function _ZN10SoCylinder14createInstanceEPv called 145 returned 100% blocks executed 71%
      145:  162:SO_NODE_SOURCE(SoCylinder);
call    0 returned 145
call    1 returned 145
branch  2 taken 145 (fallthrough)
branch  3 taken 0 (throw)
branch  4 never executed (fallthrough)
branch  5 never executed
call    6 never executed
------------------
_ZN10SoCylinder14atexit_cleanupEv:
function _ZN10SoCylinder14atexit_cleanupEv called 0 returned 0% blocks executed 0%
    #####:  162:SO_NODE_SOURCE(SoCylinder);
branch  0 never executed (fallthrough)
branch  1 never executed
call    2 never executed
call    3 never executed
call    4 never executed
branch  5 never executed (fallthrough)
branch  6 never executed (throw)
call    7 never executed
branch  8 never executed (fallthrough)
branch  9 never executed (throw)
call   10 never executed
call   11 never executed
call   12 never executed
------------------
_ZNK10SoCylinder12getFieldDataEv:
function _ZNK10SoCylinder12getFieldDataEv called 163 returned 100% blocks executed 100%
      163:  162:SO_NODE_SOURCE(SoCylinder);
------------------
_ZN10SoCylinder15getFieldDataPtrEv:
function _ZN10SoCylinder15getFieldDataPtrEv called 0 returned 0% blocks executed 0%
    #####:  162:SO_NODE_SOURCE(SoCylinder);
------------------
_ZNK10SoCylinder9getTypeIdEv:
function _ZNK10SoCylinder9getTypeIdEv called 9155 returned 100% blocks executed 100%
     9155:  162:SO_NODE_SOURCE(SoCylinder);
------------------
_ZN10SoCylinder14getClassTypeIdEv:
function _ZN10SoCylinder14getClassTypeIdEv called 517 returned 100% blocks executed 100%
      517:  162:SO_NODE_SOURCE(SoCylinder);
------------------
        -:  163:
        -:  164:/*!
        -:  165:  Constructor.
        -:  166:*/
function _ZN10SoCylinderC2Ev called 223 returned 100% blocks executed 72%
      223:  167:SoCylinder::SoCylinder(void)
call    0 returned 223
call    1 returned 223
branch  2 taken 223 (fallthrough)
branch  3 taken 0 (throw)
call    4 returned 223
branch  5 taken 223 (fallthrough)
branch  6 taken 0 (throw)
call    7 returned 223
branch  8 taken 223 (fallthrough)
branch  9 taken 0 (throw)
        -:  168:{
     223*:  169:  SO_NODE_INTERNAL_CONSTRUCTOR(SoCylinder);
call    0 returned 223
branch  1 taken 223 (fallthrough)
branch  2 taken 0 (throw)
call    3 returned 223
branch  4 taken 223 (fallthrough)
branch  5 taken 0 (throw)
call    6 returned 223
branch  7 taken 223 (fallthrough)
branch  8 taken 0 (throw)
branch  9 taken 223 (fallthrough)
branch 10 taken 0
call   11 never executed
branch 12 taken 60 (fallthrough)
branch 13 taken 163
call   14 returned 60
branch 15 taken 60 (fallthrough)
branch 16 taken 0 (throw)
branch 17 taken 60 (fallthrough)
branch 18 taken 0
call   19 returned 60
branch 20 taken 60 (fallthrough)
branch 21 taken 0 (throw)
call   22 returned 223
branch 23 taken 223 (fallthrough)
branch 24 taken 0 (throw)
branch 25 never executed (fallthrough)
branch 26 never executed
call   27 never executed
        -:  170:
      223:  171:  SO_NODE_ADD_FIELD(radius, (1.0f));
call    0 returned 223
branch  1 taken 223 (fallthrough)
branch  2 taken 0 (throw)
call    3 returned 223
branch  4 taken 223 (fallthrough)
branch  5 taken 0 (throw)
call    6 returned 223
branch  7 taken 223 (fallthrough)
branch  8 taken 0 (throw)
      223:  172:  SO_NODE_ADD_FIELD(height, (2.0f));
call    0 returned 223
branch  1 taken 223 (fallthrough)
branch  2 taken 0 (throw)
call    3 returned 223
branch  4 taken 223 (fallthrough)
branch  5 taken 0 (throw)
call    6 returned 223
branch  7 taken 223 (fallthrough)
branch  8 taken 0 (throw)
      223:  173:  SO_NODE_ADD_FIELD(parts, (SoCylinder::ALL));
call    0 returned 223
branch  1 taken 223 (fallthrough)
branch  2 taken 0 (throw)
call    3 returned 223
branch  4 taken 223 (fallthrough)
branch  5 taken 0 (throw)
call    6 returned 223
branch  7 taken 223 (fallthrough)
branch  8 taken 0 (throw)
        -:  174:
      223:  175:  SO_NODE_DEFINE_ENUM_VALUE(Part, SIDES);
call    0 returned 223
branch  1 taken 223 (fallthrough)
branch  2 taken 0 (throw)
      223:  176:  SO_NODE_DEFINE_ENUM_VALUE(Part, TOP);
call    0 returned 223
branch  1 taken 223 (fallthrough)
branch  2 taken 0 (throw)
      223:  177:  SO_NODE_DEFINE_ENUM_VALUE(Part, BOTTOM);
call    0 returned 223
branch  1 taken 223 (fallthrough)
branch  2 taken 0 (throw)
      223:  178:  SO_NODE_DEFINE_ENUM_VALUE(Part, ALL);
call    0 returned 223
branch  1 taken 223 (fallthrough)
branch  2 taken 0 (throw)
      223:  179:  SO_NODE_SET_SF_ENUM_TYPE(parts, Part);
call    0 returned 223
branch  1 taken 223 (fallthrough)
branch  2 taken 0 (throw)
call    3 returned 223
branch  4 taken 223 (fallthrough)
branch  5 taken 0 (throw)
      223:  180:}
call    0 never executed
call    1 never executed
call    2 never executed
call    3 never executed
        -:  181:
        -:  182:/*!
        -:  183:  Destructor.
        -:  184:*/
      168:  185:SoCylinder::~SoCylinder()
        -:  186:{
      168:  187:}
------------------
_ZN10SoCylinderD0Ev:
function _ZN10SoCylinderD0Ev called 84 returned 100% blocks executed 100%
       84:  185:SoCylinder::~SoCylinder()
        -:  186:{
       84:  187:}
call    0 returned 84
call    1 returned 84
------------------
_ZN10SoCylinderD2Ev:
function _ZN10SoCylinderD2Ev called 84 returned 100% blocks executed 100%
       84:  185:SoCylinder::~SoCylinder()
        -:  186:{
       84:  187:}
call    0 returned 84
call    1 returned 84
call    2 returned 84
call    3 returned 84
------------------
        -:  188:
        -:  189:/*!
        -:  190:  \copydetails SoNode::initClass(void)
        -:  191:*/
        -:  192:void
function _ZN10SoCylinder9initClassEv called 510 returned 100% blocks executed 78%
      510:  193:SoCylinder::initClass(void)
        -:  194:{
     510*:  195:  SO_NODE_INTERNAL_INIT_CLASS(SoCylinder, SO_FROM_INVENTOR_1);
call    0 returned 510
call    1 returned 510
branch  2 taken 510 (fallthrough)
branch  3 taken 0
call    4 never executed
call    5 returned 510
branch  6 taken 510 (fallthrough)
branch  7 taken 0 (throw)
call    8 returned 510
branch  9 taken 510 (fallthrough)
branch 10 taken 0 (throw)
call   11 returned 510
branch 12 taken 510 (fallthrough)
branch 13 taken 0 (throw)
branch 14 taken 510 (fallthrough)
branch 15 taken 0
call   16 never executed
call   17 returned 510
call   18 returned 510
branch 19 taken 510 (fallthrough)
branch 20 taken 0 (throw)
call   21 returned 510
branch 22 taken 510 (fallthrough)
branch 23 taken 0 (throw)
call   24 returned 510
branch 25 taken 510 (fallthrough)
branch 26 taken 0 (throw)
call   27 returned 510
call   28 returned 510
call   29 returned 510
call   30 returned 510
call   31 returned 510
branch 32 taken 510 (fallthrough)
branch 33 taken 0 (throw)
call   34 returned 510
branch 35 taken 510 (fallthrough)
branch 36 taken 0 (throw)
call   37 never executed
call   38 never executed
call   39 never executed
      510:  196:}
        -:  197:
        -:  198:// Doc in parent.
        -:  199:void
function _ZN10SoCylinder11computeBBoxEP8SoActionR7SbBox3fR7SbVec3f called 402 returned 100% blocks executed 35%
      402:  200:SoCylinder::computeBBox(SoAction * OBOL_UNUSED_ARG(action), SbBox3f & box, SbVec3f & center)
        -:  201:{
        -:  202:
      402:  203:  float r = this->radius.getValue();
call    0 returned 402
      402:  204:  float h = this->height.getValue();
call    0 returned 402
        -:  205:
        -:  206:  // Allow negative values.
     402*:  207:  if (r < 0.0f) r = -r;
branch  0 taken 0 (fallthrough)
branch  1 taken 402
     402*:  208:  if (h < 0.0f) h = -h;
branch  0 taken 0 (fallthrough)
branch  1 taken 402
        -:  209:
        -:  210:  // Either the SIDES are present, or we've at least got both the TOP
        -:  211:  // and BOTTOM caps -- so just find the middle point and enclose
        -:  212:  // everything.
     402*:  213:  if (this->parts.getValue() & SoCylinder::SIDES ||
call    0 returned 402
branch  1 taken 0 (fallthrough)
branch  2 taken 402
branch  3 taken 402 (fallthrough)
branch  4 taken 0
    #####:  214:      (this->parts.getValue() & SoCylinder::BOTTOM &&
call    0 never executed
branch  1 never executed (fallthrough)
branch  2 never executed
    #####:  215:       this->parts.getValue() & SoCylinder::TOP)) {
call    0 never executed
branch  1 never executed (fallthrough)
branch  2 never executed
      402:  216:    center.setValue(0.0f, 0.0f, 0.0f);
call    0 returned 402
      402:  217:    box.setBounds(SbVec3f(-r, -h/2.0f, -r), SbVec3f(r, h/2.0f, r));
call    0 returned 402
call    1 returned 402
call    2 returned 402
        -:  218:  }
        -:  219:  // ..not a "full" cylinder, but we've got the BOTTOM cap.
    #####:  220:  else if (this->parts.getValue() & SoCylinder::BOTTOM) {
call    0 never executed
branch  1 never executed (fallthrough)
branch  2 never executed
    #####:  221:    center.setValue(0.0f, -h/2.0f, 0.0f);
call    0 never executed
    #####:  222:    box.setBounds(SbVec3f(-r, -h/2.0f, -r), SbVec3f(r, -h/2.0f, r));
call    0 never executed
call    1 never executed
call    2 never executed
        -:  223:  }
        -:  224:  // ..not a "full" cylinder, but we've got the TOP cap.
    #####:  225:  else if (this->parts.getValue() & SoCylinder::TOP) {
call    0 never executed
branch  1 never executed (fallthrough)
branch  2 never executed
    #####:  226:    center.setValue(0.0f, h/2.0f, 0.0f);
call    0 never executed
    #####:  227:    box.setBounds(SbVec3f(-r, h/2.0f, -r), SbVec3f(r, h/2.0f, r));
call    0 never executed
call    1 never executed
call    2 never executed
        -:  228:  }
        -:  229:  // ..no parts present. My confidence is shot -- I feel very small.
        -:  230:  else {
    #####:  231:    center.setValue(0.0f, 0.0f, 0.0f);
call    0 never executed
    #####:  232:    box.setBounds(SbVec3f(0.0f, 0.0f, 0.0f), SbVec3f(0.0f, 0.0f, 0.0f));
call    0 never executed
call    1 never executed
call    2 never executed
        -:  233:  }
      402:  234:}
        -:  235:
        -:  236:// Doc in parent.
        -:  237:void
function _ZN10SoCylinder8GLRenderEP16SoGLRenderAction called 347 returned 100% blocks executed 79%
      347:  238:SoCylinder::GLRender(SoGLRenderAction * action)
        -:  239:{
      347:  240:  if (!shouldGLRender(action)) return;
call    0 returned 347
branch  1 taken 347 (fallthrough)
branch  2 taken 0 (throw)
branch  3 taken 58 (fallthrough)
branch  4 taken 289
        -:  241:
      289:  242:  SoState * state = action->getState();
call    0 returned 289
branch  1 taken 289 (fallthrough)
branch  2 taken 0 (throw)
        -:  243:
      289:  244:  SoCylinder::Part p = (SoCylinder::Part) this->parts.getValue();
call    0 returned 289
branch  1 taken 289 (fallthrough)
branch  2 taken 0 (throw)
      289:  245:  SoMaterialBundle mb(action);
call    0 returned 289
branch  1 taken 289 (fallthrough)
branch  2 taken 0 (throw)
      289:  246:  mb.sendFirst();
call    0 returned 289
branch  1 taken 289 (fallthrough)
branch  2 taken 0 (throw)
        -:  247:
      289:  248:  unsigned int flags = SOGL_NEED_NORMALS;
      289:  249:  if (SoGLMultiTextureEnabledElement::get(state, 0)) {
call    0 returned 289
branch  1 taken 289 (fallthrough)
branch  2 taken 0 (throw)
branch  3 taken 0 (fallthrough)
branch  4 taken 289
    #####:  250:    if (SoGLMultiTextureEnabledElement::getMode(state, 0) ==
call    0 never executed
branch  1 never executed (fallthrough)
branch  2 never executed (throw)
branch  3 never executed (fallthrough)
branch  4 never executed
        -:  251:        SoMultiTextureEnabledElement::TEXTURE3D) {
    #####:  252:      flags |= SOGL_NEED_3DTEXCOORDS;
        -:  253:    }
        -:  254:    else {
    #####:  255:      flags |= SOGL_NEED_TEXCOORDS;
        -:  256:    }
        -:  257:  }
      289:  258:  if (p & SIDES) flags |= SOGL_RENDER_SIDE;
branch  0 taken 289 (fallthrough)
branch  1 taken 0
      289:  259:  if (p & TOP) flags |= SOGL_RENDER_TOP;
branch  0 taken 80 (fallthrough)
branch  1 taken 209
      289:  260:  if (p & BOTTOM) flags |= SOGL_RENDER_BOTTOM;
branch  0 taken 80 (fallthrough)
branch  1 taken 209
        -:  261:
        -:  262:  SoMaterialBindingElement::Binding bind =
      289:  263:    SoMaterialBindingElement::get(state);
call    0 returned 289
branch  1 taken 289 (fallthrough)
branch  2 taken 0 (throw)
      289:  264:  if (bind == SoMaterialBindingElement::PER_PART ||
branch  0 taken 289 (fallthrough)
branch  1 taken 0
branch  2 taken 0 (fallthrough)
branch  3 taken 289
        -:  265:      bind == SoMaterialBindingElement::PER_PART_INDEXED)
    #####:  266:    flags |= SOGL_MATERIAL_PER_PART;
        -:  267:
      289:  268:  float complexity = this->getComplexityValue(action);
call    0 returned 289
branch  1 taken 289 (fallthrough)
branch  2 taken 0 (throw)
        -:  269:
      289:  270:  sogl_render_cylinder(this->radius.getValue(),
call    0 returned 289
branch  1 taken 289 (fallthrough)
branch  2 taken 0 (throw)
call    3 returned 289
branch  4 taken 289 (fallthrough)
branch  5 taken 0 (throw)
        -:  271:                       this->height.getValue(),
      289:  272:                       (int)(CYL_SIDE_NUMTRIS * complexity),
call    0 returned 289
branch  1 taken 289 (fallthrough)
branch  2 taken 0 (throw)
        -:  273:                       &mb,
        -:  274:                       flags, state);
      289:  275:}
call    0 returned 289
call    1 never executed
        -:  276:
        -:  277:/*!
        -:  278:  Add a \a part to the cylinder.
        -:  279:
        -:  280:  \sa removePart(), hasPart()
        -:  281:*/
        -:  282:void
function _ZN10SoCylinder7addPartENS_4PartE called 0 returned 0% blocks executed 0%
    #####:  283:SoCylinder::addPart(SoCylinder::Part part)
        -:  284:{
    #####:  285:  if (this->hasPart(part)) {
call    0 never executed
branch  1 never executed (fallthrough)
branch  2 never executed
        -:  286:#if OBOL_DEBUG
    #####:  287:    SoDebugError::postWarning("SoCylinder::addPart", "part already set");
call    0 never executed
        -:  288:#endif // OBOL_DEBUG
    #####:  289:    return;
        -:  290:  }
        -:  291:
    #####:  292:  this->parts.setValue(this->parts.getValue() | part);
call    0 never executed
call    1 never executed
        -:  293:}
        -:  294:
        -:  295:/*!
        -:  296:  Remove a \a part from the cylinder.
        -:  297:
        -:  298:  \sa addPart(), hasPart()
        -:  299:*/
        -:  300:void
function _ZN10SoCylinder10removePartENS_4PartE called 0 returned 0% blocks executed 0%
    #####:  301:SoCylinder::removePart(SoCylinder::Part part)
        -:  302:{
    #####:  303:  if (!this->hasPart(part)) {
call    0 never executed
branch  1 never executed (fallthrough)
branch  2 never executed
        -:  304:#if OBOL_DEBUG
    #####:  305:    SoDebugError::postWarning("SoCylinder::removePart", "part was not set");
call    0 never executed
        -:  306:#endif // OBOL_DEBUG
    #####:  307:    return;
        -:  308:  }
        -:  309:
    #####:  310:  this->parts.setValue(this->parts.getValue() & ~part);
call    0 never executed
call    1 never executed
        -:  311:}
        -:  312:
        -:  313:/*!
        -:  314:  Returns \c TRUE if rendering of the given \a part is currently
        -:  315:  turned on.
        -:  316:
        -:  317:  \sa addPart(), removePart()
        -:  318:*/
        -:  319:SbBool
function _ZNK10SoCylinder7hasPartENS_4PartE called 0 returned 0% blocks executed 0%
    #####:  320:SoCylinder::hasPart(SoCylinder::Part part) const
        -:  321:{
    #####:  322:  return (this->parts.getValue() & part) ? TRUE : FALSE;
call    0 never executed
branch  1 never executed (fallthrough)
branch  2 never executed
        -:  323:}
        -:  324:
        -:  325:// Doc in parent.
        -:  326:void
function _ZN10SoCylinder7rayPickEP15SoRayPickAction called 230 returned 100% blocks executed 89%
      230:  327:SoCylinder::rayPick(SoRayPickAction * action)
        -:  328:{
     230*:  329:  if (!shouldRayPick(action)) return;
call    0 returned 230
branch  1 taken 0 (fallthrough)
branch  2 taken 230
        -:  330:
        -:  331:
      230:  332:  unsigned int flags = 0;
      230:  333:  SoCylinder::Part p = (SoCylinder::Part) this->parts.getValue();
call    0 returned 230
      230:  334:  if (p & SIDES) flags |= SOPICK_SIDES;
branch  0 taken 230 (fallthrough)
branch  1 taken 0
      230:  335:  if (p & TOP) flags |= SOPICK_TOP;
branch  0 taken 22 (fallthrough)
branch  1 taken 208
      230:  336:  if (p & BOTTOM) flags |= SOPICK_BOTTOM;
branch  0 taken 22 (fallthrough)
branch  1 taken 208
        -:  337:
        -:  338:  SoMaterialBindingElement::Binding bind =
      230:  339:    SoMaterialBindingElement::get(action->getState());
call    0 returned 230
call    1 returned 230
      230:  340:  if (bind == SoMaterialBindingElement::PER_PART ||
branch  0 taken 230 (fallthrough)
branch  1 taken 0
branch  2 taken 0 (fallthrough)
branch  3 taken 230
        -:  341:      bind == SoMaterialBindingElement::PER_PART_INDEXED)
    #####:  342:    flags |= SOPICK_MATERIAL_PER_PART;
        -:  343:
      230:  344:  sopick_pick_cylinder(this->radius.getValue(),
call    0 returned 230
call    1 returned 230
call    2 returned 230
        -:  345:                       this->height.getValue(),
        -:  346:                       flags,
        -:  347:                       this, action);
        -:  348:}
        -:  349:
        -:  350:// Doc in parent.
        -:  351:void
function _ZN10SoCylinder17getPrimitiveCountEP25SoGetPrimitiveCountAction called 3 returned 100% blocks executed 93%
        3:  352:SoCylinder::getPrimitiveCount(SoGetPrimitiveCountAction * action)
        -:  353:{
       3*:  354:  if (!this->shouldPrimitiveCount(action)) return;
call    0 returned 3
branch  1 taken 0 (fallthrough)
branch  2 taken 3
        -:  355:
        3:  356:  float complexity = this->getComplexityValue(action);
call    0 returned 3
        3:  357:  int numtris = (int)(complexity * CYL_SIDE_NUMTRIS);
        -:  358:
        3:  359:  if (this->parts.getValue() & SoCylinder::BOTTOM) {
call    0 returned 3
branch  1 taken 3 (fallthrough)
branch  2 taken 0
        3:  360:    action->addNumTriangles(numtris-2);
call    0 returned 3
        -:  361:  }
        3:  362:  if (this->parts.getValue() & SoCylinder::TOP) {
call    0 returned 3
branch  1 taken 3 (fallthrough)
branch  2 taken 0
        3:  363:    action->addNumTriangles(numtris-2);
call    0 returned 3
        -:  364:  }
        3:  365:  if (this->parts.getValue() & SoCylinder::SIDES) {
call    0 returned 3
branch  1 taken 3 (fallthrough)
branch  2 taken 0
        3:  366:    action->addNumTriangles(numtris * 2);
call    0 returned 3
        -:  367:  }
        -:  368:}
        -:  369:
        -:  370:// Doc in parent.
        -:  371:void
function _ZN10SoCylinder18generatePrimitivesEP8SoAction called 13 returned 100% blocks executed 94%
       13:  372:SoCylinder::generatePrimitives(SoAction * action)
        -:  373:{
       13:  374:  SoCylinder::Part p = (SoCylinder::Part) this->parts.getValue();
call    0 returned 13
       13:  375:  unsigned int flags = 0;
       13:  376:  if (p & SoCylinder::SIDES) flags |= SOGEN_GENERATE_SIDE;
branch  0 taken 13 (fallthrough)
branch  1 taken 0
       13:  377:  if (p & SoCylinder::BOTTOM) flags |= SOGEN_GENERATE_BOTTOM;
branch  0 taken 13 (fallthrough)
branch  1 taken 0
       13:  378:  if (p & SoCylinder::TOP) flags |= SOGEN_GENERATE_TOP;
branch  0 taken 13 (fallthrough)
branch  1 taken 0
        -:  379:
        -:  380:  SoMaterialBindingElement::Binding bind =
       13:  381:    SoMaterialBindingElement::get(action->getState());
call    0 returned 13
call    1 returned 13
       13:  382:  if (bind == SoMaterialBindingElement::PER_PART ||
branch  0 taken 13 (fallthrough)
branch  1 taken 0
branch  2 taken 0 (fallthrough)
branch  3 taken 13
        -:  383:      bind == SoMaterialBindingElement::PER_PART_INDEXED)
    #####:  384:    flags |= SOGL_MATERIAL_PER_PART;
        -:  385:
       13:  386:  float complexity = this->getComplexityValue(action);
call    0 returned 13
        -:  387:
       13:  388:  sogen_generate_cylinder(this->radius.getValue(),
call    0 returned 13
call    1 returned 13
        -:  389:                          this->height.getValue(),
       13:  390:                          (int)(CYL_SIDE_NUMTRIS * complexity),
call    0 returned 13
        -:  391:                          flags,
        -:  392:                          this,
        -:  393:                          action);
       13:  394:}
        -:  395:
        -:  396:#undef CYL_SIDE_NUMTRIS
