        -:    0:Source:/home/runner/work/obol/obol/src/shapenodes/SoFaceSet.cpp
        -:    0:Graph:/tmp/obol_cov5/src/CMakeFiles/Obol.dir/Unity/unity_73_cxx.cxx.gcno
        -:    0:Data:/tmp/obol_cov5/src/CMakeFiles/Obol.dir/Unity/unity_73_cxx.cxx.gcda
        -:    0:Runs:510
        -:    1:/**************************************************************************\
        -:    2: * Copyright (c) Kongsberg Oil & Gas Technologies AS
        -:    3: * All rights reserved.
        -:    4: * 
        -:    5: * Redistribution and use in source and binary forms, with or without
        -:    6: * modification, are permitted provided that the following conditions are
        -:    7: * met:
        -:    8: * 
        -:    9: * Redistributions of source code must retain the above copyright notice,
        -:   10: * this list of conditions and the following disclaimer.
        -:   11: * 
        -:   12: * Redistributions in binary form must reproduce the above copyright
        -:   13: * notice, this list of conditions and the following disclaimer in the
        -:   14: * documentation and/or other materials provided with the distribution.
        -:   15: * 
        -:   16: * Neither the name of the copyright holder nor the names of its
        -:   17: * contributors may be used to endorse or promote products derived from
        -:   18: * this software without specific prior written permission.
        -:   19: * 
        -:   20: * THIS SOFTWARE IS PROVIDED BY THE COPYRIGHT HOLDERS AND CONTRIBUTORS
        -:   21: * "AS IS" AND ANY EXPRESS OR IMPLIED WARRANTIES, INCLUDING, BUT NOT
        -:   22: * LIMITED TO, THE IMPLIED WARRANTIES OF MERCHANTABILITY AND FITNESS FOR
        -:   23: * A PARTICULAR PURPOSE ARE DISCLAIMED. IN NO EVENT SHALL THE COPYRIGHT
        -:   24: * HOLDER OR CONTRIBUTORS BE LIABLE FOR ANY DIRECT, INDIRECT, INCIDENTAL,
        -:   25: * SPECIAL, EXEMPLARY, OR CONSEQUENTIAL DAMAGES (INCLUDING, BUT NOT
        -:   26: * LIMITED TO, PROCUREMENT OF SUBSTITUTE GOODS OR SERVICES; LOSS OF USE,
        -:   27: * DATA, OR PROFITS; OR BUSINESS INTERRUPTION) HOWEVER CAUSED AND ON ANY
        -:   28: * THEORY OF LIABILITY, WHETHER IN CONTRACT, STRICT LIABILITY, OR TORT
        -:   29: * (INCLUDING NEGLIGENCE OR OTHERWISE) ARISING IN ANY WAY OUT OF THE USE
        -:   30: * OF THIS SOFTWARE, EVEN IF ADVISED OF THE POSSIBILITY OF SUCH DAMAGE.
        -:   31:\**************************************************************************/
        -:   32:
        -:   33:/*!
        -:   34:  \class SoFaceSet SoFaceSet.h Inventor/nodes/SoFaceSet.h
        -:   35:  \brief The SoFaceSet class is used to render and organize non-indexed polygonal face data.
        -:   36:
        -:   37:  \ingroup coin_nodes
        -:   38:
        -:   39:  Facesets are specified using the numVertices field. Coordinates,
        -:   40:  normals, materials and texture coordinates are fetched in order from
        -:   41:  the current state or from the vertexProperty node if set. For
        -:   42:  example, if numVertices is set to [3, 4, 5, 3], this node would
        -:   43:  specify a triangle from coordinates 0, 1 and 2, a quad from
        -:   44:  coordinates 3, 4, 5 and 6, a polygon from coordinates 7, 8, 9, 10
        -:   45:  and 11 and finally a triangle from coordinates 12, 13, 14.
        -:   46:
        -:   47:  Binding PER_VERTEX, PER_FACE or OVERALL can be set for material,
        -:   48:  and normals. The default material binding is OVERALL. The default
        -:   49:  normal binding is PER_VERTEX.
        -:   50:
        -:   51:  For more elaborate documentation about face sets, see the class
        -:   52:  documentation of the SoIndexedFaceSet node, which contains examples
        -:   53:  and more detailed information about various issues also relevant for
        -:   54:  this node.
        -:   55:
        -:   56:  <b>FILE FORMAT/DEFAULTS:</b>
        -:   57:  \code
        -:   58:    FaceSet {
        -:   59:        vertexProperty NULL
        -:   60:        startIndex 0
        -:   61:        numVertices -1
        -:   62:    }
        -:   63:  \endcode
        -:   64:
        -:   65:  \sa SoIndexedFaceSet, SoIndexedTriangleStripSet
        -:   66:*/
        -:   67:
        -:   68:#include <Inventor/nodes/SoFaceSet.h>
        -:   69:#include "config.h"
        -:   70:
        -:   71:
        -:   72:#include <Inventor/misc/SoState.h>
        -:   73:#include <Inventor/SoPrimitiveVertex.h>
        -:   74:#include <Inventor/actions/SoGLRenderAction.h>
        -:   75:#include <Inventor/system/gl.h>
        -:   76:#include <Inventor/elements/SoGLCoordinateElement.h>
        -:   77:#include <Inventor/elements/SoNormalBindingElement.h>
        -:   78:#include <Inventor/elements/SoMaterialBindingElement.h>
        -:   79:#include <Inventor/elements/SoVertexAttributeBindingElement.h>
        -:   80:#include <Inventor/errors/SoDebugError.h>
        -:   81:#include <Inventor/bundles/SoMaterialBundle.h>
        -:   82:#include <Inventor/bundles/SoVertexAttributeBundle.h>
        -:   83:#include <Inventor/elements/SoShapeHintsElement.h>
        -:   84:#include <Inventor/elements/SoCreaseAngleElement.h>
        -:   85:#include <Inventor/caches/SoNormalCache.h>
        -:   86:#include <Inventor/misc/SoNormalGenerator.h>
        -:   87:#include <Inventor/misc/SoGLDriverDatabase.h>
        -:   88:#include <Inventor/bundles/SoTextureCoordinateBundle.h>
        -:   89:#include <Inventor/details/SoFaceDetail.h>
        -:   90:#include <Inventor/actions/SoGetPrimitiveCountAction.h>
        -:   91:#include <Inventor/caches/SoConvexDataCache.h>
        -:   92:#include <Inventor/elements/SoCacheElement.h>
        -:   93:#include <Inventor/elements/SoModelMatrixElement.h>
        -:   94:#include <Inventor/elements/SoGLLazyElement.h>
        -:   95:#include <Inventor/elements/SoGLVBOElement.h>
        -:   96:
        -:   97:#ifdef OBOL_THREADSAFE
        -:   98:#include <Inventor/threads/SbRWMutex.h>
        -:   99:#endif // OBOL_THREADSAFE
        -:  100:
        -:  101:#include "nodes/SoSubNodeP.h"
        -:  102:#include "rendering/SoVBO.h"
        -:  103:#include "rendering/SoGL.h"
        -:  104:
        -:  105:// *************************************************************************
        -:  106:
        -:  107:/*!
        -:  108:  \var SoMFInt32 SoFaceSet::numVertices
        -:  109:  Used to specify faces. Each entry specifies the number of coordinates
        -:  110:  in a face. The coordinates are taken in order from the state or from
        -:  111:  the vertexProperty node.
        -:  112:*/
        -:  113:
        -:  114:// *************************************************************************
        -:  115:
        -:  116:// for concavestatus
        -:  117:#define STATUS_UNKNOWN 0
        -:  118:#define STATUS_CONVEX  1
        -:  119:#define STATUS_CONCAVE 2
        -:  120:
        -:  121:#define UNKNOWN_TYPE -1
        -:  122:#define MIXED_TYPE -2
        -:  123:
        -:  124:// *************************************************************************
        -:  125:
        -:  126:#ifndef DOXYGEN_SKIP_THIS
        -:  127:class SoFaceSetP {
        -:  128:public:
function _ZN10SoFaceSetPC2Ev called 109 returned 100% blocks executed 100%
      109:  129:  SoFaceSetP(void)
        -:  130:#ifdef OBOL_THREADSAFE
      109:  131:    : convexmutex(SbRWMutex::READ_PRECEDENCE)
call    0 returned 109
        -:  132:#endif // OBOL_THREADSAFE
      109:  133:  { }
        -:  134:  SoConvexDataCache * convexCache;
        -:  135:  int concavestatus;
        -:  136:  int primitivetype;
        -:  137:
        -:  138:#ifdef OBOL_THREADSAFE
        -:  139:  // FIXME: a mutex for every instance seems a bit excessive,
        -:  140:  // especially since Microsoft Windows might have rather strict limits on the
        -:  141:  // total amount of mutex resources a process (or even a user) can
        -:  142:  // allocate. so consider making this a class-wide instance instead.
        -:  143:  // -mortene.
        -:  144:  SbRWMutex convexmutex;
        -:  145:#endif // OBOL_THREADSAFE
        -:  146:
function _ZN10SoFaceSetP19readLockConvexCacheEv called 96 returned 100% blocks executed 100%
       96:  147:  void readLockConvexCache(void) {
        -:  148:#ifdef OBOL_THREADSAFE
       96:  149:    this->convexmutex.readLock();
call    0 returned 96
        -:  150:#endif // OBOL_THREADSAFE
       96:  151:  }
function _ZN10SoFaceSetP21readUnlockConvexCacheEv called 96 returned 100% blocks executed 100%
       96:  152:  void readUnlockConvexCache(void) {
        -:  153:#ifdef OBOL_THREADSAFE
       96:  154:    this->convexmutex.readUnlock();
call    0 returned 96
        -:  155:#endif // OBOL_THREADSAFE
       96:  156:  }
function _ZN10SoFaceSetP20writeLockConvexCacheEv called 0 returned 0% blocks executed 0%
    #####:  157:  void writeLockConvexCache(void) {
        -:  158:#ifdef OBOL_THREADSAFE
    #####:  159:    this->convexmutex.writeLock();
call    0 never executed
        -:  160:#endif // OBOL_THREADSAFE
    #####:  161:  }
function _ZN10SoFaceSetP22writeUnlockConvexCacheEv called 0 returned 0% blocks executed 0%
    #####:  162:  void writeUnlockConvexCache(void) {
        -:  163:#ifdef OBOL_THREADSAFE
    #####:  164:    this->convexmutex.writeUnlock();
call    0 never executed
        -:  165:#endif // OBOL_THREADSAFE
    #####:  166:  }
        -:  167:};
        -:  168:#endif // DOXYGEN_SKIP_THIS
        -:  169:
        -:  170:#define PRIVATE(obj) ((obj)->pimpl)
        -:  171:
        -:  172:// *************************************************************************
        -:  173:
     988*:  174:SO_NODE_SOURCE(SoFaceSet);
------------------
_ZN9SoFaceSet14createInstanceEPv:
function _ZN9SoFaceSet14createInstanceEPv called 19 returned 100% blocks executed 71%
       19:  174:SO_NODE_SOURCE(SoFaceSet);
call    0 returned 19
call    1 returned 19
branch  2 taken 19 (fallthrough)
branch  3 taken 0 (throw)
branch  4 never executed (fallthrough)
branch  5 never executed
call    6 never executed
------------------
_ZN9SoFaceSet14atexit_cleanupEv:
function _ZN9SoFaceSet14atexit_cleanupEv called 0 returned 0% blocks executed 0%
    #####:  174:SO_NODE_SOURCE(SoFaceSet);
branch  0 never executed (fallthrough)
branch  1 never executed
call    2 never executed
call    3 never executed
call    4 never executed
branch  5 never executed (fallthrough)
branch  6 never executed (throw)
call    7 never executed
branch  8 never executed (fallthrough)
branch  9 never executed (throw)
call   10 never executed
call   11 never executed
call   12 never executed
------------------
_ZNK9SoFaceSet12getFieldDataEv:
function _ZNK9SoFaceSet12getFieldDataEv called 19 returned 100% blocks executed 100%
       19:  174:SO_NODE_SOURCE(SoFaceSet);
------------------
_ZN9SoFaceSet15getFieldDataPtrEv:
function _ZN9SoFaceSet15getFieldDataPtrEv called 0 returned 0% blocks executed 0%
    #####:  174:SO_NODE_SOURCE(SoFaceSet);
------------------
_ZNK9SoFaceSet9getTypeIdEv:
function _ZNK9SoFaceSet9getTypeIdEv called 436 returned 100% blocks executed 100%
      436:  174:SO_NODE_SOURCE(SoFaceSet);
------------------
_ZN9SoFaceSet14getClassTypeIdEv:
function _ZN9SoFaceSet14getClassTypeIdEv called 514 returned 100% blocks executed 100%
      514:  174:SO_NODE_SOURCE(SoFaceSet);
------------------
        -:  175:
        -:  176:/*!
        -:  177:  Constructor.
        -:  178:*/
function _ZN9SoFaceSetC2Ev called 109 returned 100% blocks executed 72%
      109:  179:SoFaceSet::SoFaceSet()
call    0 returned 109
call    1 returned 109
branch  2 taken 109 (fallthrough)
branch  3 taken 0 (throw)
        -:  180:{
      109:  181:  PRIVATE(this) = new SoFaceSetP;
call    0 returned 109
branch  1 taken 109 (fallthrough)
branch  2 taken 0 (throw)
call    3 returned 109
      109:  182:  PRIVATE(this)->convexCache = NULL;
      109:  183:  PRIVATE(this)->concavestatus = STATUS_UNKNOWN;
      109:  184:  PRIVATE(this)->primitivetype = UNKNOWN_TYPE;
        -:  185:
     109*:  186:  SO_NODE_INTERNAL_CONSTRUCTOR(SoFaceSet);
call    0 returned 109
branch  1 taken 109 (fallthrough)
branch  2 taken 0 (throw)
call    3 returned 109
branch  4 taken 109 (fallthrough)
branch  5 taken 0 (throw)
call    6 returned 109
branch  7 taken 109 (fallthrough)
branch  8 taken 0 (throw)
branch  9 taken 109 (fallthrough)
branch 10 taken 0
call   11 never executed
branch 12 taken 71 (fallthrough)
branch 13 taken 38
call   14 returned 71
branch 15 taken 71 (fallthrough)
branch 16 taken 0 (throw)
branch 17 taken 71 (fallthrough)
branch 18 taken 0
call   19 returned 71
branch 20 taken 71 (fallthrough)
branch 21 taken 0 (throw)
call   22 returned 109
branch 23 taken 109 (fallthrough)
branch 24 taken 0 (throw)
branch 25 never executed (fallthrough)
branch 26 never executed
call   27 never executed
        -:  187:
      109:  188:  SO_NODE_ADD_FIELD(numVertices, (-1));
call    0 returned 109
branch  1 taken 109 (fallthrough)
branch  2 taken 0 (throw)
call    3 returned 109
branch  4 taken 109 (fallthrough)
branch  5 taken 0 (throw)
call    6 returned 109
branch  7 taken 109 (fallthrough)
branch  8 taken 0 (throw)
      109:  189:}
call    0 never executed
call    1 never executed
        -:  190:
        -:  191:/*!
        -:  192:  Destructor.
        -:  193:*/
      174:  194:SoFaceSet::~SoFaceSet()
        -:  195:{
      87*:  196:  if (PRIVATE(this)->convexCache) PRIVATE(this)->convexCache->unref();
       87:  197:  delete PRIVATE(this);
      174:  198:}
------------------
_ZN9SoFaceSetD0Ev:
function _ZN9SoFaceSetD0Ev called 87 returned 100% blocks executed 100%
       87:  194:SoFaceSet::~SoFaceSet()
        -:  195:{
        -:  196:  if (PRIVATE(this)->convexCache) PRIVATE(this)->convexCache->unref();
        -:  197:  delete PRIVATE(this);
       87:  198:}
call    0 returned 87
call    1 returned 87
------------------
_ZN9SoFaceSetD2Ev:
function _ZN9SoFaceSetD2Ev called 87 returned 100% blocks executed 88%
       87:  194:SoFaceSet::~SoFaceSet()
        -:  195:{
      87*:  196:  if (PRIVATE(this)->convexCache) PRIVATE(this)->convexCache->unref();
branch  0 taken 0 (fallthrough)
branch  1 taken 87
call    2 never executed
       87:  197:  delete PRIVATE(this);
branch  0 taken 87 (fallthrough)
branch  1 taken 0
call    2 returned 87
call    3 returned 87
       87:  198:}
call    0 returned 87
call    1 returned 87
------------------
        -:  199:
        -:  200:// doc from parent
        -:  201:void
function _ZN9SoFaceSet11computeBBoxEP8SoActionR7SbBox3fR7SbVec3f called 49 returned 100% blocks executed 100%
       49:  202:SoFaceSet::computeBBox(SoAction * action, SbBox3f & box, SbVec3f & center)
        -:  203:{
       49:  204:  int32_t numvertices = 0;
      101:  205:  for (int i=0; i < this->numVertices.getNum(); i++)
call    0 returned 101
branch  1 taken 52
branch  2 taken 49 (fallthrough)
       52:  206:    numvertices += this->numVertices[i];
call    0 returned 52
        -:  207:
       49:  208:  inherited::computeCoordBBox(action, numvertices, box, center);
call    0 returned 49
       49:  209:}
        -:  210:
        -:  211://
        -:  212:// translates current material binding to the internal enum
        -:  213://
        -:  214:SoFaceSet::Binding
function _ZNK9SoFaceSet19findMaterialBindingEP7SoState called 107 returned 100% blocks executed 78%
      107:  215:SoFaceSet::findMaterialBinding(SoState * const state) const
        -:  216:{
        -:  217:  SoMaterialBindingElement::Binding matbind =
      107:  218:    SoMaterialBindingElement::get(state);
call    0 returned 107
        -:  219:
        -:  220:  Binding binding;
      107:  221:  switch (matbind) {
branch  0 taken 87
branch  1 taken 11
branch  2 taken 9
branch  3 taken 0
       87:  222:  case SoMaterialBindingElement::OVERALL:
       87:  223:    binding = OVERALL;
       87:  224:    break;
       11:  225:  case SoMaterialBindingElement::PER_VERTEX:
        -:  226:  case SoMaterialBindingElement::PER_VERTEX_INDEXED:
       11:  227:    binding = PER_VERTEX;
       11:  228:    break;
        9:  229:  case SoMaterialBindingElement::PER_PART:
        -:  230:  case SoMaterialBindingElement::PER_PART_INDEXED:
        -:  231:  case SoMaterialBindingElement::PER_FACE:
        -:  232:  case SoMaterialBindingElement::PER_FACE_INDEXED:
        9:  233:    binding = PER_FACE;
        9:  234:    break;
    #####:  235:  default:
    #####:  236:    binding = OVERALL;
        -:  237:#if OBOL_DEBUG
    #####:  238:    SoDebugError::postWarning("SoFaceSet::findMaterialBinding",
call    0 never executed
        -:  239:                              "unknown material binding setting");
        -:  240:#endif // OBOL_DEBUG
    #####:  241:    break;
        -:  242:  }
      107:  243:  return binding;
        -:  244:}
        -:  245:
        -:  246:
        -:  247://
        -:  248:// translates current normal binding to the internal enum
        -:  249://
        -:  250:SoFaceSet::Binding
function _ZNK9SoFaceSet17findNormalBindingEP7SoState called 131 returned 100% blocks executed 78%
      131:  251:SoFaceSet::findNormalBinding(SoState * const state) const
        -:  252:{
        -:  253:  SoNormalBindingElement::Binding normbind =
      131:  254:    SoNormalBindingElement::get(state);
call    0 returned 131
        -:  255:
        -:  256:  Binding binding;
      131:  257:  switch (normbind) {
branch  0 taken 59
branch  1 taken 55
branch  2 taken 17
branch  3 taken 0
       59:  258:  case SoNormalBindingElement::OVERALL:
       59:  259:    binding = OVERALL;
       59:  260:    break;
       55:  261:  case SoNormalBindingElement::PER_VERTEX:
        -:  262:  case SoNormalBindingElement::PER_VERTEX_INDEXED:
       55:  263:    binding = PER_VERTEX;
       55:  264:    break;
       17:  265:  case SoNormalBindingElement::PER_PART:
        -:  266:  case SoNormalBindingElement::PER_PART_INDEXED:
        -:  267:  case SoNormalBindingElement::PER_FACE:
        -:  268:  case SoNormalBindingElement::PER_FACE_INDEXED:
       17:  269:    binding = PER_FACE;
       17:  270:    break;
    #####:  271:  default:
    #####:  272:    binding = PER_VERTEX;
        -:  273:#if OBOL_DEBUG
    #####:  274:    SoDebugError::postWarning("SoFaceSet::findNormalBinding",
call    0 never executed
        -:  275:                              "unknown normal binding setting");
        -:  276:#endif // OBOL_DEBUG
    #####:  277:    break;
        -:  278:  }
      131:  279:  return binding;
        -:  280:}
        -:  281:
        -:  282:namespace { namespace SoGL { namespace FaceSet {
        -:  283:
        -:  284:  enum AttributeBinding {
        -:  285:    OVERALL = 0,
        -:  286:    PER_FACE = 1,
        -:  287:    PER_VERTEX = 2
        -:  288:  };
        -:  289:
        -:  290:  template < int NormalBinding,
        -:  291:             int MaterialBinding,
        -:  292:             int TexturingEnabled >
      94*:  293:  static void GLRender(const SoGLContext * glue,
        -:  294:                       const SoGLCoordinateElement * coords,
        -:  295:                       const SbVec3f *normals,
        -:  296:                       SoMaterialBundle * mb,
        -:  297:                       const SoTextureCoordinateBundle * tb,
        -:  298:                       int OBOL_UNUSED_ARG(nbind),
        -:  299:                       int OBOL_UNUSED_ARG(mbind),
        -:  300:                       int OBOL_UNUSED_ARG(doTextures),
        -:  301:                       int32_t idx,
        -:  302:                       const int32_t *ptr,
        -:  303:                       const int32_t *end,
        -:  304:                       SbBool needNormals)
        -:  305:  {
        -:  306:    // Make sure specified coordinate startindex is valid
      94*:  307:    assert(idx >= 0);
        -:  308:
      94*:  309:    const SbVec3f * coords3d = NULL;
      94*:  310:    const SbVec4f * coords4d = NULL;
      94*:  311:    const SbBool is3d = coords->is3D();
      94*:  312:    if (is3d) {
      94*:  313:      coords3d = coords->getArrayPtr3();
        -:  314:    }
        -:  315:    else {
    #####:  316:      coords4d = coords->getArrayPtr4();
        -:  317:    }
      94*:  318:    int numcoords = coords->getNum();
        -:  319:
        -:  320:    // This is the same code as in SoGLCoordinateElement::send().
        -:  321:    // It is inlined here for speed (~15% speed increase).
        -:  322:#define SEND_VERTEX(_idx_) \
        -:  323:    if (is3d) SoGLContext_glVertex3fv(glue, (const GLfloat*) (coords3d + _idx_)); \
        -:  324:    else SoGLContext_glVertex4fv(glue, (const GLfloat*) (coords4d + _idx_));
        -:  325:
      94*:  326:    int matnr = 0;
      94*:  327:    int texnr = 0;
      94*:  328:    int mode = GL_POLYGON;
        -:  329:    int newmode;
        -:  330:    int n;
        -:  331:
      94*:  332:    SbVec3f dummynormal(0.0f, 0.0f, 1.0f);
      94*:  333:    const SbVec3f * currnormal = &dummynormal;
      94*:  334:    if (normals) currnormal = normals;
        -:  335:    if ((AttributeBinding)NormalBinding == OVERALL) {
      51*:  336:      if (needNormals) SoGLContext_glNormal3fv(glue, (const GLfloat *)currnormal);
        -:  337:    }
        -:  338:
     205*:  339:    while (ptr < end) {
     111*:  340:      n = *ptr++;
        -:  341:
     111*:  342:      if (n < 3 || idx + n > numcoords) {
        -:  343:        static uint32_t current_errors = 0;
    #####:  344:        if (current_errors < 1) {
    #####:  345:          SoDebugError::postWarning("[nonindexedfaceset]::GLRender", "Erroneous "
        -:  346:                                    "number of coordinates specified: %d. Must "
        -:  347:                                    "be >= 3 and less than or equal to the number of "
        -:  348:                                    "coordinates available (which is: %d). Aborting "
        -:  349:                                    "rendering. This message will be shown only once, "
        -:  350:                                    "but more errors might be present", n, numcoords - idx);
        -:  351:        }
        -:  352:
    #####:  353:        current_errors++;
    #####:  354:        break;
        -:  355:      }
        -:  356:
     111*:  357:      if (n == 3) newmode = GL_TRIANGLES;
     108*:  358:      else if (n == 4) newmode = GL_QUADS;
       3*:  359:      else newmode = GL_POLYGON;
     111*:  360:      if (newmode != mode) {
      91*:  361:        if (mode != GL_POLYGON) SoGLContext_glEnd(glue);
      91*:  362:        mode = newmode;
      91*:  363:        SoGLContext_glBegin(glue, (GLenum) mode);
        -:  364:      }
      20*:  365:      else if (mode == GL_POLYGON) SoGLContext_glBegin(glue, GL_POLYGON);
        -:  366:
        -:  367:      if ((AttributeBinding)NormalBinding != OVERALL) {
      60*:  368:        currnormal = normals++;
      60*:  369:        SoGLContext_glNormal3fv(glue, (const GLfloat *)currnormal);
        -:  370:      }
        -:  371:      if ((AttributeBinding)MaterialBinding != OVERALL) {
      29*:  372:        mb->send(matnr++, TRUE);
        -:  373:      }
        -:  374:      if (TexturingEnabled == TRUE) {
      53*:  375:        tb->send(texnr++, coords->get3(idx), *currnormal);
        -:  376:      }
     111*:  377:      SEND_VERTEX(idx);
     111*:  378:      idx++;
     447*:  379:      while (--n) {
        -:  380:        if ((AttributeBinding)NormalBinding == PER_VERTEX) {
      81*:  381:          currnormal = normals++;
      81*:  382:          SoGLContext_glNormal3fv(glue, (const GLfloat *)currnormal);
        -:  383:        }
        -:  384:        if ((AttributeBinding)MaterialBinding == PER_VERTEX) {
      30*:  385:          mb->send(matnr++, TRUE);
        -:  386:        } else if ((AttributeBinding)MaterialBinding != OVERALL) {
        -:  387:          // re-send per-face material for each vertex to ensure correct colour on all drivers
      54*:  388:          mb->send(matnr-1, TRUE);
        -:  389:        }
        -:  390:
        -:  391:        if (TexturingEnabled == TRUE) {
     159*:  392:          tb->send(texnr++, coords->get3(idx), *currnormal);
        -:  393:        }
     336*:  394:        SEND_VERTEX(idx);
     336*:  395:        idx++;
        -:  396:      }
     111*:  397:      if (mode == GL_POLYGON) SoGLContext_glEnd(glue);
        -:  398:    }
      94*:  399:    if (mode != GL_POLYGON) SoGLContext_glEnd(glue);
        -:  400:#undef SEND_VERTEX
      94*:  401:  }
------------------
_ZN12_GLOBAL__N_14SoGL7FaceSetL8GLRenderILi1ELi1ELi1EEEvPK11SoGLContextPK21SoGLCoordinateElementPK7SbVec3fP16SoMaterialBundlePK25SoTextureCoordinateBundleiiiiPKiSI_b:
function _ZN12_GLOBAL__N_14SoGL7FaceSetL8GLRenderILi1ELi1ELi1EEEvPK11SoGLContextPK21SoGLCoordinateElementPK7SbVec3fP16SoMaterialBundlePK25SoTextureCoordinateBundleiiiiPKiSI_b called 0 returned 0% blocks executed 0%
    #####:  293:  static void GLRender(const SoGLContext * glue,
        -:  294:                       const SoGLCoordinateElement * coords,
        -:  295:                       const SbVec3f *normals,
        -:  296:                       SoMaterialBundle * mb,
        -:  297:                       const SoTextureCoordinateBundle * tb,
        -:  298:                       int OBOL_UNUSED_ARG(nbind),
        -:  299:                       int OBOL_UNUSED_ARG(mbind),
        -:  300:                       int OBOL_UNUSED_ARG(doTextures),
        -:  301:                       int32_t idx,
        -:  302:                       const int32_t *ptr,
        -:  303:                       const int32_t *end,
        -:  304:                       SbBool needNormals)
        -:  305:  {
        -:  306:    // Make sure specified coordinate startindex is valid
    #####:  307:    assert(idx >= 0);
branch  0 never executed (fallthrough)
branch  1 never executed
call    2 never executed
        -:  308:
    #####:  309:    const SbVec3f * coords3d = NULL;
    #####:  310:    const SbVec4f * coords4d = NULL;
    #####:  311:    const SbBool is3d = coords->is3D();
call    0 never executed
branch  1 never executed (fallthrough)
branch  2 never executed (throw)
    #####:  312:    if (is3d) {
branch  0 never executed (fallthrough)
branch  1 never executed
    #####:  313:      coords3d = coords->getArrayPtr3();
call    0 never executed
branch  1 never executed (fallthrough)
branch  2 never executed (throw)
        -:  314:    }
        -:  315:    else {
    #####:  316:      coords4d = coords->getArrayPtr4();
call    0 never executed
branch  1 never executed (fallthrough)
branch  2 never executed (throw)
        -:  317:    }
    #####:  318:    int numcoords = coords->getNum();
call    0 never executed
branch  1 never executed (fallthrough)
branch  2 never executed (throw)
        -:  319:
        -:  320:    // This is the same code as in SoGLCoordinateElement::send().
        -:  321:    // It is inlined here for speed (~15% speed increase).
        -:  322:#define SEND_VERTEX(_idx_) \
        -:  323:    if (is3d) SoGLContext_glVertex3fv(glue, (const GLfloat*) (coords3d + _idx_)); \
        -:  324:    else SoGLContext_glVertex4fv(glue, (const GLfloat*) (coords4d + _idx_));
        -:  325:
    #####:  326:    int matnr = 0;
    #####:  327:    int texnr = 0;
    #####:  328:    int mode = GL_POLYGON;
        -:  329:    int newmode;
        -:  330:    int n;
        -:  331:
    #####:  332:    SbVec3f dummynormal(0.0f, 0.0f, 1.0f);
call    0 never executed
    #####:  333:    const SbVec3f * currnormal = &dummynormal;
    #####:  334:    if (normals) currnormal = normals;
branch  0 never executed (fallthrough)
branch  1 never executed
        -:  335:    if ((AttributeBinding)NormalBinding == OVERALL) {
        -:  336:      if (needNormals) SoGLContext_glNormal3fv(glue, (const GLfloat *)currnormal);
        -:  337:    }
        -:  338:
    #####:  339:    while (ptr < end) {
branch  0 never executed
branch  1 never executed (fallthrough)
    #####:  340:      n = *ptr++;
        -:  341:
    #####:  342:      if (n < 3 || idx + n > numcoords) {
branch  0 never executed (fallthrough)
branch  1 never executed
branch  2 never executed (fallthrough)
branch  3 never executed
        -:  343:        static uint32_t current_errors = 0;
    #####:  344:        if (current_errors < 1) {
branch  0 never executed (fallthrough)
branch  1 never executed
    #####:  345:          SoDebugError::postWarning("[nonindexedfaceset]::GLRender", "Erroneous "
call    0 never executed
branch  1 never executed (fallthrough)
branch  2 never executed (throw)
        -:  346:                                    "number of coordinates specified: %d. Must "
        -:  347:                                    "be >= 3 and less than or equal to the number of "
        -:  348:                                    "coordinates available (which is: %d). Aborting "
        -:  349:                                    "rendering. This message will be shown only once, "
        -:  350:                                    "but more errors might be present", n, numcoords - idx);
        -:  351:        }
        -:  352:
    #####:  353:        current_errors++;
    #####:  354:        break;
        -:  355:      }
        -:  356:
    #####:  357:      if (n == 3) newmode = GL_TRIANGLES;
branch  0 never executed (fallthrough)
branch  1 never executed
    #####:  358:      else if (n == 4) newmode = GL_QUADS;
branch  0 never executed (fallthrough)
branch  1 never executed
    #####:  359:      else newmode = GL_POLYGON;
    #####:  360:      if (newmode != mode) {
branch  0 never executed (fallthrough)
branch  1 never executed
    #####:  361:        if (mode != GL_POLYGON) SoGLContext_glEnd(glue);
branch  0 never executed (fallthrough)
branch  1 never executed
call    2 never executed
branch  3 never executed (fallthrough)
branch  4 never executed (throw)
    #####:  362:        mode = newmode;
    #####:  363:        SoGLContext_glBegin(glue, (GLenum) mode);
call    0 never executed
branch  1 never executed (fallthrough)
branch  2 never executed (throw)
        -:  364:      }
    #####:  365:      else if (mode == GL_POLYGON) SoGLContext_glBegin(glue, GL_POLYGON);
branch  0 never executed (fallthrough)
branch  1 never executed
call    2 never executed
branch  3 never executed (fallthrough)
branch  4 never executed (throw)
        -:  366:
        -:  367:      if ((AttributeBinding)NormalBinding != OVERALL) {
    #####:  368:        currnormal = normals++;
    #####:  369:        SoGLContext_glNormal3fv(glue, (const GLfloat *)currnormal);
call    0 never executed
branch  1 never executed (fallthrough)
branch  2 never executed (throw)
        -:  370:      }
        -:  371:      if ((AttributeBinding)MaterialBinding != OVERALL) {
    #####:  372:        mb->send(matnr++, TRUE);
call    0 never executed
branch  1 never executed (fallthrough)
branch  2 never executed (throw)
        -:  373:      }
        -:  374:      if (TexturingEnabled == TRUE) {
    #####:  375:        tb->send(texnr++, coords->get3(idx), *currnormal);
call    0 never executed
branch  1 never executed (fallthrough)
branch  2 never executed (throw)
call    3 never executed
branch  4 never executed (fallthrough)
branch  5 never executed (throw)
        -:  376:      }
    #####:  377:      SEND_VERTEX(idx);
branch  0 never executed (fallthrough)
branch  1 never executed
call    2 never executed
branch  3 never executed (fallthrough)
branch  4 never executed (throw)
call    5 never executed
branch  6 never executed (fallthrough)
branch  7 never executed (throw)
    #####:  378:      idx++;
    #####:  379:      while (--n) {
branch  0 never executed
branch  1 never executed (fallthrough)
        -:  380:        if ((AttributeBinding)NormalBinding == PER_VERTEX) {
        -:  381:          currnormal = normals++;
        -:  382:          SoGLContext_glNormal3fv(glue, (const GLfloat *)currnormal);
        -:  383:        }
        -:  384:        if ((AttributeBinding)MaterialBinding == PER_VERTEX) {
        -:  385:          mb->send(matnr++, TRUE);
        -:  386:        } else if ((AttributeBinding)MaterialBinding != OVERALL) {
        -:  387:          // re-send per-face material for each vertex to ensure correct colour on all drivers
    #####:  388:          mb->send(matnr-1, TRUE);
call    0 never executed
branch  1 never executed (fallthrough)
branch  2 never executed (throw)
        -:  389:        }
        -:  390:
        -:  391:        if (TexturingEnabled == TRUE) {
    #####:  392:          tb->send(texnr++, coords->get3(idx), *currnormal);
call    0 never executed
branch  1 never executed (fallthrough)
branch  2 never executed (throw)
call    3 never executed
branch  4 never executed (fallthrough)
branch  5 never executed (throw)
        -:  393:        }
    #####:  394:        SEND_VERTEX(idx);
branch  0 never executed (fallthrough)
branch  1 never executed
call    2 never executed
branch  3 never executed (fallthrough)
branch  4 never executed (throw)
call    5 never executed
branch  6 never executed (fallthrough)
branch  7 never executed (throw)
    #####:  395:        idx++;
        -:  396:      }
    #####:  397:      if (mode == GL_POLYGON) SoGLContext_glEnd(glue);
branch  0 never executed (fallthrough)
branch  1 never executed
call    2 never executed
branch  3 never executed (fallthrough)
branch  4 never executed (throw)
        -:  398:    }
    #####:  399:    if (mode != GL_POLYGON) SoGLContext_glEnd(glue);
branch  0 never executed (fallthrough)
branch  1 never executed
call    2 never executed
branch  3 never executed (fallthrough)
branch  4 never executed (throw)
        -:  400:#undef SEND_VERTEX
    #####:  401:  }
------------------
_ZN12_GLOBAL__N_14SoGL7FaceSetL8GLRenderILi0ELi0ELi1EEEvPK11SoGLContextPK21SoGLCoordinateElementPK7SbVec3fP16SoMaterialBundlePK25SoTextureCoordinateBundleiiiiPKiSI_b:
function _ZN12_GLOBAL__N_14SoGL7FaceSetL8GLRenderILi0ELi0ELi1EEEvPK11SoGLContextPK21SoGLCoordinateElementPK7SbVec3fP16SoMaterialBundlePK25SoTextureCoordinateBundleiiiiPKiSI_b called 38 returned 100% blocks executed 73%
       38:  293:  static void GLRender(const SoGLContext * glue,
        -:  294:                       const SoGLCoordinateElement * coords,
        -:  295:                       const SbVec3f *normals,
        -:  296:                       SoMaterialBundle * mb,
        -:  297:                       const SoTextureCoordinateBundle * tb,
        -:  298:                       int OBOL_UNUSED_ARG(nbind),
        -:  299:                       int OBOL_UNUSED_ARG(mbind),
        -:  300:                       int OBOL_UNUSED_ARG(doTextures),
        -:  301:                       int32_t idx,
        -:  302:                       const int32_t *ptr,
        -:  303:                       const int32_t *end,
        -:  304:                       SbBool needNormals)
        -:  305:  {
        -:  306:    // Make sure specified coordinate startindex is valid
      38*:  307:    assert(idx >= 0);
branch  0 taken 0 (fallthrough)
branch  1 taken 38
call    2 never executed
        -:  308:
       38:  309:    const SbVec3f * coords3d = NULL;
       38:  310:    const SbVec4f * coords4d = NULL;
       38:  311:    const SbBool is3d = coords->is3D();
call    0 returned 38
branch  1 taken 38 (fallthrough)
branch  2 taken 0 (throw)
       38:  312:    if (is3d) {
branch  0 taken 38 (fallthrough)
branch  1 taken 0
       38:  313:      coords3d = coords->getArrayPtr3();
call    0 returned 38
branch  1 taken 38 (fallthrough)
branch  2 taken 0 (throw)
        -:  314:    }
        -:  315:    else {
    #####:  316:      coords4d = coords->getArrayPtr4();
call    0 never executed
branch  1 never executed (fallthrough)
branch  2 never executed (throw)
        -:  317:    }
       38:  318:    int numcoords = coords->getNum();
call    0 returned 38
branch  1 taken 38 (fallthrough)
branch  2 taken 0 (throw)
        -:  319:
        -:  320:    // This is the same code as in SoGLCoordinateElement::send().
        -:  321:    // It is inlined here for speed (~15% speed increase).
        -:  322:#define SEND_VERTEX(_idx_) \
        -:  323:    if (is3d) SoGLContext_glVertex3fv(glue, (const GLfloat*) (coords3d + _idx_)); \
        -:  324:    else SoGLContext_glVertex4fv(glue, (const GLfloat*) (coords4d + _idx_));
        -:  325:
       38:  326:    int matnr = 0;
       38:  327:    int texnr = 0;
       38:  328:    int mode = GL_POLYGON;
        -:  329:    int newmode;
        -:  330:    int n;
        -:  331:
       38:  332:    SbVec3f dummynormal(0.0f, 0.0f, 1.0f);
call    0 returned 38
       38:  333:    const SbVec3f * currnormal = &dummynormal;
       38:  334:    if (normals) currnormal = normals;
branch  0 taken 38 (fallthrough)
branch  1 taken 0
        -:  335:    if ((AttributeBinding)NormalBinding == OVERALL) {
       38:  336:      if (needNormals) SoGLContext_glNormal3fv(glue, (const GLfloat *)currnormal);
branch  0 taken 38 (fallthrough)
branch  1 taken 0
call    2 returned 38
branch  3 taken 38 (fallthrough)
branch  4 taken 0 (throw)
        -:  337:    }
        -:  338:
       76:  339:    while (ptr < end) {
branch  0 taken 38
branch  1 taken 38 (fallthrough)
       38:  340:      n = *ptr++;
        -:  341:
       38:  342:      if (n < 3 || idx + n > numcoords) {
branch  0 taken 38 (fallthrough)
branch  1 taken 0
branch  2 taken 0 (fallthrough)
branch  3 taken 38
        -:  343:        static uint32_t current_errors = 0;
    #####:  344:        if (current_errors < 1) {
branch  0 never executed (fallthrough)
branch  1 never executed
    #####:  345:          SoDebugError::postWarning("[nonindexedfaceset]::GLRender", "Erroneous "
call    0 never executed
branch  1 never executed (fallthrough)
branch  2 never executed (throw)
        -:  346:                                    "number of coordinates specified: %d. Must "
        -:  347:                                    "be >= 3 and less than or equal to the number of "
        -:  348:                                    "coordinates available (which is: %d). Aborting "
        -:  349:                                    "rendering. This message will be shown only once, "
        -:  350:                                    "but more errors might be present", n, numcoords - idx);
        -:  351:        }
        -:  352:
    #####:  353:        current_errors++;
    #####:  354:        break;
        -:  355:      }
        -:  356:
      38*:  357:      if (n == 3) newmode = GL_TRIANGLES;
branch  0 taken 0 (fallthrough)
branch  1 taken 38
       38:  358:      else if (n == 4) newmode = GL_QUADS;
branch  0 taken 38 (fallthrough)
branch  1 taken 0
    #####:  359:      else newmode = GL_POLYGON;
       38:  360:      if (newmode != mode) {
branch  0 taken 38 (fallthrough)
branch  1 taken 0
      38*:  361:        if (mode != GL_POLYGON) SoGLContext_glEnd(glue);
branch  0 taken 0 (fallthrough)
branch  1 taken 38
call    2 never executed
branch  3 never executed (fallthrough)
branch  4 never executed (throw)
       38:  362:        mode = newmode;
       38:  363:        SoGLContext_glBegin(glue, (GLenum) mode);
call    0 returned 38
branch  1 taken 38 (fallthrough)
branch  2 taken 0 (throw)
        -:  364:      }
    #####:  365:      else if (mode == GL_POLYGON) SoGLContext_glBegin(glue, GL_POLYGON);
branch  0 never executed (fallthrough)
branch  1 never executed
call    2 never executed
branch  3 never executed (fallthrough)
branch  4 never executed (throw)
        -:  366:
        -:  367:      if ((AttributeBinding)NormalBinding != OVERALL) {
        -:  368:        currnormal = normals++;
        -:  369:        SoGLContext_glNormal3fv(glue, (const GLfloat *)currnormal);
        -:  370:      }
        -:  371:      if ((AttributeBinding)MaterialBinding != OVERALL) {
        -:  372:        mb->send(matnr++, TRUE);
        -:  373:      }
        -:  374:      if (TexturingEnabled == TRUE) {
       38:  375:        tb->send(texnr++, coords->get3(idx), *currnormal);
call    0 returned 38
branch  1 taken 38 (fallthrough)
branch  2 taken 0 (throw)
call    3 returned 38
branch  4 taken 38 (fallthrough)
branch  5 taken 0 (throw)
        -:  376:      }
      38*:  377:      SEND_VERTEX(idx);
branch  0 taken 38 (fallthrough)
branch  1 taken 0
call    2 returned 38
branch  3 taken 38 (fallthrough)
branch  4 taken 0 (throw)
call    5 never executed
branch  6 never executed (fallthrough)
branch  7 never executed (throw)
       38:  378:      idx++;
      152:  379:      while (--n) {
branch  0 taken 114
branch  1 taken 38 (fallthrough)
        -:  380:        if ((AttributeBinding)NormalBinding == PER_VERTEX) {
        -:  381:          currnormal = normals++;
        -:  382:          SoGLContext_glNormal3fv(glue, (const GLfloat *)currnormal);
        -:  383:        }
        -:  384:        if ((AttributeBinding)MaterialBinding == PER_VERTEX) {
        -:  385:          mb->send(matnr++, TRUE);
        -:  386:        } else if ((AttributeBinding)MaterialBinding != OVERALL) {
        -:  387:          // re-send per-face material for each vertex to ensure correct colour on all drivers
        -:  388:          mb->send(matnr-1, TRUE);
        -:  389:        }
        -:  390:
        -:  391:        if (TexturingEnabled == TRUE) {
      114:  392:          tb->send(texnr++, coords->get3(idx), *currnormal);
call    0 returned 114
branch  1 taken 114 (fallthrough)
branch  2 taken 0 (throw)
call    3 returned 114
branch  4 taken 114 (fallthrough)
branch  5 taken 0 (throw)
        -:  393:        }
     114*:  394:        SEND_VERTEX(idx);
branch  0 taken 114 (fallthrough)
branch  1 taken 0
call    2 returned 114
branch  3 taken 114 (fallthrough)
branch  4 taken 0 (throw)
call    5 never executed
branch  6 never executed (fallthrough)
branch  7 never executed (throw)
      114:  395:        idx++;
        -:  396:      }
      38*:  397:      if (mode == GL_POLYGON) SoGLContext_glEnd(glue);
branch  0 taken 0 (fallthrough)
branch  1 taken 38
call    2 never executed
branch  3 never executed (fallthrough)
branch  4 never executed (throw)
        -:  398:    }
       38:  399:    if (mode != GL_POLYGON) SoGLContext_glEnd(glue);
branch  0 taken 38 (fallthrough)
branch  1 taken 0
call    2 returned 38
branch  3 taken 38 (fallthrough)
branch  4 taken 0 (throw)
        -:  400:#undef SEND_VERTEX
       38:  401:  }
------------------
_ZN12_GLOBAL__N_14SoGL7FaceSetL8GLRenderILi0ELi0ELi0EEEvPK11SoGLContextPK21SoGLCoordinateElementPK7SbVec3fP16SoMaterialBundlePK25SoTextureCoordinateBundleiiiiPKiSI_b:
function _ZN12_GLOBAL__N_14SoGL7FaceSetL8GLRenderILi0ELi0ELi0EEEvPK11SoGLContextPK21SoGLCoordinateElementPK7SbVec3fP16SoMaterialBundlePK25SoTextureCoordinateBundleiiiiPKiSI_b called 5 returned 100% blocks executed 71%
        5:  293:  static void GLRender(const SoGLContext * glue,
        -:  294:                       const SoGLCoordinateElement * coords,
        -:  295:                       const SbVec3f *normals,
        -:  296:                       SoMaterialBundle * mb,
        -:  297:                       const SoTextureCoordinateBundle * tb,
        -:  298:                       int OBOL_UNUSED_ARG(nbind),
        -:  299:                       int OBOL_UNUSED_ARG(mbind),
        -:  300:                       int OBOL_UNUSED_ARG(doTextures),
        -:  301:                       int32_t idx,
        -:  302:                       const int32_t *ptr,
        -:  303:                       const int32_t *end,
        -:  304:                       SbBool needNormals)
        -:  305:  {
        -:  306:    // Make sure specified coordinate startindex is valid
       5*:  307:    assert(idx >= 0);
branch  0 taken 0 (fallthrough)
branch  1 taken 5
call    2 never executed
        -:  308:
        5:  309:    const SbVec3f * coords3d = NULL;
        5:  310:    const SbVec4f * coords4d = NULL;
        5:  311:    const SbBool is3d = coords->is3D();
call    0 returned 5
branch  1 taken 5 (fallthrough)
branch  2 taken 0 (throw)
        5:  312:    if (is3d) {
branch  0 taken 5 (fallthrough)
branch  1 taken 0
        5:  313:      coords3d = coords->getArrayPtr3();
call    0 returned 5
branch  1 taken 5 (fallthrough)
branch  2 taken 0 (throw)
        -:  314:    }
        -:  315:    else {
    #####:  316:      coords4d = coords->getArrayPtr4();
call    0 never executed
branch  1 never executed (fallthrough)
branch  2 never executed (throw)
        -:  317:    }
        5:  318:    int numcoords = coords->getNum();
call    0 returned 5
branch  1 taken 5 (fallthrough)
branch  2 taken 0 (throw)
        -:  319:
        -:  320:    // This is the same code as in SoGLCoordinateElement::send().
        -:  321:    // It is inlined here for speed (~15% speed increase).
        -:  322:#define SEND_VERTEX(_idx_) \
        -:  323:    if (is3d) SoGLContext_glVertex3fv(glue, (const GLfloat*) (coords3d + _idx_)); \
        -:  324:    else SoGLContext_glVertex4fv(glue, (const GLfloat*) (coords4d + _idx_));
        -:  325:
        5:  326:    int matnr = 0;
        5:  327:    int texnr = 0;
        5:  328:    int mode = GL_POLYGON;
        -:  329:    int newmode;
        -:  330:    int n;
        -:  331:
        5:  332:    SbVec3f dummynormal(0.0f, 0.0f, 1.0f);
call    0 returned 5
        5:  333:    const SbVec3f * currnormal = &dummynormal;
        5:  334:    if (normals) currnormal = normals;
branch  0 taken 5 (fallthrough)
branch  1 taken 0
        -:  335:    if ((AttributeBinding)NormalBinding == OVERALL) {
        5:  336:      if (needNormals) SoGLContext_glNormal3fv(glue, (const GLfloat *)currnormal);
branch  0 taken 5 (fallthrough)
branch  1 taken 0
call    2 returned 5
branch  3 taken 5 (fallthrough)
branch  4 taken 0 (throw)
        -:  337:    }
        -:  338:
       10:  339:    while (ptr < end) {
branch  0 taken 5
branch  1 taken 5 (fallthrough)
        5:  340:      n = *ptr++;
        -:  341:
        5:  342:      if (n < 3 || idx + n > numcoords) {
branch  0 taken 5 (fallthrough)
branch  1 taken 0
branch  2 taken 0 (fallthrough)
branch  3 taken 5
        -:  343:        static uint32_t current_errors = 0;
    #####:  344:        if (current_errors < 1) {
branch  0 never executed (fallthrough)
branch  1 never executed
    #####:  345:          SoDebugError::postWarning("[nonindexedfaceset]::GLRender", "Erroneous "
call    0 never executed
branch  1 never executed (fallthrough)
branch  2 never executed (throw)
        -:  346:                                    "number of coordinates specified: %d. Must "
        -:  347:                                    "be >= 3 and less than or equal to the number of "
        -:  348:                                    "coordinates available (which is: %d). Aborting "
        -:  349:                                    "rendering. This message will be shown only once, "
        -:  350:                                    "but more errors might be present", n, numcoords - idx);
        -:  351:        }
        -:  352:
    #####:  353:        current_errors++;
    #####:  354:        break;
        -:  355:      }
        -:  356:
       5*:  357:      if (n == 3) newmode = GL_TRIANGLES;
branch  0 taken 0 (fallthrough)
branch  1 taken 5
        5:  358:      else if (n == 4) newmode = GL_QUADS;
branch  0 taken 5 (fallthrough)
branch  1 taken 0
    #####:  359:      else newmode = GL_POLYGON;
        5:  360:      if (newmode != mode) {
branch  0 taken 5 (fallthrough)
branch  1 taken 0
       5*:  361:        if (mode != GL_POLYGON) SoGLContext_glEnd(glue);
branch  0 taken 0 (fallthrough)
branch  1 taken 5
call    2 never executed
branch  3 never executed (fallthrough)
branch  4 never executed (throw)
        5:  362:        mode = newmode;
        5:  363:        SoGLContext_glBegin(glue, (GLenum) mode);
call    0 returned 5
branch  1 taken 5 (fallthrough)
branch  2 taken 0 (throw)
        -:  364:      }
    #####:  365:      else if (mode == GL_POLYGON) SoGLContext_glBegin(glue, GL_POLYGON);
branch  0 never executed (fallthrough)
branch  1 never executed
call    2 never executed
branch  3 never executed (fallthrough)
branch  4 never executed (throw)
        -:  366:
        -:  367:      if ((AttributeBinding)NormalBinding != OVERALL) {
        -:  368:        currnormal = normals++;
        -:  369:        SoGLContext_glNormal3fv(glue, (const GLfloat *)currnormal);
        -:  370:      }
        -:  371:      if ((AttributeBinding)MaterialBinding != OVERALL) {
        -:  372:        mb->send(matnr++, TRUE);
        -:  373:      }
        -:  374:      if (TexturingEnabled == TRUE) {
        -:  375:        tb->send(texnr++, coords->get3(idx), *currnormal);
        -:  376:      }
       5*:  377:      SEND_VERTEX(idx);
branch  0 taken 5 (fallthrough)
branch  1 taken 0
call    2 returned 5
branch  3 taken 5 (fallthrough)
branch  4 taken 0 (throw)
call    5 never executed
branch  6 never executed (fallthrough)
branch  7 never executed (throw)
        5:  378:      idx++;
       20:  379:      while (--n) {
branch  0 taken 15
branch  1 taken 5 (fallthrough)
        -:  380:        if ((AttributeBinding)NormalBinding == PER_VERTEX) {
        -:  381:          currnormal = normals++;
        -:  382:          SoGLContext_glNormal3fv(glue, (const GLfloat *)currnormal);
        -:  383:        }
        -:  384:        if ((AttributeBinding)MaterialBinding == PER_VERTEX) {
        -:  385:          mb->send(matnr++, TRUE);
        -:  386:        } else if ((AttributeBinding)MaterialBinding != OVERALL) {
        -:  387:          // re-send per-face material for each vertex to ensure correct colour on all drivers
        -:  388:          mb->send(matnr-1, TRUE);
        -:  389:        }
        -:  390:
        -:  391:        if (TexturingEnabled == TRUE) {
        -:  392:          tb->send(texnr++, coords->get3(idx), *currnormal);
        -:  393:        }
      15*:  394:        SEND_VERTEX(idx);
branch  0 taken 15 (fallthrough)
branch  1 taken 0
call    2 returned 15
branch  3 taken 15 (fallthrough)
branch  4 taken 0 (throw)
call    5 never executed
branch  6 never executed (fallthrough)
branch  7 never executed (throw)
       15:  395:        idx++;
        -:  396:      }
       5*:  397:      if (mode == GL_POLYGON) SoGLContext_glEnd(glue);
branch  0 taken 0 (fallthrough)
branch  1 taken 5
call    2 never executed
branch  3 never executed (fallthrough)
branch  4 never executed (throw)
        -:  398:    }
        5:  399:    if (mode != GL_POLYGON) SoGLContext_glEnd(glue);
branch  0 taken 5 (fallthrough)
branch  1 taken 0
call    2 returned 5
branch  3 taken 5 (fallthrough)
branch  4 taken 0 (throw)
        -:  400:#undef SEND_VERTEX
        5:  401:  }
------------------
_ZN12_GLOBAL__N_14SoGL7FaceSetL8GLRenderILi0ELi1ELi1EEEvPK11SoGLContextPK21SoGLCoordinateElementPK7SbVec3fP16SoMaterialBundlePK25SoTextureCoordinateBundleiiiiPKiSI_b:
function _ZN12_GLOBAL__N_14SoGL7FaceSetL8GLRenderILi0ELi1ELi1EEEvPK11SoGLContextPK21SoGLCoordinateElementPK7SbVec3fP16SoMaterialBundlePK25SoTextureCoordinateBundleiiiiPKiSI_b called 0 returned 0% blocks executed 0%
    #####:  293:  static void GLRender(const SoGLContext * glue,
        -:  294:                       const SoGLCoordinateElement * coords,
        -:  295:                       const SbVec3f *normals,
        -:  296:                       SoMaterialBundle * mb,
        -:  297:                       const SoTextureCoordinateBundle * tb,
        -:  298:                       int OBOL_UNUSED_ARG(nbind),
        -:  299:                       int OBOL_UNUSED_ARG(mbind),
        -:  300:                       int OBOL_UNUSED_ARG(doTextures),
        -:  301:                       int32_t idx,
        -:  302:                       const int32_t *ptr,
        -:  303:                       const int32_t *end,
        -:  304:                       SbBool needNormals)
        -:  305:  {
        -:  306:    // Make sure specified coordinate startindex is valid
    #####:  307:    assert(idx >= 0);
branch  0 never executed (fallthrough)
branch  1 never executed
call    2 never executed
        -:  308:
    #####:  309:    const SbVec3f * coords3d = NULL;
    #####:  310:    const SbVec4f * coords4d = NULL;
    #####:  311:    const SbBool is3d = coords->is3D();
call    0 never executed
branch  1 never executed (fallthrough)
branch  2 never executed (throw)
    #####:  312:    if (is3d) {
branch  0 never executed (fallthrough)
branch  1 never executed
    #####:  313:      coords3d = coords->getArrayPtr3();
call    0 never executed
branch  1 never executed (fallthrough)
branch  2 never executed (throw)
        -:  314:    }
        -:  315:    else {
    #####:  316:      coords4d = coords->getArrayPtr4();
call    0 never executed
branch  1 never executed (fallthrough)
branch  2 never executed (throw)
        -:  317:    }
    #####:  318:    int numcoords = coords->getNum();
call    0 never executed
branch  1 never executed (fallthrough)
branch  2 never executed (throw)
        -:  319:
        -:  320:    // This is the same code as in SoGLCoordinateElement::send().
        -:  321:    // It is inlined here for speed (~15% speed increase).
        -:  322:#define SEND_VERTEX(_idx_) \
        -:  323:    if (is3d) SoGLContext_glVertex3fv(glue, (const GLfloat*) (coords3d + _idx_)); \
        -:  324:    else SoGLContext_glVertex4fv(glue, (const GLfloat*) (coords4d + _idx_));
        -:  325:
    #####:  326:    int matnr = 0;
    #####:  327:    int texnr = 0;
    #####:  328:    int mode = GL_POLYGON;
        -:  329:    int newmode;
        -:  330:    int n;
        -:  331:
    #####:  332:    SbVec3f dummynormal(0.0f, 0.0f, 1.0f);
call    0 never executed
    #####:  333:    const SbVec3f * currnormal = &dummynormal;
    #####:  334:    if (normals) currnormal = normals;
branch  0 never executed (fallthrough)
branch  1 never executed
        -:  335:    if ((AttributeBinding)NormalBinding == OVERALL) {
    #####:  336:      if (needNormals) SoGLContext_glNormal3fv(glue, (const GLfloat *)currnormal);
branch  0 never executed (fallthrough)
branch  1 never executed
call    2 never executed
branch  3 never executed (fallthrough)
branch  4 never executed (throw)
        -:  337:    }
        -:  338:
    #####:  339:    while (ptr < end) {
branch  0 never executed
branch  1 never executed (fallthrough)
    #####:  340:      n = *ptr++;
        -:  341:
    #####:  342:      if (n < 3 || idx + n > numcoords) {
branch  0 never executed (fallthrough)
branch  1 never executed
branch  2 never executed (fallthrough)
branch  3 never executed
        -:  343:        static uint32_t current_errors = 0;
    #####:  344:        if (current_errors < 1) {
branch  0 never executed (fallthrough)
branch  1 never executed
    #####:  345:          SoDebugError::postWarning("[nonindexedfaceset]::GLRender", "Erroneous "
call    0 never executed
branch  1 never executed (fallthrough)
branch  2 never executed (throw)
        -:  346:                                    "number of coordinates specified: %d. Must "
        -:  347:                                    "be >= 3 and less than or equal to the number of "
        -:  348:                                    "coordinates available (which is: %d). Aborting "
        -:  349:                                    "rendering. This message will be shown only once, "
        -:  350:                                    "but more errors might be present", n, numcoords - idx);
        -:  351:        }
        -:  352:
    #####:  353:        current_errors++;
    #####:  354:        break;
        -:  355:      }
        -:  356:
    #####:  357:      if (n == 3) newmode = GL_TRIANGLES;
branch  0 never executed (fallthrough)
branch  1 never executed
    #####:  358:      else if (n == 4) newmode = GL_QUADS;
branch  0 never executed (fallthrough)
branch  1 never executed
    #####:  359:      else newmode = GL_POLYGON;
    #####:  360:      if (newmode != mode) {
branch  0 never executed (fallthrough)
branch  1 never executed
    #####:  361:        if (mode != GL_POLYGON) SoGLContext_glEnd(glue);
branch  0 never executed (fallthrough)
branch  1 never executed
call    2 never executed
branch  3 never executed (fallthrough)
branch  4 never executed (throw)
    #####:  362:        mode = newmode;
    #####:  363:        SoGLContext_glBegin(glue, (GLenum) mode);
call    0 never executed
branch  1 never executed (fallthrough)
branch  2 never executed (throw)
        -:  364:      }
    #####:  365:      else if (mode == GL_POLYGON) SoGLContext_glBegin(glue, GL_POLYGON);
branch  0 never executed (fallthrough)
branch  1 never executed
call    2 never executed
branch  3 never executed (fallthrough)
branch  4 never executed (throw)
        -:  366:
        -:  367:      if ((AttributeBinding)NormalBinding != OVERALL) {
        -:  368:        currnormal = normals++;
        -:  369:        SoGLContext_glNormal3fv(glue, (const GLfloat *)currnormal);
        -:  370:      }
        -:  371:      if ((AttributeBinding)MaterialBinding != OVERALL) {
    #####:  372:        mb->send(matnr++, TRUE);
call    0 never executed
branch  1 never executed (fallthrough)
branch  2 never executed (throw)
        -:  373:      }
        -:  374:      if (TexturingEnabled == TRUE) {
    #####:  375:        tb->send(texnr++, coords->get3(idx), *currnormal);
call    0 never executed
branch  1 never executed (fallthrough)
branch  2 never executed (throw)
call    3 never executed
branch  4 never executed (fallthrough)
branch  5 never executed (throw)
        -:  376:      }
    #####:  377:      SEND_VERTEX(idx);
branch  0 never executed (fallthrough)
branch  1 never executed
call    2 never executed
branch  3 never executed (fallthrough)
branch  4 never executed (throw)
call    5 never executed
branch  6 never executed (fallthrough)
branch  7 never executed (throw)
    #####:  378:      idx++;
    #####:  379:      while (--n) {
branch  0 never executed
branch  1 never executed (fallthrough)
        -:  380:        if ((AttributeBinding)NormalBinding == PER_VERTEX) {
        -:  381:          currnormal = normals++;
        -:  382:          SoGLContext_glNormal3fv(glue, (const GLfloat *)currnormal);
        -:  383:        }
        -:  384:        if ((AttributeBinding)MaterialBinding == PER_VERTEX) {
        -:  385:          mb->send(matnr++, TRUE);
        -:  386:        } else if ((AttributeBinding)MaterialBinding != OVERALL) {
        -:  387:          // re-send per-face material for each vertex to ensure correct colour on all drivers
    #####:  388:          mb->send(matnr-1, TRUE);
call    0 never executed
branch  1 never executed (fallthrough)
branch  2 never executed (throw)
        -:  389:        }
        -:  390:
        -:  391:        if (TexturingEnabled == TRUE) {
    #####:  392:          tb->send(texnr++, coords->get3(idx), *currnormal);
call    0 never executed
branch  1 never executed (fallthrough)
branch  2 never executed (throw)
call    3 never executed
branch  4 never executed (fallthrough)
branch  5 never executed (throw)
        -:  393:        }
    #####:  394:        SEND_VERTEX(idx);
branch  0 never executed (fallthrough)
branch  1 never executed
call    2 never executed
branch  3 never executed (fallthrough)
branch  4 never executed (throw)
call    5 never executed
branch  6 never executed (fallthrough)
branch  7 never executed (throw)
    #####:  395:        idx++;
        -:  396:      }
    #####:  397:      if (mode == GL_POLYGON) SoGLContext_glEnd(glue);
branch  0 never executed (fallthrough)
branch  1 never executed
call    2 never executed
branch  3 never executed (fallthrough)
branch  4 never executed (throw)
        -:  398:    }
    #####:  399:    if (mode != GL_POLYGON) SoGLContext_glEnd(glue);
branch  0 never executed (fallthrough)
branch  1 never executed
call    2 never executed
branch  3 never executed (fallthrough)
branch  4 never executed (throw)
        -:  400:#undef SEND_VERTEX
    #####:  401:  }
------------------
_ZN12_GLOBAL__N_14SoGL7FaceSetL8GLRenderILi0ELi1ELi0EEEvPK11SoGLContextPK21SoGLCoordinateElementPK7SbVec3fP16SoMaterialBundlePK25SoTextureCoordinateBundleiiiiPKiSI_b:
function _ZN12_GLOBAL__N_14SoGL7FaceSetL8GLRenderILi0ELi1ELi0EEEvPK11SoGLContextPK21SoGLCoordinateElementPK7SbVec3fP16SoMaterialBundlePK25SoTextureCoordinateBundleiiiiPKiSI_b called 0 returned 0% blocks executed 0%
    #####:  293:  static void GLRender(const SoGLContext * glue,
        -:  294:                       const SoGLCoordinateElement * coords,
        -:  295:                       const SbVec3f *normals,
        -:  296:                       SoMaterialBundle * mb,
        -:  297:                       const SoTextureCoordinateBundle * tb,
        -:  298:                       int OBOL_UNUSED_ARG(nbind),
        -:  299:                       int OBOL_UNUSED_ARG(mbind),
        -:  300:                       int OBOL_UNUSED_ARG(doTextures),
        -:  301:                       int32_t idx,
        -:  302:                       const int32_t *ptr,
        -:  303:                       const int32_t *end,
        -:  304:                       SbBool needNormals)
        -:  305:  {
        -:  306:    // Make sure specified coordinate startindex is valid
    #####:  307:    assert(idx >= 0);
branch  0 never executed (fallthrough)
branch  1 never executed
call    2 never executed
        -:  308:
    #####:  309:    const SbVec3f * coords3d = NULL;
    #####:  310:    const SbVec4f * coords4d = NULL;
    #####:  311:    const SbBool is3d = coords->is3D();
call    0 never executed
branch  1 never executed (fallthrough)
branch  2 never executed (throw)
    #####:  312:    if (is3d) {
branch  0 never executed (fallthrough)
branch  1 never executed
    #####:  313:      coords3d = coords->getArrayPtr3();
call    0 never executed
branch  1 never executed (fallthrough)
branch  2 never executed (throw)
        -:  314:    }
        -:  315:    else {
    #####:  316:      coords4d = coords->getArrayPtr4();
call    0 never executed
branch  1 never executed (fallthrough)
branch  2 never executed (throw)
        -:  317:    }
    #####:  318:    int numcoords = coords->getNum();
call    0 never executed
branch  1 never executed (fallthrough)
branch  2 never executed (throw)
        -:  319:
        -:  320:    // This is the same code as in SoGLCoordinateElement::send().
        -:  321:    // It is inlined here for speed (~15% speed increase).
        -:  322:#define SEND_VERTEX(_idx_) \
        -:  323:    if (is3d) SoGLContext_glVertex3fv(glue, (const GLfloat*) (coords3d + _idx_)); \
        -:  324:    else SoGLContext_glVertex4fv(glue, (const GLfloat*) (coords4d + _idx_));
        -:  325:
    #####:  326:    int matnr = 0;
    #####:  327:    int texnr = 0;
    #####:  328:    int mode = GL_POLYGON;
        -:  329:    int newmode;
        -:  330:    int n;
        -:  331:
    #####:  332:    SbVec3f dummynormal(0.0f, 0.0f, 1.0f);
call    0 never executed
    #####:  333:    const SbVec3f * currnormal = &dummynormal;
    #####:  334:    if (normals) currnormal = normals;
branch  0 never executed (fallthrough)
branch  1 never executed
        -:  335:    if ((AttributeBinding)NormalBinding == OVERALL) {
    #####:  336:      if (needNormals) SoGLContext_glNormal3fv(glue, (const GLfloat *)currnormal);
branch  0 never executed (fallthrough)
branch  1 never executed
call    2 never executed
branch  3 never executed (fallthrough)
branch  4 never executed (throw)
        -:  337:    }
        -:  338:
    #####:  339:    while (ptr < end) {
branch  0 never executed
branch  1 never executed (fallthrough)
    #####:  340:      n = *ptr++;
        -:  341:
    #####:  342:      if (n < 3 || idx + n > numcoords) {
branch  0 never executed (fallthrough)
branch  1 never executed
branch  2 never executed (fallthrough)
branch  3 never executed
        -:  343:        static uint32_t current_errors = 0;
    #####:  344:        if (current_errors < 1) {
branch  0 never executed (fallthrough)
branch  1 never executed
    #####:  345:          SoDebugError::postWarning("[nonindexedfaceset]::GLRender", "Erroneous "
call    0 never executed
branch  1 never executed (fallthrough)
branch  2 never executed (throw)
        -:  346:                                    "number of coordinates specified: %d. Must "
        -:  347:                                    "be >= 3 and less than or equal to the number of "
        -:  348:                                    "coordinates available (which is: %d). Aborting "
        -:  349:                                    "rendering. This message will be shown only once, "
        -:  350:                                    "but more errors might be present", n, numcoords - idx);
        -:  351:        }
        -:  352:
    #####:  353:        current_errors++;
    #####:  354:        break;
        -:  355:      }
        -:  356:
    #####:  357:      if (n == 3) newmode = GL_TRIANGLES;
branch  0 never executed (fallthrough)
branch  1 never executed
    #####:  358:      else if (n == 4) newmode = GL_QUADS;
branch  0 never executed (fallthrough)
branch  1 never executed
    #####:  359:      else newmode = GL_POLYGON;
    #####:  360:      if (newmode != mode) {
branch  0 never executed (fallthrough)
branch  1 never executed
    #####:  361:        if (mode != GL_POLYGON) SoGLContext_glEnd(glue);
branch  0 never executed (fallthrough)
branch  1 never executed
call    2 never executed
branch  3 never executed (fallthrough)
branch  4 never executed (throw)
    #####:  362:        mode = newmode;
    #####:  363:        SoGLContext_glBegin(glue, (GLenum) mode);
call    0 never executed
branch  1 never executed (fallthrough)
branch  2 never executed (throw)
        -:  364:      }
    #####:  365:      else if (mode == GL_POLYGON) SoGLContext_glBegin(glue, GL_POLYGON);
branch  0 never executed (fallthrough)
branch  1 never executed
call    2 never executed
branch  3 never executed (fallthrough)
branch  4 never executed (throw)
        -:  366:
        -:  367:      if ((AttributeBinding)NormalBinding != OVERALL) {
        -:  368:        currnormal = normals++;
        -:  369:        SoGLContext_glNormal3fv(glue, (const GLfloat *)currnormal);
        -:  370:      }
        -:  371:      if ((AttributeBinding)MaterialBinding != OVERALL) {
    #####:  372:        mb->send(matnr++, TRUE);
call    0 never executed
branch  1 never executed (fallthrough)
branch  2 never executed (throw)
        -:  373:      }
        -:  374:      if (TexturingEnabled == TRUE) {
        -:  375:        tb->send(texnr++, coords->get3(idx), *currnormal);
        -:  376:      }
    #####:  377:      SEND_VERTEX(idx);
branch  0 never executed (fallthrough)
branch  1 never executed
call    2 never executed
branch  3 never executed (fallthrough)
branch  4 never executed (throw)
call    5 never executed
branch  6 never executed (fallthrough)
branch  7 never executed (throw)
    #####:  378:      idx++;
    #####:  379:      while (--n) {
branch  0 never executed
branch  1 never executed (fallthrough)
        -:  380:        if ((AttributeBinding)NormalBinding == PER_VERTEX) {
        -:  381:          currnormal = normals++;
        -:  382:          SoGLContext_glNormal3fv(glue, (const GLfloat *)currnormal);
        -:  383:        }
        -:  384:        if ((AttributeBinding)MaterialBinding == PER_VERTEX) {
        -:  385:          mb->send(matnr++, TRUE);
        -:  386:        } else if ((AttributeBinding)MaterialBinding != OVERALL) {
        -:  387:          // re-send per-face material for each vertex to ensure correct colour on all drivers
    #####:  388:          mb->send(matnr-1, TRUE);
call    0 never executed
branch  1 never executed (fallthrough)
branch  2 never executed (throw)
        -:  389:        }
        -:  390:
        -:  391:        if (TexturingEnabled == TRUE) {
        -:  392:          tb->send(texnr++, coords->get3(idx), *currnormal);
        -:  393:        }
    #####:  394:        SEND_VERTEX(idx);
branch  0 never executed (fallthrough)
branch  1 never executed
call    2 never executed
branch  3 never executed (fallthrough)
branch  4 never executed (throw)
call    5 never executed
branch  6 never executed (fallthrough)
branch  7 never executed (throw)
    #####:  395:        idx++;
        -:  396:      }
    #####:  397:      if (mode == GL_POLYGON) SoGLContext_glEnd(glue);
branch  0 never executed (fallthrough)
branch  1 never executed
call    2 never executed
branch  3 never executed (fallthrough)
branch  4 never executed (throw)
        -:  398:    }
    #####:  399:    if (mode != GL_POLYGON) SoGLContext_glEnd(glue);
branch  0 never executed (fallthrough)
branch  1 never executed
call    2 never executed
branch  3 never executed (fallthrough)
branch  4 never executed (throw)
        -:  400:#undef SEND_VERTEX
    #####:  401:  }
------------------
_ZN12_GLOBAL__N_14SoGL7FaceSetL8GLRenderILi0ELi2ELi1EEEvPK11SoGLContextPK21SoGLCoordinateElementPK7SbVec3fP16SoMaterialBundlePK25SoTextureCoordinateBundleiiiiPKiSI_b:
function _ZN12_GLOBAL__N_14SoGL7FaceSetL8GLRenderILi0ELi2ELi1EEEvPK11SoGLContextPK21SoGLCoordinateElementPK7SbVec3fP16SoMaterialBundlePK25SoTextureCoordinateBundleiiiiPKiSI_b called 0 returned 0% blocks executed 0%
    #####:  293:  static void GLRender(const SoGLContext * glue,
        -:  294:                       const SoGLCoordinateElement * coords,
        -:  295:                       const SbVec3f *normals,
        -:  296:                       SoMaterialBundle * mb,
        -:  297:                       const SoTextureCoordinateBundle * tb,
        -:  298:                       int OBOL_UNUSED_ARG(nbind),
        -:  299:                       int OBOL_UNUSED_ARG(mbind),
        -:  300:                       int OBOL_UNUSED_ARG(doTextures),
        -:  301:                       int32_t idx,
        -:  302:                       const int32_t *ptr,
        -:  303:                       const int32_t *end,
        -:  304:                       SbBool needNormals)
        -:  305:  {
        -:  306:    // Make sure specified coordinate startindex is valid
    #####:  307:    assert(idx >= 0);
branch  0 never executed (fallthrough)
branch  1 never executed
call    2 never executed
        -:  308:
    #####:  309:    const SbVec3f * coords3d = NULL;
    #####:  310:    const SbVec4f * coords4d = NULL;
    #####:  311:    const SbBool is3d = coords->is3D();
call    0 never executed
branch  1 never executed (fallthrough)
branch  2 never executed (throw)
    #####:  312:    if (is3d) {
branch  0 never executed (fallthrough)
branch  1 never executed
    #####:  313:      coords3d = coords->getArrayPtr3();
call    0 never executed
branch  1 never executed (fallthrough)
branch  2 never executed (throw)
        -:  314:    }
        -:  315:    else {
    #####:  316:      coords4d = coords->getArrayPtr4();
call    0 never executed
branch  1 never executed (fallthrough)
branch  2 never executed (throw)
        -:  317:    }
    #####:  318:    int numcoords = coords->getNum();
call    0 never executed
branch  1 never executed (fallthrough)
branch  2 never executed (throw)
        -:  319:
        -:  320:    // This is the same code as in SoGLCoordinateElement::send().
        -:  321:    // It is inlined here for speed (~15% speed increase).
        -:  322:#define SEND_VERTEX(_idx_) \
        -:  323:    if (is3d) SoGLContext_glVertex3fv(glue, (const GLfloat*) (coords3d + _idx_)); \
        -:  324:    else SoGLContext_glVertex4fv(glue, (const GLfloat*) (coords4d + _idx_));
        -:  325:
    #####:  326:    int matnr = 0;
    #####:  327:    int texnr = 0;
    #####:  328:    int mode = GL_POLYGON;
        -:  329:    int newmode;
        -:  330:    int n;
        -:  331:
    #####:  332:    SbVec3f dummynormal(0.0f, 0.0f, 1.0f);
call    0 never executed
    #####:  333:    const SbVec3f * currnormal = &dummynormal;
    #####:  334:    if (normals) currnormal = normals;
branch  0 never executed (fallthrough)
branch  1 never executed
        -:  335:    if ((AttributeBinding)NormalBinding == OVERALL) {
    #####:  336:      if (needNormals) SoGLContext_glNormal3fv(glue, (const GLfloat *)currnormal);
branch  0 never executed (fallthrough)
branch  1 never executed
call    2 never executed
branch  3 never executed (fallthrough)
branch  4 never executed (throw)
        -:  337:    }
        -:  338:
    #####:  339:    while (ptr < end) {
branch  0 never executed
branch  1 never executed (fallthrough)
    #####:  340:      n = *ptr++;
        -:  341:
    #####:  342:      if (n < 3 || idx + n > numcoords) {
branch  0 never executed (fallthrough)
branch  1 never executed
branch  2 never executed (fallthrough)
branch  3 never executed
        -:  343:        static uint32_t current_errors = 0;
    #####:  344:        if (current_errors < 1) {
branch  0 never executed (fallthrough)
branch  1 never executed
    #####:  345:          SoDebugError::postWarning("[nonindexedfaceset]::GLRender", "Erroneous "
call    0 never executed
branch  1 never executed (fallthrough)
branch  2 never executed (throw)
        -:  346:                                    "number of coordinates specified: %d. Must "
        -:  347:                                    "be >= 3 and less than or equal to the number of "
        -:  348:                                    "coordinates available (which is: %d). Aborting "
        -:  349:                                    "rendering. This message will be shown only once, "
        -:  350:                                    "but more errors might be present", n, numcoords - idx);
        -:  351:        }
        -:  352:
    #####:  353:        current_errors++;
    #####:  354:        break;
        -:  355:      }
        -:  356:
    #####:  357:      if (n == 3) newmode = GL_TRIANGLES;
branch  0 never executed (fallthrough)
branch  1 never executed
    #####:  358:      else if (n == 4) newmode = GL_QUADS;
branch  0 never executed (fallthrough)
branch  1 never executed
    #####:  359:      else newmode = GL_POLYGON;
    #####:  360:      if (newmode != mode) {
branch  0 never executed (fallthrough)
branch  1 never executed
    #####:  361:        if (mode != GL_POLYGON) SoGLContext_glEnd(glue);
branch  0 never executed (fallthrough)
branch  1 never executed
call    2 never executed
branch  3 never executed (fallthrough)
branch  4 never executed (throw)
    #####:  362:        mode = newmode;
    #####:  363:        SoGLContext_glBegin(glue, (GLenum) mode);
call    0 never executed
branch  1 never executed (fallthrough)
branch  2 never executed (throw)
        -:  364:      }
    #####:  365:      else if (mode == GL_POLYGON) SoGLContext_glBegin(glue, GL_POLYGON);
branch  0 never executed (fallthrough)
branch  1 never executed
call    2 never executed
branch  3 never executed (fallthrough)
branch  4 never executed (throw)
        -:  366:
        -:  367:      if ((AttributeBinding)NormalBinding != OVERALL) {
        -:  368:        currnormal = normals++;
        -:  369:        SoGLContext_glNormal3fv(glue, (const GLfloat *)currnormal);
        -:  370:      }
        -:  371:      if ((AttributeBinding)MaterialBinding != OVERALL) {
    #####:  372:        mb->send(matnr++, TRUE);
call    0 never executed
branch  1 never executed (fallthrough)
branch  2 never executed (throw)
        -:  373:      }
        -:  374:      if (TexturingEnabled == TRUE) {
    #####:  375:        tb->send(texnr++, coords->get3(idx), *currnormal);
call    0 never executed
branch  1 never executed (fallthrough)
branch  2 never executed (throw)
call    3 never executed
branch  4 never executed (fallthrough)
branch  5 never executed (throw)
        -:  376:      }
    #####:  377:      SEND_VERTEX(idx);
branch  0 never executed (fallthrough)
branch  1 never executed
call    2 never executed
branch  3 never executed (fallthrough)
branch  4 never executed (throw)
call    5 never executed
branch  6 never executed (fallthrough)
branch  7 never executed (throw)
    #####:  378:      idx++;
    #####:  379:      while (--n) {
branch  0 never executed
branch  1 never executed (fallthrough)
        -:  380:        if ((AttributeBinding)NormalBinding == PER_VERTEX) {
        -:  381:          currnormal = normals++;
        -:  382:          SoGLContext_glNormal3fv(glue, (const GLfloat *)currnormal);
        -:  383:        }
        -:  384:        if ((AttributeBinding)MaterialBinding == PER_VERTEX) {
    #####:  385:          mb->send(matnr++, TRUE);
call    0 never executed
branch  1 never executed (fallthrough)
branch  2 never executed (throw)
        -:  386:        } else if ((AttributeBinding)MaterialBinding != OVERALL) {
        -:  387:          // re-send per-face material for each vertex to ensure correct colour on all drivers
        -:  388:          mb->send(matnr-1, TRUE);
        -:  389:        }
        -:  390:
        -:  391:        if (TexturingEnabled == TRUE) {
    #####:  392:          tb->send(texnr++, coords->get3(idx), *currnormal);
call    0 never executed
branch  1 never executed (fallthrough)
branch  2 never executed (throw)
call    3 never executed
branch  4 never executed (fallthrough)
branch  5 never executed (throw)
        -:  393:        }
    #####:  394:        SEND_VERTEX(idx);
branch  0 never executed (fallthrough)
branch  1 never executed
call    2 never executed
branch  3 never executed (fallthrough)
branch  4 never executed (throw)
call    5 never executed
branch  6 never executed (fallthrough)
branch  7 never executed (throw)
    #####:  395:        idx++;
        -:  396:      }
    #####:  397:      if (mode == GL_POLYGON) SoGLContext_glEnd(glue);
branch  0 never executed (fallthrough)
branch  1 never executed
call    2 never executed
branch  3 never executed (fallthrough)
branch  4 never executed (throw)
        -:  398:    }
    #####:  399:    if (mode != GL_POLYGON) SoGLContext_glEnd(glue);
branch  0 never executed (fallthrough)
branch  1 never executed
call    2 never executed
branch  3 never executed (fallthrough)
branch  4 never executed (throw)
        -:  400:#undef SEND_VERTEX
    #####:  401:  }
------------------
_ZN12_GLOBAL__N_14SoGL7FaceSetL8GLRenderILi0ELi2ELi0EEEvPK11SoGLContextPK21SoGLCoordinateElementPK7SbVec3fP16SoMaterialBundlePK25SoTextureCoordinateBundleiiiiPKiSI_b:
function _ZN12_GLOBAL__N_14SoGL7FaceSetL8GLRenderILi0ELi2ELi0EEEvPK11SoGLContextPK21SoGLCoordinateElementPK7SbVec3fP16SoMaterialBundlePK25SoTextureCoordinateBundleiiiiPKiSI_b called 8 returned 100% blocks executed 72%
        8:  293:  static void GLRender(const SoGLContext * glue,
        -:  294:                       const SoGLCoordinateElement * coords,
        -:  295:                       const SbVec3f *normals,
        -:  296:                       SoMaterialBundle * mb,
        -:  297:                       const SoTextureCoordinateBundle * tb,
        -:  298:                       int OBOL_UNUSED_ARG(nbind),
        -:  299:                       int OBOL_UNUSED_ARG(mbind),
        -:  300:                       int OBOL_UNUSED_ARG(doTextures),
        -:  301:                       int32_t idx,
        -:  302:                       const int32_t *ptr,
        -:  303:                       const int32_t *end,
        -:  304:                       SbBool needNormals)
        -:  305:  {
[...]
branch  4 taken 0 (throw)
        -:  899:
       13:  900:  if (nc) {
branch  0 taken 5 (fallthrough)
branch  1 taken 8
        5:  901:    this->readUnlockNormalCache();
call    0 returned 5
branch  1 taken 5 (fallthrough)
branch  2 taken 0 (throw)
        -:  902:  }
        -:  903:
       13:  904:  if (this->vertexProperty.getValue())
call    0 returned 13
branch  1 taken 13 (fallthrough)
branch  2 taken 0 (throw)
branch  3 taken 0 (fallthrough)
branch  4 taken 13
    #####:  905:    state->pop();
call    0 never executed
branch  1 never executed (fallthrough)
branch  2 never executed (throw)
       13:  906:}
call    0 returned 13
call    1 returned 13
call    2 returned 13
call    3 returned 13
call    4 never executed
call    5 never executed
call    6 never executed
call    7 never executed
        -:  907:
        -:  908:// Documented in superclass.
        -:  909:void
function _ZN9SoFaceSet6notifyEP9SoNotList called 96 returned 100% blocks executed 89%
       96:  910:SoFaceSet::notify(SoNotList * l)
        -:  911:{
        -:  912:  // Overridden to invalidate convex cache.
       96:  913:  PRIVATE(this)->readLockConvexCache();
call    0 returned 96
      96*:  914:  if (PRIVATE(this)->convexCache) PRIVATE(this)->convexCache->invalidate();
branch  0 taken 0 (fallthrough)
branch  1 taken 96
call    2 never executed
       96:  915:  PRIVATE(this)->readUnlockConvexCache();
call    0 returned 96
       96:  916:  SoField *f = l->getLastField();
call    0 returned 96
       96:  917:  if (f == &this->numVertices) {
branch  0 taken 93 (fallthrough)
branch  1 taken 3
       93:  918:    PRIVATE(this)->concavestatus = STATUS_UNKNOWN;
       93:  919:    PRIVATE(this)->primitivetype = UNKNOWN_TYPE;
        -:  920:  }
       96:  921:  inherited::notify(l);
call    0 returned 96
       96:  922:}
        -:  923:
        -:  924://
        -:  925:// internal method which checks if convex cache needs to be
        -:  926:// used or (re)created. Renders the shape if convex cache needs to be used.
        -:  927://
        -:  928:SbBool
function _ZN9SoFaceSet14useConvexCacheEP8SoAction called 94 returned 100% blocks executed 4%
       94:  929:SoFaceSet::useConvexCache(SoAction * action)
        -:  930:{
       94:  931:  SoState * state = action->getState();
call    0 returned 94
branch  1 taken 94 (fallthrough)
branch  2 taken 0 (throw)
       94:  932:  if (SoShapeHintsElement::getFaceType(state) == SoShapeHintsElement::CONVEX)
call    0 returned 94
branch  1 taken 94 (fallthrough)
branch  2 taken 0 (throw)
branch  3 taken 94 (fallthrough)
branch  4 taken 0
       94:  933:    return FALSE;
        -:  934:
    #####:  935:  int32_t idx = this->startIndex.getValue();
call    0 never executed
branch  1 never executed (fallthrough)
branch  2 never executed (throw)
    #####:  936:  const int32_t * ptr = this->numVertices.getValues(0);;
call    0 never executed
branch  1 never executed (fallthrough)
branch  2 never executed (throw)
    #####:  937:  const int32_t * end = ptr + this->numVertices.getNum();
call    0 never executed
branch  1 never executed (fallthrough)
branch  2 never executed (throw)
        -:  938:  int32_t dummyarray[1];
    #####:  939:  this->fixNumVerticesPointers(state, ptr, end, dummyarray);
call    0 never executed
branch  1 never executed (fallthrough)
branch  2 never executed (throw)
        -:  940:
    #####:  941:  if (PRIVATE(this)->concavestatus == STATUS_UNKNOWN) {
branch  0 never executed (fallthrough)
branch  1 never executed
    #####:  942:    const int32_t * tst = ptr;
    #####:  943:    while (tst < end) {
branch  0 never executed
branch  1 never executed (fallthrough)
    #####:  944:      if (*tst > 3) break;
branch  0 never executed (fallthrough)
branch  1 never executed
    #####:  945:      tst++;
        -:  946:    }
    #####:  947:    if (tst < end) PRIVATE(this)->concavestatus = STATUS_CONCAVE;
branch  0 never executed (fallthrough)
branch  1 never executed
    #####:  948:    else PRIVATE(this)->concavestatus = STATUS_CONVEX;
        -:  949:  }
    #####:  950:  if (PRIVATE(this)->concavestatus == STATUS_CONVEX) {
branch  0 never executed (fallthrough)
branch  1 never executed
    #####:  951:    return FALSE;
        -:  952:  }
        -:  953:
    #####:  954:  PRIVATE(this)->readLockConvexCache();
call    0 never executed
branch  1 never executed (fallthrough)
branch  2 never executed (throw)
        -:  955:
    #####:  956:  SbBool isvalid = PRIVATE(this)->convexCache && PRIVATE(this)->convexCache->isValid(state);
branch  0 never executed (fallthrough)
branch  1 never executed
call    2 never executed
branch  3 never executed (fallthrough)
branch  4 never executed (throw)
branch  5 never executed (fallthrough)
branch  6 never executed
        -:  957:
    #####:  958:  SbMatrix modelmatrix;
call    0 never executed
branch  1 never executed (fallthrough)
branch  2 never executed (throw)
    #####:  959:  if (!isvalid) {
branch  0 never executed (fallthrough)
branch  1 never executed
    #####:  960:    PRIVATE(this)->readUnlockConvexCache();
call    0 never executed
branch  1 never executed (fallthrough)
branch  2 never executed (throw)
    #####:  961:    PRIVATE(this)->writeLockConvexCache();
call    0 never executed
branch  1 never executed (fallthrough)
branch  2 never executed (throw)
    #####:  962:    if (PRIVATE(this)->convexCache) PRIVATE(this)->convexCache->unref();
branch  0 never executed (fallthrough)
branch  1 never executed
call    2 never executed
branch  3 never executed (fallthrough)
branch  4 never executed (throw)
        -:  963:
        -:  964:    // use nopush to avoid cache dependencies.
        -:  965:    SoModelMatrixElement * nopushelem = (SoModelMatrixElement*)
    #####:  966:      state->getElementNoPush(SoModelMatrixElement::getClassStackIndex());
call    0 never executed
branch  1 never executed (fallthrough)
branch  2 never executed (throw)
call    3 never executed
branch  4 never executed (fallthrough)
branch  5 never executed (throw)
        -:  967:
        -:  968:    // need to send matrix if we have some weird transformation
    #####:  969:    modelmatrix = nopushelem->getModelMatrix();
call    0 never executed
branch  1 never executed (fallthrough)
branch  2 never executed (throw)
call    3 never executed
branch  4 never executed (fallthrough)
branch  5 never executed (throw)
    #####:  970:    if (modelmatrix[3][0] == 0.0f &&
call    0 never executed
branch  1 never executed (fallthrough)
branch  2 never executed (throw)
    #####:  971:        modelmatrix[3][1] == 0.0f &&
call    0 never executed
branch  1 never executed (fallthrough)
branch  2 never executed (throw)
branch  3 never executed (fallthrough)
branch  4 never executed
    #####:  972:        modelmatrix[3][2] == 0.0f &&
branch  0 never executed (fallthrough)
branch  1 never executed
call    2 never executed
branch  3 never executed (fallthrough)
branch  4 never executed (throw)
branch  5 never executed (fallthrough)
branch  6 never executed
branch  7 never executed (fallthrough)
branch  8 never executed
    #####:  973:        modelmatrix[3][3] == 1.0f) modelmatrix = SbMatrix::identity();
call    0 never executed
branch  1 never executed (fallthrough)
branch  2 never executed (throw)
branch  3 never executed (fallthrough)
branch  4 never executed
call    5 never executed
branch  6 never executed (fallthrough)
branch  7 never executed (throw)
call    8 never executed
branch  9 never executed (fallthrough)
branch 10 never executed (throw)
call   11 never executed
call   12 never executed
        -:  974:
    #####:  975:    PRIVATE(this)->convexCache = new SoConvexDataCache(state);
call    0 never executed
branch  1 never executed (fallthrough)
branch  2 never executed (throw)
call    3 never executed
branch  4 never executed (fallthrough)
branch  5 never executed (throw)
branch  6 never executed (fallthrough)
branch  7 never executed
call    8 never executed
    #####:  976:    PRIVATE(this)->convexCache->ref();
call    0 never executed
branch  1 never executed (fallthrough)
branch  2 never executed (throw)
    #####:  977:    SoCacheElement::set(state, PRIVATE(this)->convexCache);
call    0 never executed
branch  1 never executed (fallthrough)
branch  2 never executed (throw)
        -:  978:  }
        -:  979:
        -:  980:  const SoCoordinateElement * tmp;
        -:  981:  const SbVec3f * normals;
        -:  982:  SbBool doTextures;
        -:  983:
    #####:  984:  SoMaterialBundle mb(action);
call    0 never executed
branch  1 never executed (fallthrough)
branch  2 never executed (throw)
        -:  985:
    #####:  986:  SbBool needNormals = !mb.isColorOnly();
call    0 never executed
branch  1 never executed (fallthrough)
branch  2 never executed (throw)
        -:  987:
    #####:  988:  SoVertexShape::getVertexData(state, tmp, normals,
call    0 never executed
branch  1 never executed (fallthrough)
branch  2 never executed (throw)
        -:  989:                               needNormals);
        -:  990:
    #####:  991:  const SoGLCoordinateElement * coords = (SoGLCoordinateElement *)tmp;
        -:  992:
    #####:  993:  SoTextureCoordinateBundle tb(action, TRUE, FALSE);
call    0 never executed
branch  1 never executed (fallthrough)
branch  2 never executed (throw)
    #####:  994:  doTextures = tb.needCoordinates();
call    0 never executed
branch  1 never executed (fallthrough)
branch  2 never executed (throw)
        -:  995:
        -:  996:  SoConvexDataCache::Binding mbind;
        -:  997:
    #####:  998:  switch (this->findMaterialBinding(state)) {
call    0 never executed
branch  1 never executed (fallthrough)
branch  2 never executed (throw)
branch  3 never executed
branch  4 never executed
branch  5 never executed
branch  6 never executed
    #####:  999:  case OVERALL:
    #####: 1000:    mbind = SoConvexDataCache::NONE;
    #####: 1001:    break;
    #####: 1002:  case PER_VERTEX:
    #####: 1003:    mbind = SoConvexDataCache::PER_VERTEX;
    #####: 1004:    break;
    #####: 1005:  case PER_FACE:
    #####: 1006:    mbind = SoConvexDataCache::PER_FACE;
    #####: 1007:    break;
    #####: 1008:  default:
    #####: 1009:    mbind = SoConvexDataCache::NONE;
    #####: 1010:    break;
        -: 1011:  }
        -: 1012:
        -: 1013:  SoConvexDataCache::Binding nbind;
    #####: 1014:  switch (this->findNormalBinding(state)) {
call    0 never executed
branch  1 never executed (fallthrough)
branch  2 never executed (throw)
branch  3 never executed
branch  4 never executed
branch  5 never executed
branch  6 never executed
    #####: 1015:  case OVERALL:
    #####: 1016:    nbind = SoConvexDataCache::NONE;
    #####: 1017:    break;
    #####: 1018:  case PER_VERTEX:
    #####: 1019:    nbind = SoConvexDataCache::PER_VERTEX;
    #####: 1020:    break;
    #####: 1021:  case PER_FACE:
    #####: 1022:    nbind = SoConvexDataCache::PER_FACE;
    #####: 1023:    break;
    #####: 1024:  default:
    #####: 1025:    nbind = SoConvexDataCache::NONE;
    #####: 1026:    break;
        -: 1027:  }
        -: 1028:
    #####: 1029:  SoNormalCache * nc = NULL;
        -: 1030:
    #####: 1031:  if (needNormals && normals == NULL) {
branch  0 never executed (fallthrough)
branch  1 never executed
branch  2 never executed (fallthrough)
branch  3 never executed
    #####: 1032:    nc = this->generateAndReadLockNormalCache(state);
call    0 never executed
branch  1 never executed (fallthrough)
branch  2 never executed (throw)
    #####: 1033:    normals = nc->getNormals();
call    0 never executed
branch  1 never executed (fallthrough)
branch  2 never executed (throw)
        -: 1034:  }
    #####: 1035:  else if (!needNormals) {
branch  0 never executed (fallthrough)
branch  1 never executed
    #####: 1036:    nbind = SoConvexDataCache::NONE;
        -: 1037:  }
    #####: 1038:  if (nbind == SoConvexDataCache::NONE && normals == NULL) {
branch  0 never executed (fallthrough)
branch  1 never executed
branch  2 never executed (fallthrough)
branch  3 never executed
    #####: 1039:    static SbVec3f dummynormal;
branch  0 never executed (fallthrough)
branch  1 never executed
call    2 never executed
branch  3 never executed (fallthrough)
branch  4 never executed
call    5 never executed
call    6 never executed
    #####: 1040:    dummynormal.setValue(0.0f, 0.0f, 1.0f);
call    0 never executed
    #####: 1041:    normals = &dummynormal;
        -: 1042:  }
        -: 1043:
    #####: 1044:  SoConvexDataCache::Binding tbind = SoConvexDataCache::NONE;
    #####: 1045:  if (tb.needCoordinates()) tbind = SoConvexDataCache::PER_VERTEX;
call    0 never executed
branch  1 never executed (fallthrough)
branch  2 never executed (throw)
branch  3 never executed (fallthrough)
branch  4 never executed
        -: 1046:
    #####: 1047:  if (!isvalid) {
branch  0 never executed (fallthrough)
branch  1 never executed
    #####: 1048:    SoCacheElement::set(state, NULL); // close cache
call    0 never executed
branch  1 never executed (fallthrough)
branch  2 never executed (throw)
        -: 1049:    // create an index table to be able to use convex cache.
        -: 1050:    // should be fast compared to the tessellation
    #####: 1051:    const ptrdiff_t diff = end - ptr;
    #####: 1052:    SbList <int32_t> dummyidx((int)(diff * 4));
call    0 never executed
branch  1 never executed (fallthrough)
branch  2 never executed (throw)
    #####: 1053:    const int32_t * tptr = ptr;
    #####: 1054:    while (tptr < end) {
branch  0 never executed
branch  1 never executed (fallthrough)
    #####: 1055:      int num = *tptr++;
    #####: 1056:      while (num--) {
branch  0 never executed
branch  1 never executed (fallthrough)
    #####: 1057:        dummyidx.append(idx++);
call    0 never executed
branch  1 never executed (fallthrough)
branch  2 never executed (throw)
        -: 1058:      }
    #####: 1059:      dummyidx.append(-1);
call    0 never executed
branch  1 never executed (fallthrough)
branch  2 never executed (throw)
        -: 1060:    }
    #####: 1061:    PRIVATE(this)->convexCache->generate(coords, modelmatrix,
call    0 never executed
call    1 never executed
call    2 never executed
branch  3 never executed (fallthrough)
branch  4 never executed (throw)
        -: 1062:                                dummyidx.getArrayPtr(), dummyidx.getLength(),
        -: 1063:                                NULL, NULL, NULL,
        -: 1064:                                mbind,
        -: 1065:                                nbind,
        -: 1066:                                tbind);
        -: 1067:
    #####: 1068:    PRIVATE(this)->writeUnlockConvexCache();
call    0 never executed
branch  1 never executed (fallthrough)
branch  2 never executed (throw)
    #####: 1069:    PRIVATE(this)->readLockConvexCache();
call    0 never executed
branch  1 never executed (fallthrough)
branch  2 never executed (throw)
    #####: 1070:  }
call    0 never executed
call    1 never executed
        -: 1071:
    #####: 1072:  mb.sendFirst(); // make sure we have the correct material
call    0 never executed
branch  1 never executed (fallthrough)
branch  2 never executed (throw)
        -: 1073:
        -: 1074:  // the convex data cache will change PER_VERTEX binding
        -: 1075:  // to PER_VERTEX_INDEXED. We must do so also.
    #####: 1076:  int realmbind = (int) mbind;
    #####: 1077:  int realnbind = (int) nbind;
        -: 1078:
        -: 1079:  // hack warning. We rely on PER_VERTEX_INDEXED == PER_VERTEX+1
        -: 1080:  // and PER_FACE_INDEXED == PER_FACE+1 in SoGL.cpp
    #####: 1081:  if (mbind == SoConvexDataCache::PER_VERTEX ||
branch  0 never executed (fallthrough)
branch  1 never executed
branch  2 never executed (fallthrough)
branch  3 never executed
    #####: 1082:      mbind == SoConvexDataCache::PER_FACE) realmbind++;
    #####: 1083:  if (nbind == SoConvexDataCache::PER_VERTEX ||
branch  0 never executed (fallthrough)
branch  1 never executed
branch  2 never executed (fallthrough)
branch  3 never executed
    #####: 1084:      nbind == SoConvexDataCache::PER_FACE) realnbind++;
        -: 1085:
    #####: 1086:  SoVertexAttributeBundle vab(action, TRUE);
call    0 never executed
branch  1 never executed (fallthrough)
branch  2 never executed (throw)
call    3 never executed
    #####: 1087:  SbBool doattribs = vab.doAttributes();
call    0 never executed
branch  1 never executed (fallthrough)
branch  2 never executed (throw)
        -: 1088:
        -: 1089:  SoVertexAttributeBindingElement::Binding attribbind = 
    #####: 1090:    SoVertexAttributeBindingElement::get(state);
call    0 never executed
branch  1 never executed (fallthrough)
branch  2 never executed (throw)
        -: 1091:
    #####: 1092:    if (!doattribs) { 
branch  0 never executed (fallthrough)
branch  1 never executed
        -: 1093:      // for overall attribute binding we check for doattribs before
        -: 1094:      // sending anything in SoGL::FaceSet::GLRender
    #####: 1095:      attribbind = SoVertexAttributeBindingElement::OVERALL;
        -: 1096:    }
        -: 1097:
        -: 1098:  // use the IndededFaceSet rendering method.
    #####: 1099:  sogl_render_faceset(sogl_glue_from_state(state),
branch  0 never executed (fallthrough)
branch  1 never executed
branch  2 never executed (fallthrough)
branch  3 never executed
call    4 never executed
branch  5 never executed (fallthrough)
branch  6 never executed (throw)
call    7 never executed
branch  8 never executed (fallthrough)
branch  9 never executed (throw)
        -: 1100:                      coords,
    #####: 1101:                      PRIVATE(this)->convexCache->getCoordIndices(),
call    0 never executed
branch  1 never executed (fallthrough)
branch  2 never executed (throw)
    #####: 1102:                      PRIVATE(this)->convexCache->getNumCoordIndices(),
call    0 never executed
branch  1 never executed (fallthrough)
branch  2 never executed (throw)
        -: 1103:                      normals,
    #####: 1104:                      PRIVATE(this)->convexCache->getNormalIndices(),
call    0 never executed
branch  1 never executed (fallthrough)
branch  2 never executed (throw)
        -: 1105:                      &mb,
    #####: 1106:                      PRIVATE(this)->convexCache->getMaterialIndices(),
call    0 never executed
branch  1 never executed (fallthrough)
branch  2 never executed (throw)
        -: 1107:                      &tb,
    #####: 1108:                      PRIVATE(this)->convexCache->getTexIndices(),
call    0 never executed
branch  1 never executed (fallthrough)
branch  2 never executed (throw)
        -: 1109:                      &vab,
        -: 1110:                      realnbind,
        -: 1111:                      realmbind,
        -: 1112:                      attribbind,
        -: 1113:                      doTextures ? 1 : 0,
        -: 1114:                      doattribs ? 1 : 0);
        -: 1115:
        -: 1116:
    #####: 1117:  if (nc) {
branch  0 never executed (fallthrough)
branch  1 never executed
    #####: 1118:    this->readUnlockNormalCache();
call    0 never executed
branch  1 never executed (fallthrough)
branch  2 never executed (throw)
        -: 1119:  }
        -: 1120:
    #####: 1121:  PRIVATE(this)->readUnlockConvexCache();
call    0 never executed
branch  1 never executed (fallthrough)
branch  2 never executed (throw)
        -: 1122:
    #####: 1123:  return TRUE;
call    0 never executed
    #####: 1124:}
call    0 never executed
call    1 never executed
call    2 never executed
call    3 never executed
call    4 never executed
call    5 never executed
        -: 1125:
        -: 1126:#undef PRIVATE
        -: 1127:#undef STATUS_UNKNOWN
        -: 1128:#undef STATUS_CONVEX
        -: 1129:#undef STATUS_CONCAV
        -: 1130:#undef UNKNOWN_TYPE
        -: 1131:#undef MIXED_TYPE
