        -:    0:Source:/home/runner/work/obol/obol/src/shapenodes/SoIndexedLineSet.cpp
        -:    0:Graph:/tmp/obol_cov5/src/CMakeFiles/Obol.dir/Unity/unity_73_cxx.cxx.gcno
        -:    0:Data:/tmp/obol_cov5/src/CMakeFiles/Obol.dir/Unity/unity_73_cxx.cxx.gcda
        -:    0:Runs:510
        -:    1:/**************************************************************************\
        -:    2: * Copyright (c) Kongsberg Oil & Gas Technologies AS
        -:    3: * All rights reserved.
        -:    4: * 
        -:    5: * Redistribution and use in source and binary forms, with or without
        -:    6: * modification, are permitted provided that the following conditions are
        -:    7: * met:
        -:    8: * 
        -:    9: * Redistributions of source code must retain the above copyright notice,
        -:   10: * this list of conditions and the following disclaimer.
        -:   11: * 
        -:   12: * Redistributions in binary form must reproduce the above copyright
        -:   13: * notice, this list of conditions and the following disclaimer in the
        -:   14: * documentation and/or other materials provided with the distribution.
        -:   15: * 
        -:   16: * Neither the name of the copyright holder nor the names of its
        -:   17: * contributors may be used to endorse or promote products derived from
        -:   18: * this software without specific prior written permission.
        -:   19: * 
        -:   20: * THIS SOFTWARE IS PROVIDED BY THE COPYRIGHT HOLDERS AND CONTRIBUTORS
        -:   21: * "AS IS" AND ANY EXPRESS OR IMPLIED WARRANTIES, INCLUDING, BUT NOT
        -:   22: * LIMITED TO, THE IMPLIED WARRANTIES OF MERCHANTABILITY AND FITNESS FOR
        -:   23: * A PARTICULAR PURPOSE ARE DISCLAIMED. IN NO EVENT SHALL THE COPYRIGHT
        -:   24: * HOLDER OR CONTRIBUTORS BE LIABLE FOR ANY DIRECT, INDIRECT, INCIDENTAL,
        -:   25: * SPECIAL, EXEMPLARY, OR CONSEQUENTIAL DAMAGES (INCLUDING, BUT NOT
        -:   26: * LIMITED TO, PROCUREMENT OF SUBSTITUTE GOODS OR SERVICES; LOSS OF USE,
        -:   27: * DATA, OR PROFITS; OR BUSINESS INTERRUPTION) HOWEVER CAUSED AND ON ANY
        -:   28: * THEORY OF LIABILITY, WHETHER IN CONTRACT, STRICT LIABILITY, OR TORT
        -:   29: * (INCLUDING NEGLIGENCE OR OTHERWISE) ARISING IN ANY WAY OUT OF THE USE
        -:   30: * OF THIS SOFTWARE, EVEN IF ADVISED OF THE POSSIBILITY OF SUCH DAMAGE.
        -:   31:\**************************************************************************/
        -:   32:
        -:   33:/*!
        -:   34:  \class SoIndexedLineSet SoIndexedLineSet.h Inventor/nodes/SoIndexedLineSet.h
        -:   35:  \brief The SoIndexedLineSet class is used to render and otherwise represent indexed lines.
        -:   36:
        -:   37:  \ingroup coin_nodes
        -:   38:
        -:   39:  The indexed counterpart of SoLineSet. Lines can be specified using
        -:   40:  indices for coordinates, normals, materials and texture coordinates.
        -:   41:
        -:   42:  If no normals are supplied on the stack (or in the vertexProperty
        -:   43:  field), the lines will be rendered with lighting disabled.
        -:   44:
        -:   45:  For more information about line sets, see documentation in
        -:   46:  SoLineSet.  For more information about indexed shapes, see
        -:   47:  documentation in SoIndexedShape and SoIndexedFaceSet.
        -:   48:
        -:   49:  <b>FILE FORMAT/DEFAULTS:</b>
        -:   50:  \code
        -:   51:    IndexedLineSet {
        -:   52:        vertexProperty NULL
        -:   53:        coordIndex 0
        -:   54:        materialIndex -1
        -:   55:        normalIndex -1
        -:   56:        textureCoordIndex -1
        -:   57:    }
        -:   58:  \endcode
        -:   59:
        -:   60:*/
        -:   61:
        -:   62:#include <Inventor/nodes/SoIndexedLineSet.h>
        -:   63:
        -:   64:#include <cassert>
        -:   65:
        -:   66:#include "config.h"
        -:   67:
        -:   68:#include <Inventor/SoPrimitiveVertex.h>
        -:   69:#include <Inventor/caches/SoNormalCache.h>
        -:   70:#include <Inventor/misc/SoState.h>
        -:   71:#include <Inventor/bundles/SoMaterialBundle.h>
        -:   72:#include <Inventor/actions/SoGLRenderAction.h>
        -:   73:#include <Inventor/actions/SoGetBoundingBoxAction.h>
        -:   74:#include <Inventor/system/gl.h>
        -:   75:#include <Inventor/actions/SoGetPrimitiveCountAction.h>
        -:   76:#include <Inventor/elements/SoNormalBindingElement.h>
        -:   77:#include <Inventor/elements/SoMaterialBindingElement.h>
        -:   78:#include <Inventor/elements/SoCoordinateElement.h>
        -:   79:#include <Inventor/elements/SoGLShapeHintsElement.h>
        -:   80:#include <Inventor/elements/SoTextureCoordinateBindingElement.h>
        -:   81:#include <Inventor/elements/SoDrawStyleElement.h>
        -:   82:#include <Inventor/elements/SoGLCoordinateElement.h>
        -:   83:#include <Inventor/elements/SoGLLazyElement.h>
        -:   84:#include <Inventor/elements/SoGLCacheContextElement.h>
        -:   85:#include <Inventor/elements/SoGLVBOElement.h>
        -:   86:#include <Inventor/elements/SoMultiTextureCoordinateElement.h>
        -:   87:#include <Inventor/elements/SoMultiTextureEnabledElement.h>
        -:   88:#include <Inventor/bundles/SoTextureCoordinateBundle.h>
        -:   89:#include <Inventor/details/SoLineDetail.h>
        -:   90:#include <Inventor/caches/SoBoundingBoxCache.h>
        -:   91:#include <Inventor/misc/SoGLDriverDatabase.h>
        -:   92:#include <Inventor/elements/SoCoordinateElement.h>
        -:   93:#include <Inventor/nodes/SoSeparator.h>
        -:   94:#include <Inventor/nodes/SoTransform.h>
        -:   95:#include <Inventor/nodes/SoCylinder.h>
        -:   96:#include <Inventor/SbRotation.h>
        -:   97:
        -:   98:#if OBOL_DEBUG
        -:   99:#include <Inventor/errors/SoDebugError.h>
        -:  100:#endif // OBOL_DEBUG
        -:  101:
        -:  102:#include "nodes/SoSubNodeP.h"
        -:  103:#include "rendering/SoGL.h"
        -:  104:#include "rendering/SoVertexArrayIndexer.h"
        -:  105:#include "rendering/SoVBO.h"
        -:  106:
        -:  107:
   23086*:  108:SO_NODE_SOURCE(SoIndexedLineSet);
------------------
_ZN16SoIndexedLineSet14createInstanceEPv:
function _ZN16SoIndexedLineSet14createInstanceEPv called 450 returned 100% blocks executed 71%
      450:  108:SO_NODE_SOURCE(SoIndexedLineSet);
call    0 returned 450
call    1 returned 450
branch  2 taken 450 (fallthrough)
branch  3 taken 0 (throw)
branch  4 never executed (fallthrough)
branch  5 never executed
call    6 never executed
------------------
_ZN16SoIndexedLineSet14atexit_cleanupEv:
function _ZN16SoIndexedLineSet14atexit_cleanupEv called 0 returned 0% blocks executed 0%
    #####:  108:SO_NODE_SOURCE(SoIndexedLineSet);
branch  0 never executed (fallthrough)
branch  1 never executed
call    2 never executed
call    3 never executed
call    4 never executed
branch  5 never executed (fallthrough)
branch  6 never executed (throw)
call    7 never executed
branch  8 never executed (fallthrough)
branch  9 never executed (throw)
call   10 never executed
call   11 never executed
call   12 never executed
------------------
_ZNK16SoIndexedLineSet12getFieldDataEv:
function _ZNK16SoIndexedLineSet12getFieldDataEv called 450 returned 100% blocks executed 100%
      450:  108:SO_NODE_SOURCE(SoIndexedLineSet);
------------------
_ZN16SoIndexedLineSet15getFieldDataPtrEv:
function _ZN16SoIndexedLineSet15getFieldDataPtrEv called 0 returned 0% blocks executed 0%
    #####:  108:SO_NODE_SOURCE(SoIndexedLineSet);
------------------
_ZNK16SoIndexedLineSet9getTypeIdEv:
function _ZNK16SoIndexedLineSet9getTypeIdEv called 21672 returned 100% blocks executed 100%
    21672:  108:SO_NODE_SOURCE(SoIndexedLineSet);
------------------
_ZN16SoIndexedLineSet14getClassTypeIdEv:
function _ZN16SoIndexedLineSet14getClassTypeIdEv called 514 returned 100% blocks executed 100%
      514:  108:SO_NODE_SOURCE(SoIndexedLineSet);
------------------
        -:  109:
        -:  110:
        -:  111:#define PRIVATE(obj) obj->pimpl
        -:  112:#define LOCK_VAINDEXER(obj) SoBase::staticDataLock()
        -:  113:#define UNLOCK_VAINDEXER(obj) SoBase::staticDataUnlock()
        -:  114:
        -:  115:class SoIndexedLineSetP {
        -:  116:public:
        -:  117:  SoVertexArrayIndexer * vaindexer;
        -:  118:};
        -:  119:
        -:  120:/*!
        -:  121:  Constructor.
        -:  122:*/
function _ZN16SoIndexedLineSetC2Ev called 520 returned 100% blocks executed 73%
      520:  123:SoIndexedLineSet::SoIndexedLineSet()
call    0 returned 520
        -:  124:{
      520:  125:  PRIVATE(this) = new SoIndexedLineSetP;
call    0 returned 520
branch  1 taken 520 (fallthrough)
branch  2 taken 0 (throw)
      520:  126:  PRIVATE(this)->vaindexer = NULL;
        -:  127:
     520*:  128:  SO_NODE_INTERNAL_CONSTRUCTOR(SoIndexedLineSet);
call    0 returned 520
branch  1 taken 520 (fallthrough)
branch  2 taken 0 (throw)
call    3 returned 520
branch  4 taken 520 (fallthrough)
branch  5 taken 0 (throw)
call    6 returned 520
branch  7 taken 520 (fallthrough)
branch  8 taken 0 (throw)
branch  9 taken 520 (fallthrough)
branch 10 taken 0
call   11 never executed
branch 12 taken 60 (fallthrough)
branch 13 taken 460
call   14 returned 60
branch 15 taken 60 (fallthrough)
branch 16 taken 0 (throw)
branch 17 taken 60 (fallthrough)
branch 18 taken 0
call   19 returned 60
branch 20 taken 60 (fallthrough)
branch 21 taken 0 (throw)
call   22 returned 520
branch 23 taken 520 (fallthrough)
branch 24 taken 0 (throw)
branch 25 never executed (fallthrough)
branch 26 never executed
call   27 never executed
      520:  129:}
call    0 never executed
        -:  130:
        -:  131:/*!
        -:  132:  Destructor.
        -:  133:*/
      140:  134:SoIndexedLineSet::~SoIndexedLineSet()
        -:  135:{
      70*:  136:  delete PRIVATE(this)->vaindexer;
       70:  137:  delete PRIVATE(this);
      140:  138:}
------------------
_ZN16SoIndexedLineSetD0Ev:
function _ZN16SoIndexedLineSetD0Ev called 70 returned 100% blocks executed 100%
       70:  134:SoIndexedLineSet::~SoIndexedLineSet()
        -:  135:{
        -:  136:  delete PRIVATE(this)->vaindexer;
        -:  137:  delete PRIVATE(this);
       70:  138:}
call    0 returned 70
call    1 returned 70
------------------
_ZN16SoIndexedLineSetD2Ev:
function _ZN16SoIndexedLineSetD2Ev called 70 returned 100% blocks executed 71%
       70:  134:SoIndexedLineSet::~SoIndexedLineSet()
        -:  135:{
      70*:  136:  delete PRIVATE(this)->vaindexer;
branch  0 taken 0 (fallthrough)
branch  1 taken 70
call    2 never executed
call    3 never executed
       70:  137:  delete PRIVATE(this);
branch  0 taken 70 (fallthrough)
branch  1 taken 0
call    2 returned 70
       70:  138:}
call    0 returned 70
------------------
        -:  139:
        -:  140:/*!
        -:  141:  \copydetails SoNode::initClass(void)
        -:  142:*/
        -:  143:void
function _ZN16SoIndexedLineSet9initClassEv called 510 returned 100% blocks executed 78%
      510:  144:SoIndexedLineSet::initClass(void)
        -:  145:{
     510*:  146:  SO_NODE_INTERNAL_INIT_CLASS(SoIndexedLineSet, SO_FROM_INVENTOR_1);
call    0 returned 510
call    1 returned 510
branch  2 taken 510 (fallthrough)
branch  3 taken 0
call    4 never executed
call    5 returned 510
branch  6 taken 510 (fallthrough)
branch  7 taken 0 (throw)
call    8 returned 510
branch  9 taken 510 (fallthrough)
branch 10 taken 0 (throw)
call   11 returned 510
branch 12 taken 510 (fallthrough)
branch 13 taken 0 (throw)
branch 14 taken 510 (fallthrough)
branch 15 taken 0
call   16 never executed
call   17 returned 510
call   18 returned 510
branch 19 taken 510 (fallthrough)
branch 20 taken 0 (throw)
call   21 returned 510
branch 22 taken 510 (fallthrough)
branch 23 taken 0 (throw)
call   24 returned 510
branch 25 taken 510 (fallthrough)
branch 26 taken 0 (throw)
call   27 returned 510
call   28 returned 510
call   29 returned 510
call   30 returned 510
call   31 returned 510
branch 32 taken 510 (fallthrough)
branch 33 taken 0 (throw)
call   34 returned 510
branch 35 taken 510 (fallthrough)
branch 36 taken 0 (throw)
call   37 never executed
call   38 never executed
call   39 never executed
      510:  147:}
        -:  148:
        -:  149://
        -:  150:// translates current material binding into the internal Binding enum
        -:  151://
        -:  152:SoIndexedLineSet::Binding
function _ZN16SoIndexedLineSet19findMaterialBindingEP7SoState called 1106 returned 100% blocks executed 54%
     1106:  153:SoIndexedLineSet::findMaterialBinding(SoState * state)
        -:  154:{
     1106:  155:  Binding binding = OVERALL;
        -:  156:  SoMaterialBindingElement::Binding matbind =
     1106:  157:    (SoMaterialBindingElement::Binding) SoMaterialBindingElement::get(state);
call    0 returned 1106
        -:  158:
     1106:  159:  switch (matbind) {
branch  0 taken 1086
branch  1 taken 10
branch  2 taken 0
branch  3 taken 10
branch  4 taken 0
branch  5 taken 0
branch  6 taken 0
branch  7 taken 0
     1086:  160:  case SoMaterialBindingElement::OVERALL:
     1086:  161:    binding = OVERALL;
     1086:  162:    break;
       10:  163:  case SoMaterialBindingElement::PER_VERTEX:
       10:  164:    binding = PER_VERTEX;
       10:  165:    break;
    #####:  166:  case SoMaterialBindingElement::PER_VERTEX_INDEXED:
    #####:  167:    binding = PER_VERTEX_INDEXED;
    #####:  168:    break;
       10:  169:  case SoMaterialBindingElement::PER_PART:
       10:  170:    binding = PER_SEGMENT;
       10:  171:    break;
    #####:  172:  case SoMaterialBindingElement::PER_PART_INDEXED:
    #####:  173:    binding = PER_SEGMENT_INDEXED;
    #####:  174:    break;
    #####:  175:  case SoMaterialBindingElement::PER_FACE:
    #####:  176:    binding = PER_LINE;
    #####:  177:    break;
    #####:  178:  case SoMaterialBindingElement::PER_FACE_INDEXED:
    #####:  179:    binding = PER_LINE_INDEXED;
    #####:  180:    break;
    #####:  181:  default:
        -:  182:#if OBOL_DEBUG
    #####:  183:    SoDebugError::postWarning("SoIndexedLineSet::findMaterialBinding",
call    0 never executed
        -:  184:                              "unknown material binding setting");
        -:  185:#endif // OBOL_DEBUG
    #####:  186:    break;
        -:  187:  }
     1106:  188:  return binding;
        -:  189:}
        -:  190:
        -:  191:
        -:  192://
        -:  193:// translates current normal binding into the internal Binding enum
        -:  194://
        -:  195:SoIndexedLineSet::Binding
function _ZN16SoIndexedLineSet17findNormalBindingEP7SoState called 1106 returned 100% blocks executed 38%
     1106:  196:SoIndexedLineSet::findNormalBinding(SoState* state)
        -:  197:{
     1106:  198:  Binding binding = PER_VERTEX_INDEXED;
        -:  199:  SoNormalBindingElement::Binding normbind =
     1106:  200:    (SoNormalBindingElement::Binding) SoNormalBindingElement::get(state);
call    0 returned 1106
        -:  201:
     1106:  202:  switch (normbind) {
branch  0 taken 0
branch  1 taken 0
branch  2 taken 1106
branch  3 taken 0
branch  4 taken 0
branch  5 taken 0
branch  6 taken 0
branch  7 taken 0
    #####:  203:  case SoNormalBindingElement::OVERALL:
    #####:  204:    binding = OVERALL;
    #####:  205:    break;
    #####:  206:  case SoNormalBindingElement::PER_VERTEX:
    #####:  207:    binding = PER_VERTEX;
    #####:  208:    break;
     1106:  209:  case SoNormalBindingElement::PER_VERTEX_INDEXED:
     1106:  210:    binding = PER_VERTEX_INDEXED;
     1106:  211:    break;
    #####:  212:  case SoNormalBindingElement::PER_PART:
    #####:  213:    binding = PER_SEGMENT;
    #####:  214:    break;
    #####:  215:  case SoNormalBindingElement::PER_PART_INDEXED:
    #####:  216:    binding = PER_SEGMENT_INDEXED;
    #####:  217:    break;
    #####:  218:  case SoNormalBindingElement::PER_FACE:
    #####:  219:    binding = PER_LINE;
    #####:  220:    break;
    #####:  221:  case SoNormalBindingElement::PER_FACE_INDEXED:
    #####:  222:    binding = PER_LINE_INDEXED;
    #####:  223:    break;
    #####:  224:  default:
        -:  225:#if OBOL_DEBUG
    #####:  226:    SoDebugError::postWarning("SoIndexedLineSet::findNormalBinding",
call    0 never executed
        -:  227:                              "unknown normal binding setting");
        -:  228:#endif // OBOL_DEBUG
    #####:  229:    break;
        -:  230:  }
     1106:  231:  return binding;
        -:  232:}
        -:  233:
        -:  234:
        -:  235:// doc from parent
        -:  236:void
function _ZN16SoIndexedLineSet8GLRenderEP16SoGLRenderAction called 867 returned 100% blocks executed 37%
      867:  237:SoIndexedLineSet::GLRender(SoGLRenderAction * action)
        -:  238:{
     867*:  239:  if (this->coordIndex.getNum() < 2) return;
call    0 returned 867
branch  1 taken 867 (fallthrough)
branch  2 taken 0 (throw)
branch  3 taken 0 (fallthrough)
branch  4 taken 867
      867:  240:  SoState * state = action->getState();
call    0 returned 867
branch  1 taken 867 (fallthrough)
branch  2 taken 0 (throw)
        -:  241:
      867:  242:  SbBool hasvp = FALSE;
        -:  243:
      867:  244:  if (this->vertexProperty.getValue()) {
call    0 returned 867
branch  1 taken 867 (fallthrough)
branch  2 taken 0 (throw)
branch  3 taken 0 (fallthrough)
branch  4 taken 867
    #####:  245:    hasvp = TRUE;
    #####:  246:    state->push();
call    0 never executed
branch  1 never executed (fallthrough)
branch  2 never executed (throw)
    #####:  247:    this->vertexProperty.getValue()->GLRender(action);
call    0 never executed
branch  1 never executed (fallthrough)
branch  2 never executed (throw)
call    3 never executed
branch  4 never executed (fallthrough)
branch  5 never executed (throw)
        -:  248:  }
        -:  249:
      867:  250:  if (!this->shouldGLRender(action)) {
call    0 returned 867
branch  1 taken 867 (fallthrough)
branch  2 taken 0 (throw)
branch  3 taken 0 (fallthrough)
branch  4 taken 867
    #####:  251:    if (hasvp)
branch  0 never executed (fallthrough)
branch  1 never executed
    #####:  252:      state->pop();
call    0 never executed
branch  1 never executed (fallthrough)
branch  2 never executed (throw)
    #####:  253:    return;
        -:  254:  }
        -:  255:
      867:  256:  Binding mbind = this->findMaterialBinding(state);
call    0 returned 867
branch  1 taken 867 (fallthrough)
branch  2 taken 0 (throw)
      867:  257:  Binding nbind = this->findNormalBinding(state);
call    0 returned 867
branch  1 taken 867 (fallthrough)
branch  2 taken 0 (throw)
        -:  258:
        -:  259:  const SoCoordinateElement * coords;
        -:  260:  const SbVec3f * normals;
        -:  261:  const int32_t * cindices;
        -:  262:  int numindices;
        -:  263:  const int32_t * nindices;
        -:  264:  const int32_t * tindices;
        -:  265:  const int32_t * mindices;
        -:  266:  SbBool doTextures;
        -:  267:  SbBool normalCacheUsed;
        -:  268:
      867:  269:  SoMaterialBundle mb(action);
call    0 returned 867
branch  1 taken 867 (fallthrough)
branch  2 taken 0 (throw)
        -:  270:
      867:  271:  SoTextureCoordinateBundle tb(action, TRUE, FALSE);
call    0 returned 867
branch  1 taken 867 (fallthrough)
branch  2 taken 0 (throw)
      867:  272:  doTextures = tb.needCoordinates();
call    0 returned 867
branch  1 taken 867 (fallthrough)
branch  2 taken 0 (throw)
     867*:  273:  SbBool sendNormals = !mb.isColorOnly() || tb.isFunction();
call    0 returned 867
branch  1 taken 867 (fallthrough)
branch  2 taken 0 (throw)
branch  3 taken 0 (fallthrough)
branch  4 taken 867
call    5 never executed
branch  6 never executed (fallthrough)
branch  7 never executed (throw)
branch  8 never executed (fallthrough)
branch  9 never executed
        -:  274:
      867:  275:  this->getVertexData(state, coords, normals, cindices,
call    0 returned 867
branch  1 taken 867 (fallthrough)
branch  2 taken 0 (throw)
        -:  276:                      nindices, tindices, mindices, numindices,
        -:  277:                      sendNormals, normalCacheUsed);
        -:  278:
      867:  279:  if (sendNormals && normals == NULL) {
branch  0 taken 867 (fallthrough)
branch  1 taken 0
branch  2 taken 867 (fallthrough)
branch  3 taken 0
      867:  280:    if (!hasvp) {
branch  0 taken 867 (fallthrough)
branch  1 taken 0
      867:  281:      state->push();
call    0 returned 867
branch  1 taken 867 (fallthrough)
branch  2 taken 0 (throw)
      867:  282:      hasvp = TRUE;
        -:  283:    }
      867:  284:    sendNormals = FALSE;
      867:  285:    SoLazyElement::setLightModel(state, SoLazyElement::BASE_COLOR);
call    0 returned 867
branch  1 taken 867 (fallthrough)
branch  2 taken 0 (throw)
        -:  286:  }
        -:  287:
      867:  288:  if (doTextures) {
branch  0 taken 15 (fallthrough)
branch  1 taken 852
       15:  289:    if (SoTextureCoordinateBindingElement::get(state) ==
call    0 returned 15
branch  1 taken 15 (fallthrough)
branch  2 taken 0 (throw)
branch  3 taken 15 (fallthrough)
branch  4 taken 0
        -:  290:        SoTextureCoordinateBindingElement::PER_VERTEX) {
       15:  291:      tindices = NULL; // just in case
        -:  292:    }
    #####:  293:    else if (tindices == NULL) {
branch  0 never executed (fallthrough)
branch  1 never executed
    #####:  294:      tindices = cindices;
        -:  295:    }
        -:  296:  }
        -:  297:
      867:  298:  mb.sendFirst(); // make sure we have the correct material
call    0 returned 867
branch  1 taken 867 (fallthrough)
branch  2 taken 0 (throw)
        -:  299:
      867:  300:  if (!sendNormals) nbind = OVERALL;
branch  0 taken 867 (fallthrough)
branch  1 taken 0
    #####:  301:  else if (nbind == OVERALL) {
branch  0 never executed (fallthrough)
branch  1 never executed
    #####:  302:    SoGLContext_glNormal3fv(sogl_glue_from_state(state), (const GLfloat *)normals);
call    0 never executed
branch  1 never executed (fallthrough)
branch  2 never executed (throw)
call    3 never executed
branch  4 never executed (fallthrough)
branch  5 never executed (throw)
        -:  303:  }
        -:  304:
        -:  305:  SbBool drawPoints =
      867:  306:    SoDrawStyleElement::get(state) == SoDrawStyleElement::POINTS;
call    0 returned 867
branch  1 taken 867 (fallthrough)
branch  2 taken 0 (throw)
        -:  307:
      867:  308:  const uint32_t contextid = action->getCacheContext();
call    0 returned 867
branch  1 taken 867 (fallthrough)
branch  2 taken 0 (throw)
      867:  309:  SoGLLazyElement * lelem = NULL;
        -:  310:
        -:  311:  SbBool dova =
     1734:  312:    !drawPoints &&
     867*:  313:    SoVBO::shouldRenderAsVertexArrays(state, contextid, numindices) &&
call    0 returned 867
branch  1 taken 867 (fallthrough)
branch  2 taken 0 (throw)
branch  3 taken 0 (fallthrough)
branch  4 taken 867
branch  5 never executed (fallthrough)
branch  6 never executed
    #####:  314:    ((nbind == OVERALL) || ((nbind == PER_VERTEX_INDEXED) && ((nindices == cindices) || (nindices == NULL)))) &&
branch  0 never executed (fallthrough)
branch  1 never executed
branch  2 never executed (fallthrough)
branch  3 never executed
branch  4 never executed (fallthrough)
branch  5 never executed
    #####:  315:    (!doTextures || (tindices == cindices)) &&
branch  0 never executed (fallthrough)
branch  1 never executed
branch  2 never executed (fallthrough)
branch  3 never executed
branch  4 never executed (fallthrough)
branch  5 never executed
    1734*:  316:    ((mbind == OVERALL) || ((mbind == PER_VERTEX_INDEXED) && ((mindices == cindices) || (mindices == NULL)))) &&
branch  0 taken 867 (fallthrough)
branch  1 taken 0
branch  2 never executed (fallthrough)
branch  3 never executed
branch  4 never executed (fallthrough)
branch  5 never executed
branch  6 never executed (fallthrough)
branch  7 never executed
     867*:  317:    SoGLDriverDatabase::isSupported(sogl_glue_instance(state), SO_GL_VERTEX_ARRAY);
call    0 never executed
branch  1 never executed (fallthrough)
branch  2 never executed (throw)
call    3 never executed
branch  4 never executed (fallthrough)
branch  5 never executed (throw)
call    6 never executed
branch  7 never executed (fallthrough)
branch  8 never executed (throw)
branch  9 never executed (fallthrough)
branch 10 never executed
branch 11 taken 0 (fallthrough)
branch 12 taken 867
call   13 never executed
branch 14 never executed (fallthrough)
branch 15 never executed
call   16 never executed
        -:  318:
      867:  319:  const SoGLVBOElement * vboelem = SoGLVBOElement::getInstance(state);
call    0 returned 867
branch  1 taken 867 (fallthrough)
branch  2 taken 0 (throw)
      867:  320:  SoVBO * colorvbo = NULL;
        -:  321:
      867:  322:  SbBool didrenderasvbo = FALSE;
     867*:  323:  if (dova && (mbind != OVERALL)) {
branch  0 taken 0 (fallthrough)
branch  1 taken 867
branch  2 never executed (fallthrough)
branch  3 never executed
    #####:  324:    dova = FALSE;
    #####:  325:    if ((mbind == PER_VERTEX_INDEXED) && ((mindices == cindices) || (mindices == NULL))) {
branch  0 never executed (fallthrough)
branch  1 never executed
branch  2 never executed (fallthrough)
branch  3 never executed
branch  4 never executed (fallthrough)
branch  5 never executed
    #####:  326:      lelem = (SoGLLazyElement*) SoLazyElement::getInstance(state);
call    0 never executed
branch  1 never executed (fallthrough)
branch  2 never executed (throw)
    #####:  327:      colorvbo = vboelem->getColorVBO();
call    0 never executed
branch  1 never executed (fallthrough)
branch  2 never executed (throw)
    #####:  328:      if (colorvbo) dova = TRUE;
branch  0 never executed (fallthrough)
branch  1 never executed
        -:  329:      else {
        -:  330:        // we might be able to do VA-rendering, but need to check the
        -:  331:        // diffuse color type first.
    #####:  332:        if (!lelem->isPacked() && lelem->getNumTransparencies() <= 1) {
call    0 never executed
branch  1 never executed (fallthrough)
branch  2 never executed (throw)
branch  3 never executed (fallthrough)
branch  4 never executed
call    5 never executed
branch  6 never executed (fallthrough)
branch  7 never executed (throw)
branch  8 never executed (fallthrough)
branch  9 never executed
branch 10 never executed (fallthrough)
branch 11 never executed
    #####:  333:          dova = TRUE;
        -:  334:        }
        -:  335:      }
        -:  336:    }
        -:  337:  }
      867:  338:  if (dova) {
branch  0 taken 0 (fallthrough)
branch  1 taken 867
    #####:  339:    SbBool dovbo = this->startVertexArray(action,
branch  0 never executed (fallthrough)
branch  1 never executed
call    2 never executed
branch  3 never executed (fallthrough)
branch  4 never executed (throw)
        -:  340:                                          coords,
        -:  341:                                          nbind != OVERALL ? normals : NULL,
        -:  342:                                          doTextures,
        -:  343:                                          mbind != OVERALL);
    #####:  344:    didrenderasvbo = dovbo;
        -:  345:
    #####:  346:    LOCK_VAINDEXER(this);
call    0 never executed
branch  1 never executed (fallthrough)
branch  2 never executed (throw)
    #####:  347:    if (PRIVATE(this)->vaindexer == NULL) {
branch  0 never executed (fallthrough)
branch  1 never executed
    #####:  348:      SoVertexArrayIndexer * indexer = new SoVertexArrayIndexer;
call    0 never executed
branch  1 never executed (fallthrough)
branch  2 never executed (throw)
call    3 never executed
branch  4 never executed (fallthrough)
branch  5 never executed (throw)
branch  6 never executed (fallthrough)
branch  7 never executed
call    8 never executed
    #####:  349:      int i = 0;
    #####:  350:      while (i < numindices) {
branch  0 never executed
branch  1 never executed (fallthrough)
    #####:  351:        int cnt = 0;
    #####:  352:        while (i + cnt < numindices && cindices[i+cnt] >= 0) cnt++;
branch  0 never executed (fallthrough)
branch  1 never executed
branch  2 never executed
branch  3 never executed (fallthrough)
    #####:  353:        if (cnt >= 2) {
branch  0 never executed (fallthrough)
branch  1 never executed
    #####:  354:          for (int j = 1; j < cnt;j++) {
branch  0 never executed
branch  1 never executed (fallthrough)
    #####:  355:            indexer->addLine(cindices[i+j-1],
    #####:  356:                             cindices[i+j]);
call    0 never executed
branch  1 never executed (fallthrough)
branch  2 never executed (throw)
        -:  357:          }
        -:  358:        }
    #####:  359:        i += cnt + 1;
        -:  360:      }
    #####:  361:      indexer->close();
call    0 never executed
branch  1 never executed (fallthrough)
branch  2 never executed (throw)
    #####:  362:      if (indexer->getNumVertices()) {
call    0 never executed
branch  1 never executed (fallthrough)
branch  2 never executed (throw)
branch  3 never executed (fallthrough)
branch  4 never executed
    #####:  363:        PRIVATE(this)->vaindexer = indexer;
        -:  364:      }
        -:  365:      else {
    #####:  366:        delete indexer;
branch  0 never executed (fallthrough)
branch  1 never executed
call    2 never executed
call    3 never executed
        -:  367:      }
        -:  368:    }
        -:  369:
    #####:  370:    if (PRIVATE(this)->vaindexer) {
branch  0 never executed (fallthrough)
branch  1 never executed
    #####:  371:      PRIVATE(this)->vaindexer->render(sogl_glue_instance(state), dovbo, contextid);
call    0 never executed
branch  1 never executed (fallthrough)
branch  2 never executed (throw)
call    3 never executed
branch  4 never executed (fallthrough)
branch  5 never executed (throw)
        -:  372:    }
    #####:  373:    UNLOCK_VAINDEXER(this);
call    0 never executed
branch  1 never executed (fallthrough)
branch  2 never executed (throw)
        -:  374:
    #####:  375:    this->finishVertexArray(action,
call    0 never executed
branch  1 never executed (fallthrough)
branch  2 never executed (throw)
        -:  376:                            dovbo,
        -:  377:                            nbind != OVERALL,
        -:  378:                            doTextures,
        -:  379:                            mbind != OVERALL);
        -:  380:  }
        -:  381:  else {
     867*:  382:    sogl_render_lineset(sogl_glue_from_state(state),
branch  0 taken 0 (fallthrough)
branch  1 taken 867
branch  2 taken 15 (fallthrough)
branch  3 taken 852
call    4 returned 867
branch  5 taken 867 (fallthrough)
branch  6 taken 0 (throw)
call    7 returned 867
branch  8 taken 867 (fallthrough)
branch  9 taken 0 (throw)
        -:  383:                        (SoGLCoordinateElement*)coords,
        -:  384:                        cindices,
        -:  385:                        numindices,
        -:  386:                        normals,
        -:  387:                        nindices,
        -:  388:                        &mb,
        -:  389:                        mindices,
        -:  390:                        &tb,
        -:  391:                        tindices,
        -:  392:                        (int)nbind,
        -:  393:                        (int)mbind,
        -:  394:                        doTextures ? 1 : 0,
        -:  395:                        drawPoints ? 1 : 0);
        -:  396:  }
        -:  397:
      867:  398:  if (hasvp) {
branch  0 taken 867 (fallthrough)
branch  1 taken 0
      867:  399:    state->pop();
call    0 returned 867
branch  1 taken 867 (fallthrough)
branch  2 taken 0 (throw)
        -:  400:  }
        -:  401:  // send approx number of lines for autocache handling
      867:  402:  sogl_autocache_update(state, this->coordIndex.getNum() / 2, didrenderasvbo);
call    0 returned 867
branch  1 taken 867 (fallthrough)
branch  2 taken 0 (throw)
call    3 returned 867
branch  4 taken 867 (fallthrough)
branch  5 taken 0 (throw)
      867:  403:}
call    0 returned 867
call    1 returned 867
call    2 never executed
call    3 never executed
        -:  404:
        -:  405:// Documented in superclass.
        -:  406:SbBool
function _ZN16SoIndexedLineSet22generateDefaultNormalsEP7SoStateP14SoNormalBundle called 0 returned 0% blocks executed 0%
    #####:  407:SoIndexedLineSet::generateDefaultNormals(SoState *, SoNormalBundle *)
        -:  408:{
    #####:  409:  return FALSE;
        -:  410:}
        -:  411:
        -:  412:// Documented in superclass.
        -:  413:SbBool
function _ZN16SoIndexedLineSet22generateDefaultNormalsEP7SoStateP13SoNormalCache called 303 returned 100% blocks executed 100%
      303:  414:SoIndexedLineSet::generateDefaultNormals(SoState * OBOL_UNUSED_ARG(state), SoNormalCache * nc)
        -:  415:{
        -:  416:  // not possible to generate normals for IndexedLineSet
      303:  417:  nc->set(0, NULL);
call    0 returned 303
      303:  418:  return TRUE;
        -:  419:}
        -:  420:
        -:  421:// doc from parent
        -:  422:void
function _ZN16SoIndexedLineSet14getBoundingBoxEP22SoGetBoundingBoxAction called 1088 returned 100% blocks executed 100%
     1088:  423:SoIndexedLineSet::getBoundingBox(SoGetBoundingBoxAction * action)
        -:  424:{
     1088:  425:  inherited::getBoundingBox(action);
call    0 returned 1088
        -:  426:  // notify open (if any) bbox caches about lines in this shape
     1088:  427:  SoBoundingBoxCache::setHasLinesOrPoints(action->getState());
call    0 returned 1088
call    1 returned 1088
     1088:  428:}
        -:  429:
        -:  430:// doc from parent
        -:  431:void
function _ZN16SoIndexedLineSet17getPrimitiveCountEP25SoGetPrimitiveCountAction called 0 returned 0% blocks executed 0%
    #####:  432:SoIndexedLineSet::getPrimitiveCount(SoGetPrimitiveCountAction *action)
        -:  433:{
    #####:  434:  if (!this->shouldPrimitiveCount(action)) return;
call    0 never executed
branch  1 never executed (fallthrough)
branch  2 never executed
        -:  435:
    #####:  436:  int n = this->coordIndex.getNum();
call    0 never executed
    #####:  437:  if (n < 2) return;
branch  0 never executed (fallthrough)
branch  1 never executed
        -:  438:
    #####:  439:  if (action->canApproximateCount()) {
call    0 never executed
branch  1 never executed (fallthrough)
branch  2 never executed
    #####:  440:    action->addNumLines(n/3);
call    0 never executed
        -:  441:  }
        -:  442:  else {
    #####:  443:    const int32_t * ptr = coordIndex.getValues(0);
call    0 never executed
    #####:  444:    const int32_t * endptr = ptr + n;
    #####:  445:    int cnt = 0;
    #####:  446:    int add = 0;
    #####:  447:    while (ptr < endptr) {
branch  0 never executed
branch  1 never executed (fallthrough)
    #####:  448:      if (*ptr++ >= 0) cnt++;
branch  0 never executed (fallthrough)
branch  1 never executed
        -:  449:      else {
    #####:  450:        add += cnt-1;
    #####:  451:        cnt = 0;
        -:  452:      }
        -:  453:    }
        -:  454:    // in case index array wasn't terminated by a -1
    #####:  455:    if (cnt >= 2) add += cnt-1;
branch  0 never executed (fallthrough)
branch  1 never executed
    #####:  456:    action->addNumLines(add);
call    0 never executed
        -:  457:  }
        -:  458:}
        -:  459:
        -:  460:// doc from parent
        -:  461:void
function _ZN16SoIndexedLineSet18generatePrimitivesEP8SoAction called 239 returned 100% blocks executed 31%
      239:  462:SoIndexedLineSet::generatePrimitives(SoAction *action)
        -:  463:{
     239*:  464:  if (this->coordIndex.getNum() < 2) return;
call    0 returned 239
branch  1 taken 239 (fallthrough)
branch  2 taken 0 (throw)
branch  3 taken 0 (fallthrough)
branch  4 taken 239
        -:  465:
      239:  466:  SoState * state = action->getState();
call    0 returned 239
branch  1 taken 239 (fallthrough)
branch  2 taken 0 (throw)
        -:  467:
      239:  468:  if (this->vertexProperty.getValue()) {
call    0 returned 239
branch  1 taken 239 (fallthrough)
branch  2 taken 0 (throw)
branch  3 taken 0 (fallthrough)
branch  4 taken 239
    #####:  469:    state->push();
call    0 never executed
branch  1 never executed (fallthrough)
branch  2 never executed (throw)
    #####:  470:    this->vertexProperty.getValue()->doAction(action);
call    0 never executed
branch  1 never executed (fallthrough)
branch  2 never executed (throw)
call    3 never executed
branch  4 never executed (fallthrough)
branch  5 never executed (throw)
        -:  471:  }
        -:  472:
      239:  473:  Binding mbind = this->findMaterialBinding(state);
call    0 returned 239
branch  1 taken 239 (fallthrough)
branch  2 taken 0 (throw)
      239:  474:  Binding nbind = this->findNormalBinding(state);
call    0 returned 239
branch  1 taken 239 (fallthrough)
branch  2 taken 0 (throw)
        -:  475:
        -:  476:  const SoCoordinateElement * coords;
        -:  477:  const SbVec3f * normals;
        -:  478:  const int32_t * cindices;
        -:  479:  int numindices;
        -:  480:  const int32_t * normindices;
        -:  481:  const int32_t * texindices;
        -:  482:  const int32_t * matindices;
        -:  483:  SbBool doTextures;
      239:  484:  SbBool sendNormals = TRUE;
        -:  485:  SbBool normalCacheUsed;
        -:  486:
      239:  487:  getVertexData(state, coords, normals, cindices,
call    0 returned 239
branch  1 taken 239 (fallthrough)
branch  2 taken 0 (throw)
        -:  488:                normindices, texindices, matindices, numindices,
        -:  489:                sendNormals, normalCacheUsed);
        -:  490:
      239:  491:  if (normals == NULL) {
branch  0 taken 239 (fallthrough)
branch  1 taken 0
      239:  492:    sendNormals = FALSE;
      239:  493:    nbind = OVERALL;
        -:  494:  }
        -:  495:
      239:  496:  SoTextureCoordinateBundle tb(action, FALSE, FALSE);
call    0 returned 239
branch  1 taken 239 (fallthrough)
branch  2 taken 0 (throw)
      239:  497:  doTextures = tb.needCoordinates();
call    0 returned 239
branch  1 taken 239 (fallthrough)
branch  2 taken 0 (throw)
        -:  498:
      239:  499:  if (doTextures) {
branch  0 taken 0 (fallthrough)
branch  1 taken 239
    #####:  500:    if (SoTextureCoordinateBindingElement::get(state) ==
call    0 never executed
branch  1 never executed (fallthrough)
branch  2 never executed (throw)
branch  3 never executed (fallthrough)
branch  4 never executed
        -:  501:        SoTextureCoordinateBindingElement::PER_VERTEX) {
    #####:  502:      texindices = NULL; // just in case
        -:  503:    }
    #####:  504:    else if (texindices == NULL) {
branch  0 never executed (fallthrough)
branch  1 never executed
    #####:  505:      texindices = cindices;
        -:  506:    }
        -:  507:  }
        -:  508:
     239*:  509:  if (mbind == PER_VERTEX_INDEXED && matindices == NULL) {
branch  0 taken 0 (fallthrough)
branch  1 taken 239
branch  2 never executed (fallthrough)
branch  3 never executed
    #####:  510:    matindices = cindices;
        -:  511:  }
     239*:  512:  if (nbind == PER_VERTEX_INDEXED && normindices == NULL) {
branch  0 taken 0 (fallthrough)
branch  1 taken 239
branch  2 never executed (fallthrough)
branch  3 never executed
    #####:  513:    normindices = cindices;
        -:  514:  }
      239:  515:  if (mbind == PER_VERTEX || mbind == PER_LINE || mbind == PER_SEGMENT) {
branch  0 taken 239 (fallthrough)
branch  1 taken 0
branch  2 taken 239 (fallthrough)
branch  3 taken 0
branch  4 taken 0 (fallthrough)
branch  5 taken 239
    #####:  516:    matindices = NULL;
        -:  517:  }
      239:  518:  if (nbind == PER_VERTEX || nbind == PER_LINE || nbind == PER_SEGMENT) {
branch  0 taken 239 (fallthrough)
branch  1 taken 0
branch  2 taken 239 (fallthrough)
branch  3 taken 0
branch  4 taken 0 (fallthrough)
branch  5 taken 239
    #####:  519:    normindices = NULL;
        -:  520:  }
        -:  521:
      239:  522:  if (nbind == OVERALL) normindices = NULL;
branch  0 taken 239 (fallthrough)
branch  1 taken 0
      239:  523:  if (mbind == OVERALL) matindices = NULL;
branch  0 taken 239 (fallthrough)
branch  1 taken 0
        -:  524:
      239:  525:  int matnr = 0;
      239:  526:  int normnr = 0;
      239:  527:  int texidx = 0;
        -:  528:  int32_t i;
      239:  529:  const int32_t *end = cindices + numindices;
        -:  530:
      239:  531:  SoPrimitiveVertex vertex;
call    0 returned 239
branch  1 taken 239 (fallthrough)
branch  2 taken 0 (throw)
      239:  532:  SoPointDetail pointDetail;
call    0 returned 239
branch  1 taken 239 (fallthrough)
branch  2 taken 0 (throw)
      239:  533:  SoLineDetail lineDetail;
call    0 returned 239
branch  1 taken 239 (fallthrough)
branch  2 taken 0 (throw)
        -:  534:
      239:  535:  vertex.setDetail(&pointDetail);
call    0 returned 239
        -:  536:
      239:  537:  SbVec3f dummynormal(0.0f, 0.0f, 1.0f);
call    0 returned 239
      239:  538:  const SbVec3f *currnormal = &dummynormal;
     239*:  539:  if (normals) currnormal = normals;
branch  0 taken 0 (fallthrough)
branch  1 taken 239
        -:  540:
      239:  541:  if (nbind == OVERALL) {
branch  0 taken 239 (fallthrough)
branch  1 taken 0
      239:  542:    vertex.setNormal(*currnormal);
call    0 returned 239
        -:  543:  }
        -:  544:
      239:  545:  if (mbind == PER_SEGMENT || mbind == PER_SEGMENT_INDEXED ||
branch  0 taken 239 (fallthrough)
branch  1 taken 0
branch  2 taken 239 (fallthrough)
branch  3 taken 0
branch  4 taken 239 (fallthrough)
branch  5 taken 0
      239:  546:      nbind == PER_SEGMENT || nbind == PER_SEGMENT_INDEXED) {
branch  0 taken 0 (fallthrough)
branch  1 taken 239
        -:  547:    int previ;
    #####:  548:    SbBool matPerPolyline = mbind == PER_LINE || mbind == PER_LINE_INDEXED;
branch  0 never executed (fallthrough)
branch  1 never executed
branch  2 never executed (fallthrough)
branch  3 never executed
    #####:  549:    SbBool normPerPolyline = nbind == PER_LINE || nbind == PER_LINE_INDEXED;
branch  0 never executed (fallthrough)
branch  1 never executed
branch  2 never executed (fallthrough)
branch  3 never executed
        -:  550:
    #####:  551:    this->beginShape(action, SoShape::LINES, &lineDetail);
call    0 never executed
branch  1 never executed (fallthrough)
branch  2 never executed (throw)
        -:  552:
    #####:  553:    while (cindices + 1 < end) { // need at least two vertices
branch  0 never executed
branch  1 never executed (fallthrough)
    #####:  554:      previ = *cindices++;
        -:  555:
    #####:  556:      if (matPerPolyline || mbind >= PER_VERTEX) {
branch  0 never executed (fallthrough)
branch  1 never executed
branch  2 never executed (fallthrough)
branch  3 never executed
    #####:  557:        if (matindices) vertex.setMaterialIndex(*matindices++);
branch  0 never executed (fallthrough)
branch  1 never executed
call    2 never executed
    #####:  558:        else vertex.setMaterialIndex(matnr++);
call    0 never executed
    #####:  559:        pointDetail.setMaterialIndex(vertex.getMaterialIndex());
call    0 never executed
call    1 never executed
branch  2 never executed (fallthrough)
branch  3 never executed (throw)
        -:  560:      }
    #####:  561:      if (normPerPolyline || nbind >= PER_VERTEX) {
branch  0 never executed (fallthrough)
branch  1 never executed
branch  2 never executed (fallthrough)
branch  3 never executed
    #####:  562:        if (normindices) {
branch  0 never executed (fallthrough)
branch  1 never executed
    #####:  563:          pointDetail.setNormalIndex(*normindices);
call    0 never executed
branch  1 never executed (fallthrough)
branch  2 never executed (throw)
    #####:  564:          currnormal = &normals[*normindices++];
        -:  565:        }
        -:  566:        else {
    #####:  567:          pointDetail.setNormalIndex(normnr);
call    0 never executed
branch  1 never executed (fallthrough)
branch  2 never executed (throw)
    #####:  568:          currnormal = &normals[normnr++];
        -:  569:        }
    #####:  570:        vertex.setNormal(*currnormal);
call    0 never executed
        -:  571:      }
    #####:  572:      if (doTextures) {
branch  0 never executed (fallthrough)
branch  1 never executed
    #####:  573:        if (tb.isFunction()) {
call    0 never executed
branch  1 never executed (fallthrough)
branch  2 never executed (throw)
branch  3 never executed (fallthrough)
branch  4 never executed
    #####:  574:          vertex.setTextureCoords(tb.get(coords->get3(previ), *currnormal));
call    0 never executed
branch  1 never executed (fallthrough)
branch  2 never executed (throw)
call    3 never executed
branch  4 never executed (fallthrough)
branch  5 never executed (throw)
call    6 never executed
        -:  575:        }
        -:  576:        else {
    #####:  577:          pointDetail.setTextureCoordIndex(texindices?*texindices:texidx);
branch  0 never executed (fallthrough)
branch  1 never executed
call    2 never executed
branch  3 never executed (fallthrough)
branch  4 never executed (throw)
    #####:  578:          vertex.setTextureCoords(tb.get(texindices?*texindices++:texidx++));
branch  0 never executed (fallthrough)
branch  1 never executed
call    2 never executed
branch  3 never executed (fallthrough)
branch  4 never executed (throw)
call    5 never executed
        -:  579:        }
        -:  580:      }
        -:  581:
    #####:  582:      while (cindices < end && (i = *cindices++) >= 0) {
branch  0 never executed (fallthrough)
branch  1 never executed
branch  2 never executed (fallthrough)
branch  3 never executed
branch  4 never executed
branch  5 never executed (fallthrough)
    #####:  583:        if (mbind == PER_SEGMENT || mbind == PER_SEGMENT_INDEXED) {
branch  0 never executed (fallthrough)
branch  1 never executed
branch  2 never executed (fallthrough)
branch  3 never executed
    #####:  584:          if (matindices) vertex.setMaterialIndex(*matindices++);
branch  0 never executed (fallthrough)
branch  1 never executed
call    2 never executed
    #####:  585:          else vertex.setMaterialIndex(matnr++);
call    0 never executed
    #####:  586:          pointDetail.setMaterialIndex(vertex.getMaterialIndex());
call    0 never executed
call    1 never executed
branch  2 never executed (fallthrough)
branch  3 never executed (throw)
        -:  587:        }
    #####:  588:        if (nbind == PER_SEGMENT || nbind == PER_SEGMENT_INDEXED) {
branch  0 never executed (fallthrough)
branch  1 never executed
branch  2 never executed (fallthrough)
branch  3 never executed
    #####:  589:          if (normindices) {
branch  0 never executed (fallthrough)
branch  1 never executed
    #####:  590:            pointDetail.setNormalIndex(*normindices);
call    0 never executed
branch  1 never executed (fallthrough)
branch  2 never executed (throw)
    #####:  591:            currnormal = &normals[*normindices++];
        -:  592:          }
        -:  593:          else {
    #####:  594:            pointDetail.setNormalIndex(normnr);
call    0 never executed
branch  1 never executed (fallthrough)
branch  2 never executed (throw)
    #####:  595:            currnormal = &normals[normnr++];
        -:  596:          }
    #####:  597:          vertex.setNormal(*currnormal);
call    0 never executed
        -:  598:        }
    #####:  599:        pointDetail.setCoordinateIndex(previ);
call    0 never executed
branch  1 never executed (fallthrough)
branch  2 never executed (throw)
    #####:  600:        vertex.setPoint(coords->get3(previ));
call    0 never executed
branch  1 never executed (fallthrough)
branch  2 never executed (throw)
call    3 never executed
    #####:  601:        this->shapeVertex(&vertex);
call    0 never executed
branch  1 never executed (fallthrough)
branch  2 never executed (throw)
        -:  602:
    #####:  603:        if (mbind >= PER_VERTEX) {
branch  0 never executed (fallthrough)
branch  1 never executed
    #####:  604:          if (matindices) vertex.setMaterialIndex(*matindices++);
branch  0 never executed (fallthrough)
branch  1 never executed
call    2 never executed
    #####:  605:          else vertex.setMaterialIndex(matnr++);
call    0 never executed
    #####:  606:          pointDetail.setMaterialIndex(vertex.getMaterialIndex());
call    0 never executed
call    1 never executed
branch  2 never executed (fallthrough)
branch  3 never executed (throw)
        -:  607:        }
    #####:  608:        if (nbind >= PER_VERTEX) {
branch  0 never executed (fallthrough)
branch  1 never executed
    #####:  609:          if (normindices) {
branch  0 never executed (fallthrough)
branch  1 never executed
    #####:  610:            pointDetail.setNormalIndex(*normindices);
call    0 never executed
branch  1 never executed (fallthrough)
branch  2 never executed (throw)
    #####:  611:            currnormal = &normals[*normindices++];
        -:  612:          }
        -:  613:          else {
    #####:  614:            pointDetail.setNormalIndex(normnr);
call    0 never executed
branch  1 never executed (fallthrough)
branch  2 never executed (throw)
    #####:  615:            currnormal = &normals[normnr++];
        -:  616:          }
    #####:  617:          vertex.setNormal(*currnormal);
call    0 never executed
        -:  618:        }
    #####:  619:        if (doTextures) {
branch  0 never executed (fallthrough)
branch  1 never executed
    #####:  620:          if (tb.isFunction()) {
call    0 never executed
branch  1 never executed (fallthrough)
branch  2 never executed (throw)
branch  3 never executed (fallthrough)
branch  4 never executed
    #####:  621:            vertex.setTextureCoords(tb.get(coords->get3(i), *currnormal));
call    0 never executed
branch  1 never executed (fallthrough)
branch  2 never executed (throw)
call    3 never executed
branch  4 never executed (fallthrough)
branch  5 never executed (throw)
call    6 never executed
        -:  622:          }
        -:  623:          else {
    #####:  624:            pointDetail.setTextureCoordIndex(texindices?*texindices:texidx);
branch  0 never executed (fallthrough)
branch  1 never executed
call    2 never executed
branch  3 never executed (fallthrough)
branch  4 never executed (throw)
    #####:  625:            vertex.setTextureCoords(tb.get(texindices?*texindices++:texidx++));
branch  0 never executed (fallthrough)
branch  1 never executed
call    2 never executed
branch  3 never executed (fallthrough)
branch  4 never executed (throw)
call    5 never executed
        -:  626:          }
        -:  627:        }
    #####:  628:        pointDetail.setCoordinateIndex(i);
call    0 never executed
branch  1 never executed (fallthrough)
branch  2 never executed (throw)
    #####:  629:        vertex.setPoint(coords->get3(i));
call    0 never executed
branch  1 never executed (fallthrough)
branch  2 never executed (throw)
call    3 never executed
    #####:  630:        this->shapeVertex(&vertex);
call    0 never executed
branch  1 never executed (fallthrough)
branch  2 never executed (throw)
    #####:  631:        lineDetail.incPartIndex();
call    0 never executed
branch  1 never executed (fallthrough)
branch  2 never executed (throw)
    #####:  632:        previ = i;
        -:  633:      }
    #####:  634:      lineDetail.incLineIndex();
call    0 never executed
branch  1 never executed (fallthrough)
branch  2 never executed (throw)
    #####:  635:      if (mbind == PER_VERTEX_INDEXED) matindices++;
branch  0 never executed (fallthrough)
branch  1 never executed
    #####:  636:      if (nbind == PER_VERTEX_INDEXED) normindices++;
branch  0 never executed (fallthrough)
branch  1 never executed
    #####:  637:      if (doTextures && texindices) texindices++;
branch  0 never executed (fallthrough)
branch  1 never executed
branch  2 never executed (fallthrough)
branch  3 never executed
        -:  638:    }
    #####:  639:    this->endShape();
call    0 never executed
branch  1 never executed (fallthrough)
branch  2 never executed (throw)
    #####:  640:    return;
        -:  641:  }
        -:  642:
      656:  643:  while (cindices + 1 < end) { // need at least two vertices
branch  0 taken 417
branch  1 taken 239 (fallthrough)
      417:  644:    this->beginShape(action, LINE_STRIP, &lineDetail);
call    0 returned 417
branch  1 taken 417 (fallthrough)
branch  2 taken 0 (throw)
      417:  645:    i = *cindices++;
     417*:  646:    assert(i >= 0);
branch  0 taken 0 (fallthrough)
branch  1 taken 417
call    2 never executed
      417:  647:    if (matindices) {
branch  0 taken 0 (fallthrough)
branch  1 taken 417
    #####:  648:      pointDetail.setMaterialIndex(*matindices);
call    0 never executed
branch  1 never executed (fallthrough)
branch  2 never executed (throw)
    #####:  649:      vertex.setMaterialIndex(*matindices++);
call    0 never executed
        -:  650:    }
      417:  651:    else if (mbind != OVERALL) {
branch  0 taken 0 (fallthrough)
branch  1 taken 417
    #####:  652:      pointDetail.setMaterialIndex(matnr);
call    0 never executed
branch  1 never executed (fallthrough)
branch  2 never executed (throw)
    #####:  653:      vertex.setMaterialIndex(matnr++);
call    0 never executed
        -:  654:    }
      417:  655:    if (normindices) {
branch  0 taken 0 (fallthrough)
branch  1 taken 417
    #####:  656:      pointDetail.setNormalIndex(*normindices);
call    0 never executed
branch  1 never executed (fallthrough)
branch  2 never executed (throw)
    #####:  657:      currnormal = &normals[*normindices++];
        -:  658:    }
      417:  659:    else if (nbind != OVERALL) {
branch  0 taken 0 (fallthrough)
branch  1 taken 417
    #####:  660:      pointDetail.setNormalIndex(normnr);
call    0 never executed
branch  1 never executed (fallthrough)
branch  2 never executed (throw)
    #####:  661:      currnormal = &normals[normnr++];
        -:  662:    }
      417:  663:    vertex.setNormal(*currnormal);
call    0 returned 417
      417:  664:    if (doTextures) {
branch  0 taken 0 (fallthrough)
branch  1 taken 417
    #####:  665:      if (tb.isFunction()) {
call    0 never executed
branch  1 never executed (fallthrough)
branch  2 never executed (throw)
branch  3 never executed (fallthrough)
branch  4 never executed
    #####:  666:        vertex.setTextureCoords(tb.get(coords->get3(i), *currnormal));
call    0 never executed
branch  1 never executed (fallthrough)
branch  2 never executed (throw)
call    3 never executed
branch  4 never executed (fallthrough)
branch  5 never executed (throw)
call    6 never executed
        -:  667:      }
        -:  668:      else {
    #####:  669:        pointDetail.setTextureCoordIndex(texindices?*texindices:texidx);
branch  0 never executed (fallthrough)
branch  1 never executed
call    2 never executed
branch  3 never executed (fallthrough)
branch  4 never executed (throw)
    #####:  670:        vertex.setTextureCoords(tb.get(texindices?*texindices++:texidx++));
branch  0 never executed (fallthrough)
branch  1 never executed
call    2 never executed
branch  3 never executed (fallthrough)
branch  4 never executed (throw)
call    5 never executed
        -:  671:      }
        -:  672:    }
      417:  673:    pointDetail.setCoordinateIndex(i);
call    0 returned 417
branch  1 taken 417 (fallthrough)
branch  2 taken 0 (throw)
      417:  674:    vertex.setPoint(coords->get3(i));
call    0 returned 417
branch  1 taken 417 (fallthrough)
branch  2 taken 0 (throw)
call    3 returned 417
      417:  675:    this->shapeVertex(&vertex);
call    0 returned 417
branch  1 taken 417 (fallthrough)
branch  2 taken 0 (throw)
        -:  676:
      417:  677:    i = *cindices++;
     417*:  678:    assert(i >= 0);
branch  0 taken 0 (fallthrough)
branch  1 taken 417
call    2 never executed
      417:  679:    if (mbind >= PER_VERTEX) {
branch  0 taken 0 (fallthrough)
branch  1 taken 417
    #####:  680:      if (matindices) vertex.setMaterialIndex(*matindices++);
branch  0 never executed (fallthrough)
branch  1 never executed
call    2 never executed
    #####:  681:      else vertex.setMaterialIndex(matnr++);
call    0 never executed
    #####:  682:      pointDetail.setMaterialIndex(vertex.getMaterialIndex());
call    0 never executed
call    1 never executed
branch  2 never executed (fallthrough)
branch  3 never executed (throw)
        -:  683:    }
      417:  684:    if (nbind >= PER_VERTEX) {
branch  0 taken 0 (fallthrough)
branch  1 taken 417
    #####:  685:      if (normindices) {
branch  0 never executed (fallthrough)
branch  1 never executed
    #####:  686:        pointDetail.setNormalIndex(*normindices);
call    0 never executed
branch  1 never executed (fallthrough)
branch  2 never executed (throw)
    #####:  687:        currnormal = &normals[*normindices++];
        -:  688:      }
        -:  689:      else {
    #####:  690:        pointDetail.setNormalIndex(normnr);
call    0 never executed
branch  1 never executed (fallthrough)
branch  2 never executed (throw)
    #####:  691:        currnormal = &normals[normnr++];
        -:  692:      }
    #####:  693:      vertex.setNormal(*currnormal);
call    0 never executed
        -:  694:    }
      417:  695:    if (doTextures) {
branch  0 taken 0 (fallthrough)
branch  1 taken 417
    #####:  696:      if (tb.isFunction()) {
call    0 never executed
branch  1 never executed (fallthrough)
branch  2 never executed (throw)
branch  3 never executed (fallthrough)
branch  4 never executed
    #####:  697:        vertex.setTextureCoords(tb.get(coords->get3(i), *currnormal));
call    0 never executed
branch  1 never executed (fallthrough)
branch  2 never executed (throw)
call    3 never executed
branch  4 never executed (fallthrough)
branch  5 never executed (throw)
call    6 never executed
        -:  698:      }
        -:  699:      else {
    #####:  700:        pointDetail.setTextureCoordIndex(texindices?*texindices:texidx);
branch  0 never executed (fallthrough)
branch  1 never executed
call    2 never executed
branch  3 never executed (fallthrough)
branch  4 never executed (throw)
    #####:  701:        vertex.setTextureCoords(tb.get(texindices?*texindices++:texidx++));
branch  0 never executed (fallthrough)
branch  1 never executed
call    2 never executed
branch  3 never executed (fallthrough)
branch  4 never executed (throw)
call    5 never executed
        -:  702:      }
        -:  703:    }
      417:  704:    pointDetail.setCoordinateIndex(i);
call    0 returned 417
branch  1 taken 417 (fallthrough)
branch  2 taken 0 (throw)
      417:  705:    vertex.setPoint(coords->get3(i));
call    0 returned 417
branch  1 taken 417 (fallthrough)
branch  2 taken 0 (throw)
call    3 returned 417
      417:  706:    this->shapeVertex(&vertex);
call    0 returned 417
branch  1 taken 417 (fallthrough)
branch  2 taken 0 (throw)
      417:  707:    lineDetail.incPartIndex();
call    0 returned 417
branch  1 taken 417 (fallthrough)
branch  2 taken 0 (throw)
        -:  708:
      440:  709:    while (cindices < end && (i = *cindices++) >= 0) {
branch  0 taken 440 (fallthrough)
branch  1 taken 0
branch  2 taken 23 (fallthrough)
branch  3 taken 417
branch  4 taken 23
branch  5 taken 417 (fallthrough)
      23*:  710:      assert(cindices <= end);
branch  0 taken 0 (fallthrough)
branch  1 taken 23
call    2 never executed
       23:  711:      if (mbind >= PER_VERTEX) {
branch  0 taken 0 (fallthrough)
branch  1 taken 23
    #####:  712:        if (matindices) vertex.setMaterialIndex(*matindices++);
branch  0 never executed (fallthrough)
branch  1 never executed
call    2 never executed
    #####:  713:        else vertex.setMaterialIndex(matnr++);
call    0 never executed
    #####:  714:        pointDetail.setMaterialIndex(vertex.getMaterialIndex());
call    0 never executed
call    1 never executed
branch  2 never executed (fallthrough)
branch  3 never executed (throw)
        -:  715:      }
       23:  716:      if (nbind >= PER_VERTEX) {
branch  0 taken 0 (fallthrough)
branch  1 taken 23
    #####:  717:        if (normindices) {
branch  0 never executed (fallthrough)
branch  1 never executed
    #####:  718:          pointDetail.setNormalIndex(*normindices);
call    0 never executed
branch  1 never executed (fallthrough)
branch  2 never executed (throw)
    #####:  719:          currnormal = &normals[*normindices++];
        -:  720:        }
        -:  721:        else {
    #####:  722:          pointDetail.setNormalIndex(normnr);
call    0 never executed
branch  1 never executed (fallthrough)
branch  2 never executed (throw)
    #####:  723:          currnormal = &normals[normnr++];
        -:  724:        }
    #####:  725:        vertex.setNormal(*currnormal);
call    0 never executed
        -:  726:      }
       23:  727:      if (doTextures) {
branch  0 taken 0 (fallthrough)
branch  1 taken 23
    #####:  728:        if (tb.isFunction()) {
call    0 never executed
branch  1 never executed (fallthrough)
branch  2 never executed (throw)
branch  3 never executed (fallthrough)
branch  4 never executed
    #####:  729:          vertex.setTextureCoords(tb.get(coords->get3(i), *currnormal));
call    0 never executed
branch  1 never executed (fallthrough)
branch  2 never executed (throw)
call    3 never executed
branch  4 never executed (fallthrough)
branch  5 never executed (throw)
call    6 never executed
        -:  730:        }
        -:  731:        else {
    #####:  732:          pointDetail.setTextureCoordIndex(texindices?*texindices:texidx);
branch  0 never executed (fallthrough)
branch  1 never executed
call    2 never executed
branch  3 never executed (fallthrough)
branch  4 never executed (throw)
    #####:  733:          vertex.setTextureCoords(tb.get(texindices?*texindices++:texidx++));
branch  0 never executed (fallthrough)
branch  1 never executed
call    2 never executed
branch  3 never executed (fallthrough)
branch  4 never executed (throw)
call    5 never executed
        -:  734:        }
        -:  735:      }
       23:  736:      pointDetail.setCoordinateIndex(i);
call    0 returned 23
branch  1 taken 23 (fallthrough)
branch  2 taken 0 (throw)
       23:  737:      vertex.setPoint(coords->get3(i));
call    0 returned 23
branch  1 taken 23 (fallthrough)
branch  2 taken 0 (throw)
call    3 returned 23
       23:  738:      this->shapeVertex(&vertex);
call    0 returned 23
branch  1 taken 23 (fallthrough)
branch  2 taken 0 (throw)
       23:  739:      lineDetail.incPartIndex();
call    0 returned 23
branch  1 taken 23 (fallthrough)
branch  2 taken 0 (throw)
        -:  740:    }
      417:  741:    this->endShape(); // end of line strip
call    0 returned 417
branch  1 taken 417 (fallthrough)
branch  2 taken 0 (throw)
     417*:  742:    if (mbind == PER_VERTEX_INDEXED) matindices++;
branch  0 taken 0 (fallthrough)
branch  1 taken 417
     417*:  743:    if (nbind == PER_VERTEX_INDEXED) normindices++;
branch  0 taken 0 (fallthrough)
branch  1 taken 417
     417*:  744:    if (doTextures && texindices) texindices++;
branch  0 taken 0 (fallthrough)
branch  1 taken 417
branch  2 never executed (fallthrough)
branch  3 never executed
      417:  745:    lineDetail.incLineIndex();
call    0 returned 417
branch  1 taken 417 (fallthrough)
branch  2 taken 0 (throw)
        -:  746:  }
        -:  747:
      239:  748:  if (this->vertexProperty.getValue()) {
call    0 returned 239
branch  1 taken 239 (fallthrough)
branch  2 taken 0 (throw)
branch  3 taken 0 (fallthrough)
branch  4 taken 239
    #####:  749:    state->pop();
call    0 never executed
branch  1 never executed (fallthrough)
branch  2 never executed (throw)
        -:  750:  }
      239:  751:}
call    0 returned 239
branch  1 taken 239 (fallthrough)
branch  2 taken 0
call    3 returned 239
branch  4 taken 239 (fallthrough)
branch  5 taken 0
call    6 returned 239
branch  7 taken 239 (fallthrough)
branch  8 taken 0
call    9 returned 239
branch 10 taken 239 (fallthrough)
branch 11 taken 0
call   12 never executed
call   13 never executed
call   14 never executed
call   15 never executed
        -:  752:
        -:  753:void
function _ZN16SoIndexedLineSet6notifyEP9SoNotList called 812 returned 100% blocks executed 78%
      812:  754:SoIndexedLineSet::notify(SoNotList * list)
        -:  755:{
      812:  756:  SoField *f = list->getLastField();
call    0 returned 812
      812:  757:  if (f == &this->coordIndex) {
branch  0 taken 812 (fallthrough)
branch  1 taken 0
      812:  758:    LOCK_VAINDEXER(this);
call    0 returned 812
     812*:  759:    delete PRIVATE(this)->vaindexer;
branch  0 taken 0 (fallthrough)
branch  1 taken 812
call    2 never executed
call    3 never executed
      812:  760:    PRIVATE(this)->vaindexer = NULL;
      812:  761:    UNLOCK_VAINDEXER(this);
call    0 returned 812
        -:  762:  }
      812:  763:  inherited::notify(list);
call    0 returned 812
      812:  764:}
        -:  765:
        -:  766:
        -:  767:#undef LOCK_VAINDEXER
        -:  768:#undef PRIVATE
        -:  769:#undef UNLOCK_VAINDEXER
        -:  770:
        -:  771:/*!
        -:  772:  Creates a scene graph of SoCylinder nodes that approximate this indexed line
        -:  773:  set for use in ray-tracing backends that cannot render line geometry directly.
        -:  774:
        -:  775:  Each line segment encoded in the coordIndex field is represented by a
        -:  776:  cylinder of radius \a cylRadius aligned along the segment and positioned at
        -:  777:  its midpoint.  The caller owns the returned separator and must unref it when
        -:  778:  done.
        -:  779:
        -:  780:  \a coords must be the coordinate element obtained from the traversal state.
        -:  781:
        -:  782:  Use SoLineSet::lineWidthToWorldRadius() to convert a pixel-space line width
        -:  783:  to an appropriate world-space cylinder radius for a given view.
        -:  784:
        -:  785:  \sa SoLineSet::createCylinderProxy(), SoLineSet::lineWidthToWorldRadius()
        -:  786:*/
        -:  787:SoSeparator *
function _ZNK16SoIndexedLineSet19createCylinderProxyEPK19SoCoordinateElementf called 0 returned 0% blocks executed 0%
    #####:  788:SoIndexedLineSet::createCylinderProxy(const SoCoordinateElement * coords,
        -:  789:                                      float cylRadius) const
        -:  790:{
    #####:  791:  SoSeparator * proxy = new SoSeparator;
call    0 never executed
call    1 never executed
branch  2 never executed (fallthrough)
branch  3 never executed (throw)
branch  4 never executed (fallthrough)
branch  5 never executed
call    6 never executed
    #####:  792:  proxy->ref();
call    0 never executed
        -:  793:
    #####:  794:  const int32_t * cidx = this->coordIndex.getValues(0);
call    0 never executed
    #####:  795:  const int n = this->coordIndex.getNum();
call    0 never executed
        -:  796:
    #####:  797:  int32_t prev = -1;
    #####:  798:  for (int i = 0; i <= n; ++i) {
branch  0 never executed
branch  1 never executed (fallthrough)
    #####:  799:    const int32_t ci = (i < n) ? cidx[i] : -1;
branch  0 never executed (fallthrough)
branch  1 never executed
    #####:  800:    if (ci < 0) {
branch  0 never executed (fallthrough)
branch  1 never executed
    #####:  801:      prev = -1;
    #####:  802:      continue;
        -:  803:    }
    #####:  804:    if (prev >= 0) {
branch  0 never executed (fallthrough)
branch  1 never executed
    #####:  805:      const SbVec3f a = coords->get3(prev);
call    0 never executed
branch  1 never executed (fallthrough)
branch  2 never executed (throw)
    #####:  806:      const SbVec3f b = coords->get3(ci);
call    0 never executed
branch  1 never executed (fallthrough)
branch  2 never executed (throw)
    #####:  807:      const SbVec3f diff = b - a;
call    0 never executed
    #####:  808:      const float segLen = diff.length();
call    0 never executed
branch  1 never executed (fallthrough)
branch  2 never executed (throw)
    #####:  809:      if (segLen >= 1e-6f) {
branch  0 never executed (fallthrough)
branch  1 never executed
    #####:  810:        SoSeparator * segSep = new SoSeparator;
call    0 never executed
branch  1 never executed (fallthrough)
branch  2 never executed (throw)
call    3 never executed
branch  4 never executed (fallthrough)
branch  5 never executed (throw)
branch  6 never executed (fallthrough)
branch  7 never executed
call    8 never executed
    #####:  811:        SoTransform * xf = new SoTransform;
call    0 never executed
branch  1 never executed (fallthrough)
branch  2 never executed (throw)
call    3 never executed
branch  4 never executed (fallthrough)
branch  5 never executed (throw)
branch  6 never executed (fallthrough)
branch  7 never executed
call    8 never executed
    #####:  812:        xf->translation.setValue((a + b) * 0.5f);
call    0 never executed
call    1 never executed
call    2 never executed
branch  3 never executed (fallthrough)
branch  4 never executed (throw)
    #####:  813:        xf->rotation.setValue(SbRotation(SbVec3f(0.0f, 1.0f, 0.0f),
call    0 never executed
call    1 never executed
branch  2 never executed (fallthrough)
branch  3 never executed (throw)
call    4 never executed
branch  5 never executed (fallthrough)
branch  6 never executed (throw)
    #####:  814:                                         diff / segLen));
call    0 never executed
    #####:  815:        segSep->addChild(xf);
call    0 never executed
branch  1 never executed (fallthrough)
branch  2 never executed (throw)
    #####:  816:        SoCylinder * cyl = new SoCylinder;
call    0 never executed
branch  1 never executed (fallthrough)
branch  2 never executed (throw)
call    3 never executed
branch  4 never executed (fallthrough)
branch  5 never executed (throw)
branch  6 never executed (fallthrough)
branch  7 never executed
call    8 never executed
    #####:  817:        cyl->radius.setValue(cylRadius);
call    0 never executed
branch  1 never executed (fallthrough)
branch  2 never executed (throw)
    #####:  818:        cyl->height.setValue(segLen);
call    0 never executed
branch  1 never executed (fallthrough)
branch  2 never executed (throw)
    #####:  819:        segSep->addChild(cyl);
call    0 never executed
branch  1 never executed (fallthrough)
branch  2 never executed (throw)
    #####:  820:        proxy->addChild(segSep);
call    0 never executed
branch  1 never executed (fallthrough)
branch  2 never executed (throw)
        -:  821:      }
        -:  822:    }
    #####:  823:    prev = ci;
        -:  824:  }
        -:  825:
    #####:  826:  proxy->unrefNoDelete();
call    0 never executed
    #####:  827:  return proxy;
        -:  828:}
