        -:    0:Source:/home/runner/work/obol/obol/include/Inventor/fields/SoSFNode.h
        -:    0:Graph:/tmp/obol_cov5/src/CMakeFiles/Obol.dir/Unity/unity_73_cxx.cxx.gcno
        -:    0:Data:/tmp/obol_cov5/src/CMakeFiles/Obol.dir/Unity/unity_73_cxx.cxx.gcda
        -:    0:Runs:510
        -:    1:// Important note: this sourcefile was in full generated by the
        -:    2:// Coin/scripts/templant script from the code in SFNodeAndEngine.tpl.
        -:    3:
        -:    4://$ BEGIN TEMPLATE SFNodeAndEngine(NODE, Node)
        -:    5:
        -:    6:/**************************************************************************\
        -:    7: * Copyright (c) Kongsberg Oil & Gas Technologies AS
        -:    8: * All rights reserved.
        -:    9: * 
        -:   10: * Redistribution and use in source and binary forms, with or without
        -:   11: * modification, are permitted provided that the following conditions are
        -:   12: * met:
        -:   13: * 
        -:   14: * Redistributions of source code must retain the above copyright notice,
        -:   15: * this list of conditions and the following disclaimer.
        -:   16: * 
        -:   17: * Redistributions in binary form must reproduce the above copyright
        -:   18: * notice, this list of conditions and the following disclaimer in the
        -:   19: * documentation and/or other materials provided with the distribution.
        -:   20: * 
        -:   21: * Neither the name of the copyright holder nor the names of its
        -:   22: * contributors may be used to endorse or promote products derived from
        -:   23: * this software without specific prior written permission.
        -:   24: * 
        -:   25: * THIS SOFTWARE IS PROVIDED BY THE COPYRIGHT HOLDERS AND CONTRIBUTORS
        -:   26: * "AS IS" AND ANY EXPRESS OR IMPLIED WARRANTIES, INCLUDING, BUT NOT
        -:   27: * LIMITED TO, THE IMPLIED WARRANTIES OF MERCHANTABILITY AND FITNESS FOR
        -:   28: * A PARTICULAR PURPOSE ARE DISCLAIMED. IN NO EVENT SHALL THE COPYRIGHT
        -:   29: * HOLDER OR CONTRIBUTORS BE LIABLE FOR ANY DIRECT, INDIRECT, INCIDENTAL,
        -:   30: * SPECIAL, EXEMPLARY, OR CONSEQUENTIAL DAMAGES (INCLUDING, BUT NOT
        -:   31: * LIMITED TO, PROCUREMENT OF SUBSTITUTE GOODS OR SERVICES; LOSS OF USE,
        -:   32: * DATA, OR PROFITS; OR BUSINESS INTERRUPTION) HOWEVER CAUSED AND ON ANY
        -:   33: * THEORY OF LIABILITY, WHETHER IN CONTRACT, STRICT LIABILITY, OR TORT
        -:   34: * (INCLUDING NEGLIGENCE OR OTHERWISE) ARISING IN ANY WAY OUT OF THE USE
        -:   35: * OF THIS SOFTWARE, EVEN IF ADVISED OF THE POSSIBILITY OF SUCH DAMAGE.
        -:   36:\**************************************************************************/
        -:   37:
        -:   38:#ifndef OBOL_SOSFNODE_H
        -:   39:#define OBOL_SOSFNODE_H
        -:   40:
        -:   41:#include <Inventor/fields/SoSField.h>
        -:   42:#include <Inventor/fields/SoSubField.h>
        -:   43:
        -:   44:class SoNode;
        -:   45:
        -:   46:
        -:   47:class OBOL_DLL_API SoSFNode : public SoSField {
        -:   48:  typedef SoSField inherited;
        -:   49:
function _ZNK8SoSFNode8getValueEv called 0 returned 0% blocks executed 0%
    #####:   50:  SO_SFIELD_HEADER(SoSFNode, SoNode *, SoNode *);
call    0 never executed
        -:   51:
        -:   52:public:
        -:   53:  static void initClass(void);
        -:   54:
        -:   55:  virtual void fixCopy(SbBool copyconnections);
        -:   56:  virtual SbBool referencesCopy(void) const;
        -:   57:
        -:   58:private:
        -:   59:  virtual void countWriteRefs(SoOutput * out) const;
        -:   60:
        -:   61:  // For accessing the readValue() and writeValue() methods.
        -:   62:  friend class SoMFNode;
        -:   63:};
        -:   64:
        -:   65:#endif // !OBOL_SOSFNODE_H
        -:   66://$ END TEMPLATE SFNodeAndEngine
